#
# There is insufficient memory for the Java Runtime Environment to continue.
# Native memory allocation (malloc) failed to allocate 1563216 bytes for Chunk::new
# Possible reasons:
#   The system is out of physical RAM or swap space
#   In 32 bit mode, the process size limit was hit
# Possible solutions:
#   Reduce memory load on the system
#   Increase physical memory or swap space
#   Check if swap backing store is full
#   Use 64 bit Java on a 64 bit OS
#   Decrease Java heap size (-Xmx/-Xms)
#   Decrease number of Java threads
#   Decrease Java thread stack sizes (-Xss)
#   Set larger code cache with -XX:ReservedCodeCacheSize=
# This output file may be truncated or incomplete.
#
#  Out of Memory Error (allocation.cpp:390), pid=10456, tid=0x0000000000000de4
#
# JRE version: OpenJDK Runtime Environment (8.0_112-b06) (build 1.8.0_112-release-b06)
# Java VM: OpenJDK 64-Bit Server VM (25.112-b06 mixed mode windows-amd64 compressed oops)
# Failed to write core dump. Minidumps are not enabled by default on client versions of Windows
#

---------------  T H R E A D  ---------------

Current thread (0x000000001bef9800):  JavaThread "C2 CompilerThread0" daemon [_thread_in_native, id=3556, stack(0x000000001d540000,0x000000001d640000)]

Stack: [0x000000001d540000,0x000000001d640000]
[error occurred during error reporting (printing stack bounds), id 0xc0000005]

Native frames: (J=compiled Java code, j=interpreted, Vv=VM code, C=native code)


Current CompileTask:
C2:   7279 1972   !   4       com.android.dx.cf.code.RopperMachine::run (1550 bytes)


---------------  P R O C E S S  ---------------

Java Threads: ( => current thread )
  0x000000001dfeb800 JavaThread "pool-2-thread-4" [_thread_in_Java, id=3564, stack(0x000000001ea40000,0x000000001eb40000)]
  0x000000001dfea800 JavaThread "pool-2-thread-3" [_thread_in_Java, id=4352, stack(0x000000001e940000,0x000000001ea40000)]
  0x000000001de70000 JavaThread "pool-2-thread-2" [_thread_in_Java, id=7096, stack(0x000000001e840000,0x000000001e940000)]
  0x000000001de6d800 JavaThread "pool-3-thread-1" [_thread_blocked, id=15116, stack(0x000000001e740000,0x000000001e840000)]
  0x000000001dec5800 JavaThread "pool-2-thread-1" [_thread_in_Java, id=12096, stack(0x000000001e640000,0x000000001e740000)]
  0x000000001bf04800 JavaThread "Service Thread" daemon [_thread_blocked, id=14368, stack(0x000000001dc40000,0x000000001dd40000)]
  0x000000001bf02000 JavaThread "C1 CompilerThread2" daemon [_thread_blocked, id=7852, stack(0x000000001d740000,0x000000001d840000)]
  0x000000001befb000 JavaThread "C2 CompilerThread1" daemon [_thread_in_native, id=12780, stack(0x000000001d640000,0x000000001d740000)]
=>0x000000001bef9800 JavaThread "C2 CompilerThread0" daemon [_thread_in_native, id=3556, stack(0x000000001d540000,0x000000001d640000)]
  0x000000001bf08800 JavaThread "Attach Listener" daemon [_thread_blocked, id=16892, stack(0x000000001d440000,0x000000001d540000)]
  0x000000001bf07800 JavaThread "Signal Dispatcher" daemon [_thread_blocked, id=10008, stack(0x000000001d340000,0x000000001d440000)]
  0x000000001bee8800 JavaThread "Finalizer" daemon [_thread_blocked, id=11716, stack(0x000000001d150000,0x000000001d250000)]
  0x0000000001372800 JavaThread "Reference Handler" daemon [_thread_blocked, id=1852, stack(0x000000001d050000,0x000000001d150000)]
  0x0000000001280800 JavaThread "main" [_thread_in_native, id=4140, stack(0x0000000001180000,0x0000000001280000)]

Other Threads:
  0x000000001bec5000 VMThread [stack: 0x000000001cf50000,0x000000001d050000] [id=1488]
  0x000000001d863800 WatcherThread [stack: 0x000000001dd40000,0x000000001de40000] [id=14088]

VM state:not at safepoint (normal execution)

VM Mutex/Monitor currently owned by a thread: None

Heap:
 PSYoungGen      total 294912K, used 146240K [0x000000076ab00000, 0x0000000791300000, 0x00000007c0000000)
  eden space 262144K, 53% used [0x000000076ab00000,0x00000007732da210,0x000000077ab00000)
  from space 32768K, 21% used [0x000000077ab00000,0x000000077b1f5fb8,0x000000077cb00000)
  to   space 53248K, 0% used [0x000000078df00000,0x000000078df00000,0x0000000791300000)
 ParOldGen       total 172544K, used 87051K [0x00000006c0000000, 0x00000006ca880000, 0x000000076ab00000)
  object space 172544K, 50% used [0x00000006c0000000,0x00000006c5502c28,0x00000006ca880000)
 Metaspace       used 6367K, capacity 7280K, committed 7552K, reserved 1056768K
  class space    used 586K, capacity 616K, committed 640K, reserved 1048576K

Card table byte_map: [0x0000000001740000,0x0000000001f50000] byte_map_base: 0xfffffffffe140000

Marking Bits: (ParMarkBitMap*) 0x0000000076b718f0
 Begin Bits: [0x0000000012d60000, 0x0000000016d60000)
 End Bits:   [0x0000000016d60000, 0x000000001ad60000)

Polling page: 0x0000000000cc0000

CodeCache: size=245760Kb used=8808Kb max_used=8808Kb free=236952Kb
 bounds [0x0000000003400000, 0x0000000003cb0000, 0x0000000012400000]
 total_blobs=2339 nmethods=2076 adapters=176
 compilation: enabled

Compilation events (10 events):
Event: 7.244 Thread 0x000000001bf02000 2166       2       com.android.dx.cf.code.SwitchList::setDefaultTarget (51 bytes)
Event: 7.244 Thread 0x000000001bf02000 nmethod 2166 0x0000000003c9b8d0 code [0x0000000003c9ba80, 0x0000000003c9be18]
Event: 7.244 Thread 0x000000001bf02000 2167       1       com.android.dx.cf.code.SwitchList::getValues (5 bytes)
Event: 7.244 Thread 0x000000001bf02000 nmethod 2167 0x0000000003c9c050 code [0x0000000003c9c1a0, 0x0000000003c9c2b0]
Event: 7.245 Thread 0x000000001bf02000 2168 %     3       com.android.dx.ssa.back.FirstFitLocalCombiningAllocator::processPhiInsn @ 88 (255 bytes)
Event: 7.248 Thread 0x000000001bf02000 nmethod 2168% 0x0000000003c9c310 code [0x0000000003c9c700, 0x0000000003c9ed98]
Event: 7.248 Thread 0x000000001bf02000 2169       1       com.android.dx.rop.code.SwitchInsn::getCases (5 bytes)
Event: 7.249 Thread 0x000000001bf02000 nmethod 2169 0x0000000003ca0750 code [0x0000000003ca08a0, 0x0000000003ca09b0]
Event: 7.249 Thread 0x000000001bf02000 2170       1       com.android.dx.dex.code.SwitchData::isPacked (5 bytes)
Event: 7.249 Thread 0x000000001bf02000 nmethod 2170 0x0000000003ca0a10 code [0x0000000003ca0b60, 0x0000000003ca0c70]

GC Heap History (10 events):
Event: 2.022 GC heap before
{Heap before GC invocations=4 (full 0):
 PSYoungGen      total 71680K, used 71659K [0x000000076ab00000, 0x0000000773700000, 0x00000007c0000000)
  eden space 66560K, 100% used [0x000000076ab00000,0x000000076ec00000,0x000000076ec00000)
  from space 5120K, 99% used [0x000000076ec00000,0x000000076f0facc0,0x000000076f100000)
  to   space 5120K, 0% used [0x0000000773200000,0x0000000773200000,0x0000000773700000)
 ParOldGen       total 87552K, used 8795K [0x00000006c0000000, 0x00000006c5580000, 0x000000076ab00000)
  object space 87552K, 10% used [0x00000006c0000000,0x00000006c0896d58,0x00000006c5580000)
 Metaspace       used 6212K, capacity 7152K, committed 7296K, reserved 1056768K
  class space    used 585K, capacity 616K, committed 640K, reserved 1048576K
Event: 2.049 GC heap after
Heap after GC invocations=4 (full 0):
 PSYoungGen      total 138240K, used 5112K [0x000000076ab00000, 0x0000000773700000, 0x00000007c0000000)
  eden space 133120K, 0% used [0x000000076ab00000,0x000000076ab00000,0x0000000772d00000)
  from space 5120K, 99% used [0x0000000773200000,0x00000007736fe070,0x0000000773700000)
  to   space 5120K, 0% used [0x0000000772d00000,0x0000000772d00000,0x0000000773200000)
 ParOldGen       total 87552K, used 18966K [0x00000006c0000000, 0x00000006c5580000, 0x000000076ab00000)
  object space 87552K, 21% used [0x00000006c0000000,0x00000006c1285a28,0x00000006c5580000)
 Metaspace       used 6212K, capacity 7152K, committed 7296K, reserved 1056768K
  class space    used 585K, capacity 616K, committed 640K, reserved 1048576K
}
Event: 2.935 GC heap before
{Heap before GC invocations=5 (full 0):
 PSYoungGen      total 138240K, used 138232K [0x000000076ab00000, 0x0000000773700000, 0x00000007c0000000)
  eden space 133120K, 100% used [0x000000076ab00000,0x0000000772d00000,0x0000000772d00000)
  from space 5120K, 99% used [0x0000000773200000,0x00000007736fe070,0x0000000773700000)
  to   space 5120K, 0% used [0x0000000772d00000,0x0000000772d00000,0x0000000773200000)
 ParOldGen       total 87552K, used 18966K [0x00000006c0000000, 0x00000006c5580000, 0x000000076ab00000)
  object space 87552K, 21% used [0x00000006c0000000,0x00000006c1285a28,0x00000006c5580000)
 Metaspace       used 6287K, capacity 7216K, committed 7296K, reserved 1056768K
  class space    used 585K, capacity 616K, committed 640K, reserved 1048576K
Event: 3.007 GC heap after
Heap after GC invocations=5 (full 0):
 PSYoungGen      total 138240K, used 5102K [0x000000076ab00000, 0x000000077e700000, 0x00000007c0000000)
  eden space 133120K, 0% used [0x000000076ab00000,0x000000076ab00000,0x0000000772d00000)
  from space 5120K, 99% used [0x0000000772d00000,0x00000007731fb8a8,0x0000000773200000)
  to   space 28672K, 0% used [0x000000077cb00000,0x000000077cb00000,0x000000077e700000)
 ParOldGen       total 87552K, used 38781K [0x00000006c0000000, 0x00000006c5580000, 0x000000076ab00000)
  object space 87552K, 44% used [0x00000006c0000000,0x00000006c25df668,0x00000006c5580000)
 Metaspace       used 6287K, capacity 7216K, committed 7296K, reserved 1056768K
  class space    used 585K, capacity 616K, committed 640K, reserved 1048576K
}
Event: 3.759 GC heap before
{Heap before GC invocations=6 (full 0):
 PSYoungGen      total 138240K, used 138222K [0x000000076ab00000, 0x000000077e700000, 0x00000007c0000000)
  eden space 133120K, 100% used [0x000000076ab00000,0x0000000772d00000,0x0000000772d00000)
  from space 5120K, 99% used [0x0000000772d00000,0x00000007731fb8a8,0x0000000773200000)
  to   space 28672K, 0% used [0x000000077cb00000,0x000000077cb00000,0x000000077e700000)
 ParOldGen       total 87552K, used 38781K [0x00000006c0000000, 0x00000006c5580000, 0x000000076ab00000)
  object space 87552K, 44% used [0x00000006c0000000,0x00000006c25df668,0x00000006c5580000)
 Metaspace       used 6332K, capacity 7216K, committed 7296K, reserved 1056768K
  class space    used 585K, capacity 616K, committed 640K, reserved 1048576K
Event: 3.821 GC heap after
Heap after GC invocations=6 (full 0):
 PSYoungGen      total 290816K, used 23325K [0x000000076ab00000, 0x000000077ef00000, 0x00000007c0000000)
  eden space 262144K, 0% used [0x000000076ab00000,0x000000076ab00000,0x000000077ab00000)
  from space 28672K, 81% used [0x000000077cb00000,0x000000077e1c74b0,0x000000077e700000)
  to   space 32768K, 0% used [0x000000077ab00000,0x000000077ab00000,0x000000077cb00000)
 ParOldGen       total 87552K, used 38781K [0x00000006c0000000, 0x00000006c5580000, 0x000000076ab00000)
  object space 87552K, 44% used [0x00000006c0000000,0x00000006c25df668,0x00000006c5580000)
 Metaspace       used 6332K, capacity 7216K, committed 7296K, reserved 1056768K
  class space    used 585K, capacity 616K, committed 640K, reserved 1048576K
}
Event: 5.464 GC heap before
{Heap before GC invocations=7 (full 0):
 PSYoungGen      total 290816K, used 285469K [0x000000076ab00000, 0x000000077ef00000, 0x00000007c0000000)
  eden space 262144K, 100% used [0x000000076ab00000,0x000000077ab00000,0x000000077ab00000)
  from space 28672K, 81% used [0x000000077cb00000,0x000000077e1c74b0,0x000000077e700000)
  to   space 32768K, 0% used [0x000000077ab00000,0x000000077ab00000,0x000000077cb00000)
 ParOldGen       total 87552K, used 38781K [0x00000006c0000000, 0x00000006c5580000, 0x000000076ab00000)
  object space 87552K, 44% used [0x00000006c0000000,0x00000006c25df668,0x00000006c5580000)
 Metaspace       used 6355K, capacity 7216K, committed 7296K, reserved 1056768K
  class space    used 586K, capacity 616K, committed 640K, reserved 1048576K
Event: 5.665 GC heap after
Heap after GC invocations=7 (full 0):
 PSYoungGen      total 294912K, used 32753K [0x000000076ab00000, 0x0000000791300000, 0x00000007c0000000)
  eden space 262144K, 0% used [0x000000076ab00000,0x000000076ab00000,0x000000077ab00000)
  from space 32768K, 99% used [0x000000077ab00000,0x000000077cafc520,0x000000077cb00000)
  to   space 53248K, 0% used [0x000000078df00000,0x000000078df00000,0x0000000791300000)
 ParOldGen       total 87552K, used 65317K [0x00000006c0000000, 0x00000006c5580000, 0x000000076ab00000)
  object space 87552K, 74% used [0x00000006c0000000,0x00000006c3fc9500,0x00000006c5580000)
 Metaspace       used 6355K, capacity 7216K, committed 7296K, reserved 1056768K
  class space    used 586K, capacity 616K, committed 640K, reserved 1048576K
}
Event: 5.665 GC heap before
{Heap before GC invocations=8 (full 1):
 PSYoungGen      total 294912K, used 32753K [0x000000076ab00000, 0x0000000791300000, 0x00000007c0000000)
  eden space 262144K, 0% used [0x000000076ab00000,0x000000076ab00000,0x000000077ab00000)
  from space 32768K, 99% used [0x000000077ab00000,0x000000077cafc520,0x000000077cb00000)
  to   space 53248K, 0% used [0x000000078df00000,0x000000078df00000,0x0000000791300000)
 ParOldGen       total 87552K, used 65317K [0x00000006c0000000, 0x00000006c5580000, 0x000000076ab00000)
  object space 87552K, 74% used [0x00000006c0000000,0x00000006c3fc9500,0x00000006c5580000)
 Metaspace       used 6355K, capacity 7216K, committed 7296K, reserved 1056768K
  class space    used 586K, capacity 616K, committed 640K, reserved 1048576K
Event: 6.808 GC heap after
Heap after GC invocations=8 (full 1):
 PSYoungGen      total 294912K, used 7127K [0x000000076ab00000, 0x0000000791300000, 0x00000007c0000000)
  eden space 262144K, 0% used [0x000000076ab00000,0x000000076ab00000,0x000000077ab00000)
  from space 32768K, 21% used [0x000000077ab00000,0x000000077b1f5fb8,0x000000077cb00000)
  to   space 53248K, 0% used [0x000000078df00000,0x000000078df00000,0x0000000791300000)
 ParOldGen       total 172544K, used 87051K [0x00000006c0000000, 0x00000006ca880000, 0x000000076ab00000)
  object space 172544K, 50% used [0x00000006c0000000,0x00000006c5502c28,0x00000006ca880000)
 Metaspace       used 6355K, capacity 7216K, committed 7296K, reserved 1056768K
  class space    used 586K, capacity 616K, committed 640K, reserved 1048576K
}

Deoptimization events (10 events):
Event: 2.058 Thread 0x000000001dec5800 Uncommon trap: reason=bimorphic action=maybe_recompile pc=0x0000000003acd040 method=com.android.dx.cf.code.BytecodeArray.parseInstruction(ILcom/android/dx/cf/code/BytecodeArray$Visitor;)I @ 2484
Event: 2.059 Thread 0x000000001dec5800 Uncommon trap: reason=bimorphic action=maybe_recompile pc=0x0000000003acd040 method=com.android.dx.cf.code.BytecodeArray.parseInstruction(ILcom/android/dx/cf/code/BytecodeArray$Visitor;)I @ 2484
Event: 2.106 Thread 0x0000000001280800 Uncommon trap: reason=unstable_if action=reinterpret pc=0x0000000003ab3d88 method=com.android.dx.ssa.SCCP.simulateBranch(Lcom/android/dx/ssa/SsaInsn;)V @ 64
Event: 2.724 Thread 0x000000001dec5800 Uncommon trap: reason=unstable_if action=reinterpret pc=0x00000000038f5b5c method=com.android.dx.ssa.SsaMethod.updateOneDefinition(Lcom/android/dx/ssa/SsaInsn;Lcom/android/dx/rop/code/RegisterSpec;)V @ 4
Event: 3.123 Thread 0x000000001de70000 Uncommon trap: reason=bimorphic action=maybe_recompile pc=0x0000000003b44dd4 method=com.android.dx.cf.code.BytecodeArray.parseInstruction(ILcom/android/dx/cf/code/BytecodeArray$Visitor;)I @ 1051
Event: 3.123 Thread 0x000000001de70000 Uncommon trap: reason=bimorphic action=maybe_recompile pc=0x0000000003b44dd4 method=com.android.dx.cf.code.BytecodeArray.parseInstruction(ILcom/android/dx/cf/code/BytecodeArray$Visitor;)I @ 1051
Event: 3.622 Thread 0x000000001dfeb800 Uncommon trap: reason=unstable_if action=reinterpret pc=0x00000000038d1234 method=java.util.HashMap.getNode(ILjava/lang/Object;)Ljava/util/HashMap$Node; @ 84
Event: 4.274 Thread 0x000000001dec5800 Uncommon trap: reason=unstable_if action=reinterpret pc=0x00000000037e17f8 method=com.android.dx.dex.code.OutputFinisher.hasLocalInfo(Lcom/android/dx/dex/code/DalvInsn;)Z @ 24
Event: 7.120 Thread 0x000000001dfeb800 Uncommon trap: reason=bimorphic action=maybe_recompile pc=0x0000000003bf9b3c method=com.android.dx.cf.code.BytecodeArray.parseInstruction(ILcom/android/dx/cf/code/BytecodeArray$Visitor;)I @ 2281
Event: 7.121 Thread 0x000000001dfeb800 Uncommon trap: reason=bimorphic action=maybe_recompile pc=0x0000000003bf9b3c method=com.android.dx.cf.code.BytecodeArray.parseInstruction(ILcom/android/dx/cf/code/BytecodeArray$Visitor;)I @ 2281

Internal exceptions (8 events):
Event: 0.041 Thread 0x0000000001280800 Exception <a 'java/lang/NoSuchMethodError': Method sun.misc.Unsafe.defineClass(Ljava/lang/String;[BII)Ljava/lang/Class; name or signature does not match> (0x000000076ab07c78) thrown at [C:\src\android\AOSP-openjdk\external\jetbrains\jdk\hotspot\src\share\vØ@Ë¯ä¤?
Event: 0.041 Thread 0x0000000001280800 Exception <a 'java/lang/NoSuchMethodError': Method sun.misc.Unsafe.prefetchRead(Ljava/lang/Object;J)V name or signature does not match> (0x000000076ab07f60) thrown at [C:\src\android\AOSP-openjdk\external\jetbrains\jdk\hotspot\src\share\vm\prims\jni.cpp, lI—ˆo©î?
Event: 0.958 Thread 0x000000001dfeb800 Implicit null exception at 0x00000000037450e2 to 0x00000000037451e2
Event: 1.136 Thread 0x000000001dfea800 Implicit null exception at 0x00000000038645fb to 0x0000000003865f61
Event: 1.390 Thread 0x000000001dfea800 Implicit null exception at 0x000000000385beca to 0x000000000385d541
Event: 1.757 Thread 0x000000001dfea800 Exception <a 'java/lang/ArrayIndexOutOfBoundsException': 18> (0x000000076cb61078) thrown at [C:\src\android\AOSP-openjdk\external\jetbrains\jdk\hotspot\src\share\vm\interpreter\interpreterRuntime.cpp, line 366]
Event: 1.757 Thread 0x000000001dfea800 Exception <a 'java/lang/ArrayIndexOutOfBoundsException'> (0x000000076cb62bf8) thrown at [C:\src\android\AOSP-openjdk\external\jetbrains\jdk\hotspot\src\share\vm\runtime\sharedRuntime.cpp, line 605]
Event: 1.758 Thread 0x000000001dfea800 Exception <a 'java/lang/ArrayIndexOutOfBoundsException'> (0x000000076cb63ee0) thrown at [C:\src\android\AOSP-openjdk\external\jetbrains\jdk\hotspot\src\share\vm\runtime\sharedRuntime.cpp, line 605]

Events (10 events):
Event: 7.120 Thread 0x000000001dfeb800 Uncommon trap: trap_request=0xffffffc6 fr.pc=0x0000000003bf9b3c
Event: 7.120 Thread 0x000000001dfeb800 DEOPT PACKING pc=0x0000000003bf9b3c sp=0x000000001eb3e860
Event: 7.121 Thread 0x000000001dfeb800 DEOPT UNPACKING pc=0x000000000344556a sp=0x000000001eb3e828 mode 2
Event: 7.121 Thread 0x000000001dfeb800 Uncommon trap: trap_request=0xffffffc6 fr.pc=0x0000000003bf9b3c
Event: 7.121 Thread 0x000000001dfeb800 DEOPT PACKING pc=0x0000000003bf9b3c sp=0x000000001eb3e6b0
Event: 7.121 Thread 0x000000001dfeb800 DEOPT UNPACKING pc=0x000000000344556a sp=0x000000001eb3e678 mode 2
Event: 7.130 Thread 0x000000001dfea800 DEOPT PACKING pc=0x00000000037a4aad sp=0x000000001ea3ee00
Event: 7.130 Thread 0x000000001dfea800 DEOPT UNPACKING pc=0x00000000034475bf sp=0x000000001ea3eba0 mode 0
Event: 7.252 Thread 0x000000001dec5800 DEOPT PACKING pc=0x00000000037a4aad sp=0x000000001e73e6d0
Event: 7.252 Thread 0x000000001dec5800 DEOPT UNPACKING pc=0x00000000034475bf sp=0x000000001e73e470 mode 0


Dynamic libraries:
0x00007ff7d6af0000 - 0x00007ff7d6b21000 	C:\Program Files\Android\Android Studio\jre\bin\java.exe
0x00007ff809440000 - 0x00007ff809611000 	C:\WINDOWS\SYSTEM32\ntdll.dll
0x00007ff8078f0000 - 0x00007ff80799c000 	C:\WINDOWS\System32\KERNEL32.DLL
0x00007ff805a30000 - 0x00007ff805c4d000 	C:\WINDOWS\System32\KERNELBASE.dll
0x00007ff8069d0000 - 0x00007ff806a72000 	C:\WINDOWS\System32\ADVAPI32.dll
0x00007ff8073e0000 - 0x00007ff80747e000 	C:\WINDOWS\System32\msvcrt.dll
0x00007ff8074a0000 - 0x00007ff8074f9000 	C:\WINDOWS\System32\sechost.dll
0x00007ff809300000 - 0x00007ff809421000 	C:\WINDOWS\System32\RPCRT4.dll
0x00007ff809180000 - 0x00007ff8092e5000 	C:\WINDOWS\System32\USER32.dll
0x00007ff806730000 - 0x00007ff80674e000 	C:\WINDOWS\System32\win32u.dll
0x00007ff8073a0000 - 0x00007ff8073d4000 	C:\WINDOWS\System32\GDI32.dll
0x00007ff806330000 - 0x00007ff8064b2000 	C:\WINDOWS\System32\gdi32full.dll
0x00007ffffbe60000 - 0x00007ffffc0da000 	C:\WINDOWS\WinSxS\amd64_microsoft.windows.common-controls_6595b64144ccf1df_6.0.14393.953_none_42151e83c686086b\COMCTL32.dll
0x00007ff8079a0000 - 0x00007ff807c68000 	C:\WINDOWS\System32\combase.dll
0x00007ff806520000 - 0x00007ff806615000 	C:\WINDOWS\System32\ucrtbase.dll
0x00007ff806620000 - 0x00007ff80668a000 	C:\WINDOWS\System32\bcryptPrimitives.dll
0x00007ff807740000 - 0x00007ff80776e000 	C:\WINDOWS\System32\IMM32.DLL
0x0000000077cc0000 - 0x0000000077d92000 	C:\Program Files\Android\Android Studio\jre\jre\bin\msvcr100.dll
0x00000000763b0000 - 0x0000000076bec000 	C:\Program Files\Android\Android Studio\jre\jre\bin\server\jvm.dll
0x00007ff8092f0000 - 0x00007ff8092f8000 	C:\WINDOWS\System32\PSAPI.DLL
0x00007ff803750000 - 0x00007ff803773000 	C:\WINDOWS\SYSTEM32\WINMM.dll
0x00007ff803be0000 - 0x00007ff803be9000 	C:\WINDOWS\SYSTEM32\WSOCK32.dll
0x00007ffff8450000 - 0x00007ffff845a000 	C:\WINDOWS\SYSTEM32\VERSION.dll
0x00007ff8077e0000 - 0x00007ff80784a000 	C:\WINDOWS\System32\WS2_32.dll
0x00007ff803720000 - 0x00007ff80374b000 	C:\WINDOWS\SYSTEM32\WINMMBASE.dll
0x00007ff8059e0000 - 0x00007ff805a22000 	C:\WINDOWS\System32\cfgmgr32.dll
0x00007ff802990000 - 0x00007ff80299f000 	C:\Program Files\Android\Android Studio\jre\jre\bin\verify.dll
0x00007ff8002d0000 - 0x00007ff8002f9000 	C:\Program Files\Android\Android Studio\jre\jre\bin\java.dll
0x00007ff801fd0000 - 0x00007ff801fe6000 	C:\Program Files\Android\Android Studio\jre\jre\bin\zip.dll
0x00007ff807c70000 - 0x00007ff809178000 	C:\WINDOWS\System32\SHELL32.dll
0x00007ff805c50000 - 0x00007ff80632a000 	C:\WINDOWS\System32\windows.storage.dll
0x00007ff8058e0000 - 0x00007ff80592c000 	C:\WINDOWS\System32\powrprof.dll
0x00007ff807780000 - 0x00007ff8077d2000 	C:\WINDOWS\System32\shlwapi.dll
0x00007ff8058d0000 - 0x00007ff8058df000 	C:\WINDOWS\System32\kernel.appcore.dll
0x00007ff805930000 - 0x00007ff8059d9000 	C:\WINDOWS\System32\shcore.dll
0x00007ff8058a0000 - 0x00007ff8058b4000 	C:\WINDOWS\System32\profapi.dll

VM Arguments:
jvm_args: -Djava.awt.headless=true -Xmx4g -Dfile.encoding=windows-1251 -Duser.country=RU -Duser.language=ru -Duser.variant 
java_command: com.android.dx.command.Main --dex --num-threads=4 --multi-dex --main-dex-list C:\Users\User\Documents\GitHub\UTair\UTair\app\build\intermediates\multi-dex\debug\maindexlist.txt --output C:\Users\User\Documents\GitHub\UTair\UTair\app\build\intermediates\transforms\dex\debug\folders\1000\1f\main C:\Users\User\Documents\GitHub\UTair\UTair\app\build\intermediates\transforms\jarMerging\debug\jars\1\1f\combined.jar
java_class_path (initial): C:\Users\User\AppData\Local\Android\sdk\build-tools\25.0.2\lib\dx.jar
Launcher Type: SUN_STANDARD

Environment Variables:
PATH=C:\ProgramData\Oracle\Java\javapath;C:\Program Files\Broadcom\Broadcom 802.11 Network Adapter;C:\Program Files (x86)\NVIDIA Corporation\PhysX\Common;C:\Program Files (x86)\Intel\iCLS Client\;C:\Program Files\Intel\iCLS Client\;C:\Windows\system32;C:\Windows;C:\Windows\System32\Wbem;C:\Windows\System32\WindowsPowerShell\v1.0\;C:\Program Files\Intel\Intel(R) Management Engine Components\DAL;C:\Program Files\Intel\Intel(R) Management Engine Components\IPT;C:\Program Files (x86)\Intel\Intel(R) Management Engine Components\DAL;C:\Program Files (x86)\Intel\Intel(R) Management Engine Components\IPT;C:\Program Files\WIDCOMM\Bluetooth Software\;C:\Program Files\WIDCOMM\Bluetooth Software\syswow64;C:\Program Files\Acer\Remote Files\;C:\Program Files\OpenVPN\bin;C:\WINDOWS\system32;C:\WINDOWS;C:\WINDOWS\System32\Wbem;C:\WINDOWS\System32\WindowsPowerShell\v1.0\;C:\Users\User\AppData\Local\Microsoft\WindowsApps;
USERNAME=User
OS=Windows_NT
PROCESSOR_IDENTIFIER=Intel64 Family 6 Model 69 Stepping 1, GenuineIntel



---------------  S Y S T E M  ---------------

OS: Windows 10.0 , 64 bit Build 14393 (10.0.14393.1198)

CPU:total 4 (2 cores per cpu, 2 threads per core) family 6 model 69 stepping 1, cmov, cx8, fxsr, mmx, sse, sse2, sse3, ssse3, sse4.1, sse4.2, popcnt, avx, avx2, aes, clmul, erms, lzcnt, ht, tsc, tscinvbit, bmi1, bmi2

Memory: 4k page, physical 8310040k(1106192k free), swap 12406040k(5128k free)

vm_info: OpenJDK 64-Bit Server VM (25.112-b06) for windows-amd64 JRE (1.8.0_112-release-b06), built on Dec  8 2016 00:54:26 by "builder" with MS VC++ 10.0 (VS2010)

time: Mon May 22 12:44:25 2017
elapsed time: 7 seconds (0d 0h 0m 7s)

