#
# There is insufficient memory for the Java Runtime Environment to continue.
# Native memory allocation (malloc) failed to allocate 953296 bytes for Chunk::new
# Possible reasons:
#   The system is out of physical RAM or swap space
#   In 32 bit mode, the process size limit was hit
# Possible solutions:
#   Reduce memory load on the system
#   Increase physical memory or swap space
#   Check if swap backing store is full
#   Use 64 bit Java on a 64 bit OS
#   Decrease Java heap size (-Xmx/-Xms)
#   Decrease number of Java threads
#   Decrease Java thread stack sizes (-Xss)
#   Set larger code cache with -XX:ReservedCodeCacheSize=
# This output file may be truncated or incomplete.
#
#  Out of Memory Error (allocation.cpp:390), pid=11924, tid=0x0000000000004148
#
# JRE version: OpenJDK Runtime Environment (8.0_112-b06) (build 1.8.0_112-release-b06)
# Java VM: OpenJDK 64-Bit Server VM (25.112-b06 mixed mode windows-amd64 compressed oops)
# Failed to write core dump. Minidumps are not enabled by default on client versions of Windows
#

---------------  T H R E A D  ---------------

Current thread (0x000000001c1ae800):  JavaThread "C2 CompilerThread1" daemon [_thread_in_native, id=16712, stack(0x000000001d900000,0x000000001da00000)]

Stack: [0x000000001d900000,0x000000001da00000]
[error occurred during error reporting (printing stack bounds), id 0xc0000005]

Native frames: (J=compiled Java code, j=interpreted, Vv=VM code, C=native code)


Current CompileTask:
C2:  19598 2922 %     4       com.android.dx.dex.code.LocalList::make @ 16 (102 bytes)


---------------  P R O C E S S  ---------------

Java Threads: ( => current thread )
  0x000000001e18a000 JavaThread "pool-1-thread-1" [_thread_in_Java, id=1392, stack(0x0000000020da0000,0x0000000020ea0000)]
  0x000000001db28800 JavaThread "Service Thread" daemon [_thread_blocked, id=13584, stack(0x000000001df00000,0x000000001e000000)]
  0x000000001c1b8000 JavaThread "C1 CompilerThread2" daemon [_thread_blocked, id=17068, stack(0x000000001da00000,0x000000001db00000)]
=>0x000000001c1ae800 JavaThread "C2 CompilerThread1" daemon [_thread_in_native, id=16712, stack(0x000000001d900000,0x000000001da00000)]
  0x000000001c1ab000 JavaThread "C2 CompilerThread0" daemon [_thread_in_native, id=6848, stack(0x000000001d800000,0x000000001d900000)]
  0x000000001c1aa000 JavaThread "Attach Listener" daemon [_thread_blocked, id=17128, stack(0x000000001d700000,0x000000001d800000)]
  0x000000001c1a7000 JavaThread "Signal Dispatcher" daemon [_thread_blocked, id=12640, stack(0x000000001d600000,0x000000001d700000)]
  0x00000000015db800 JavaThread "Finalizer" daemon [_thread_blocked, id=11776, stack(0x000000001d410000,0x000000001d510000)]
  0x00000000015d0800 JavaThread "Reference Handler" daemon [_thread_blocked, id=17312, stack(0x000000001d310000,0x000000001d410000)]
  0x00000000014e0800 JavaThread "main" [_thread_blocked, id=14824, stack(0x0000000001350000,0x0000000001450000)]

Other Threads:
  0x000000001c175000 VMThread [stack: 0x000000001d210000,0x000000001d310000] [id=15244]
  0x000000001c20e800 WatcherThread [stack: 0x000000001e000000,0x000000001e100000] [id=13020]

VM state:not at safepoint (normal execution)

VM Mutex/Monitor currently owned by a thread: None

Heap:
 PSYoungGen      total 565760K, used 166013K [0x000000076ab00000, 0x0000000798580000, 0x00000007c0000000)
  eden space 448512K, 10% used [0x000000076ab00000,0x000000076daa26f8,0x0000000786100000)
  from space 117248K, 99% used [0x0000000791300000,0x000000079857d0e8,0x0000000798580000)
  to   space 109568K, 0% used [0x0000000786100000,0x0000000786100000,0x000000078cc00000)
 ParOldGen       total 388608K, used 258118K [0x00000006c0000000, 0x00000006d7b80000, 0x000000076ab00000)
  object space 388608K, 66% used [0x00000006c0000000,0x00000006cfc11a18,0x00000006d7b80000)
 Metaspace       used 6761K, capacity 7536K, committed 7808K, reserved 1056768K
  class space    used 605K, capacity 616K, committed 640K, reserved 1048576K

Card table byte_map: [0x0000000012400000,0x0000000012c10000] byte_map_base: 0x000000000ee00000

Marking Bits: (ParMarkBitMap*) 0x0000000076fb18f0
 Begin Bits: [0x0000000013010000, 0x0000000017010000)
 End Bits:   [0x0000000017010000, 0x000000001b010000)

Polling page: 0x0000000001450000

CodeCache: size=245760Kb used=10195Kb max_used=11190Kb free=235564Kb
 bounds [0x0000000003400000, 0x0000000003f00000, 0x0000000012400000]
 total_blobs=2750 nmethods=2487 adapters=176
 compilation: enabled

Compilation events (10 events):
Event: 19.342 Thread 0x000000001c1b8000 2983       2       com.android.dx.util.ByteArrayAnnotatedOutput::toByteArray (23 bytes)
Event: 19.343 Thread 0x000000001c1b8000 nmethod 2983 0x000000000387c3d0 code [0x000000000387c540, 0x000000000387c7c8]
Event: 19.343 Thread 0x000000001c1b8000 2984       2       com.android.dx.dex.file.CatchStructs::encode (304 bytes)
Event: 19.346 Thread 0x000000001c1b8000 nmethod 2984 0x0000000003879b10 code [0x0000000003879e60, 0x000000000387aff8]
Event: 19.346 Thread 0x000000001c1b8000 2985       2       com.android.dx.dex.code.DalvCode::getCatches (9 bytes)
Event: 19.346 Thread 0x000000001c1b8000 nmethod 2985 0x0000000003879790 code [0x0000000003879900, 0x0000000003879a88]
Event: 19.357 Thread 0x000000001c1b8000 2986       2       com.android.dx.dex.code.SwitchData::codeSize (27 bytes)
Event: 19.357 Thread 0x000000001c1b8000 nmethod 2986 0x0000000003879390 code [0x0000000003879500, 0x00000000038796c8]
Event: 19.359 Thread 0x000000001c1b8000 2987       2       com.android.dx.dex.code.form.Form12x::compatibleRegs (159 bytes)
Event: 19.360 Thread 0x000000001c1b8000 nmethod 2987 0x0000000003937610 code [0x0000000003937860, 0x0000000003937ec8]

GC Heap History (10 events):
Event: 7.971 GC heap before
{Heap before GC invocations=10 (full 1):
 PSYoungGen      total 375296K, used 375184K [0x000000076ab00000, 0x0000000790400000, 0x00000007c0000000)
  eden space 335872K, 100% used [0x000000076ab00000,0x000000077f300000,0x000000077f300000)
  from space 39424K, 99% used [0x000000078dd80000,0x00000007903e42b0,0x0000000790400000)
  to   space 57344K, 0% used [0x0000000789400000,0x0000000789400000,0x000000078cc00000)
 ParOldGen       total 172032K, used 87451K [0x00000006c0000000, 0x00000006ca800000, 0x000000076ab00000)
  object space 172032K, 50% used [0x00000006c0000000,0x00000006c5566dc8,0x00000006ca800000)
 Metaspace       used 6376K, capacity 7280K, committed 7552K, reserved 1056768K
  class space    used 586K, capacity 616K, committed 640K, reserved 1048576K
Event: 8.150 GC heap after
Heap after GC invocations=10 (full 1):
 PSYoungGen      total 456192K, used 57325K [0x000000076ab00000, 0x000000078de00000, 0x00000007c0000000)
  eden space 398848K, 0% used [0x000000076ab00000,0x000000076ab00000,0x0000000783080000)
  from space 57344K, 99% used [0x0000000789400000,0x000000078cbfb588,0x000000078cc00000)
  to   space 18432K, 0% used [0x000000078cc00000,0x000000078cc00000,0x000000078de00000)
 ParOldGen       total 172032K, used 121802K [0x00000006c0000000, 0x00000006ca800000, 0x000000076ab00000)
  object space 172032K, 70% used [0x00000006c0000000,0x00000006c76f2b10,0x00000006ca800000)
 Metaspace       used 6376K, capacity 7280K, committed 7552K, reserved 1056768K
  class space    used 586K, capacity 616K, committed 640K, reserved 1048576K
}
Event: 10.084 GC heap before
{Heap before GC invocations=11 (full 1):
 PSYoungGen      total 456192K, used 456173K [0x000000076ab00000, 0x000000078de00000, 0x00000007c0000000)
  eden space 398848K, 100% used [0x000000076ab00000,0x0000000783080000,0x0000000783080000)
  from space 57344K, 99% used [0x0000000789400000,0x000000078cbfb588,0x000000078cc00000)
  to   space 18432K, 0% used [0x000000078cc00000,0x000000078cc00000,0x000000078de00000)
 ParOldGen       total 172032K, used 121802K [0x00000006c0000000, 0x00000006ca800000, 0x000000076ab00000)
  object space 172032K, 70% used [0x00000006c0000000,0x00000006c76f2b10,0x00000006ca800000)
 Metaspace       used 6402K, capacity 7280K, committed 7552K, reserved 1056768K
  class space    used 586K, capacity 616K, committed 640K, reserved 1048576K
Event: 10.328 GC heap after
Heap after GC invocations=11 (full 1):
 PSYoungGen      total 466944K, used 18400K [0x000000076ab00000, 0x0000000795380000, 0x00000007c0000000)
  eden space 448512K, 0% used [0x000000076ab00000,0x000000076ab00000,0x0000000786100000)
  from space 18432K, 99% used [0x000000078cc00000,0x000000078ddf8290,0x000000078de00000)
  to   space 109568K, 0% used [0x0000000786100000,0x0000000786100000,0x000000078cc00000)
 ParOldGen       total 222720K, used 222335K [0x00000006c0000000, 0x00000006cd980000, 0x000000076ab00000)
  object space 222720K, 99% used [0x00000006c0000000,0x00000006cd91ff68,0x00000006cd980000)
 Metaspace       used 6402K, capacity 7280K, committed 7552K, reserved 1056768K
  class space    used 586K, capacity 616K, committed 640K, reserved 1048576K
}
Event: 10.328 GC heap before
{Heap before GC invocations=12 (full 2):
 PSYoungGen      total 466944K, used 18400K [0x000000076ab00000, 0x0000000795380000, 0x00000007c0000000)
  eden space 448512K, 0% used [0x000000076ab00000,0x000000076ab00000,0x0000000786100000)
  from space 18432K, 99% used [0x000000078cc00000,0x000000078ddf8290,0x000000078de00000)
  to   space 109568K, 0% used [0x0000000786100000,0x0000000786100000,0x000000078cc00000)
 ParOldGen       total 222720K, used 222335K [0x00000006c0000000, 0x00000006cd980000, 0x000000076ab00000)
  object space 222720K, 99% used [0x00000006c0000000,0x00000006cd91ff68,0x00000006cd980000)
 Metaspace       used 6402K, capacity 7280K, committed 7552K, reserved 1056768K
  class space    used 586K, capacity 616K, committed 640K, reserved 1048576K
Event: 12.732 GC heap after
Heap after GC invocations=12 (full 2):
 PSYoungGen      total 466944K, used 12178K [0x000000076ab00000, 0x0000000795380000, 0x00000007c0000000)
  eden space 448512K, 0% used [0x000000076ab00000,0x000000076ab00000,0x0000000786100000)
  from space 18432K, 66% used [0x000000078cc00000,0x000000078d7e4910,0x000000078de00000)
  to   space 109568K, 0% used [0x0000000786100000,0x0000000786100000,0x000000078cc00000)
 ParOldGen       total 388608K, used 222635K [0x00000006c0000000, 0x00000006d7b80000, 0x000000076ab00000)
  object space 388608K, 57% used [0x00000006c0000000,0x00000006cd96ad30,0x00000006d7b80000)
 Metaspace       used 6402K, capacity 7280K, committed 7552K, reserved 1056768K
  class space    used 586K, capacity 616K, committed 640K, reserved 1048576K
}
Event: 14.387 GC heap before
{Heap before GC invocations=13 (full 2):
 PSYoungGen      total 466944K, used 460690K [0x000000076ab00000, 0x0000000795380000, 0x00000007c0000000)
  eden space 448512K, 100% used [0x000000076ab00000,0x0000000786100000,0x0000000786100000)
  from space 18432K, 66% used [0x000000078cc00000,0x000000078d7e4910,0x000000078de00000)
  to   space 109568K, 0% used [0x0000000786100000,0x0000000786100000,0x000000078cc00000)
 ParOldGen       total 388608K, used 222635K [0x00000006c0000000, 0x00000006d7b80000, 0x000000076ab00000)
  object space 388608K, 57% used [0x00000006c0000000,0x00000006cd96adb0,0x00000006d7b80000)
 Metaspace       used 6411K, capacity 7280K, committed 7552K, reserved 1056768K
  class space    used 587K, capacity 616K, committed 640K, reserved 1048576K
Event: 14.636 GC heap after
Heap after GC invocations=13 (full 2):
 PSYoungGen      total 558080K, used 78261K [0x000000076ab00000, 0x0000000798580000, 0x00000007c0000000)
  eden space 448512K, 0% used [0x000000076ab00000,0x000000076ab00000,0x0000000786100000)
  from space 109568K, 71% used [0x0000000786100000,0x000000078ad6d650,0x000000078cc00000)
  to   space 117248K, 0% used [0x0000000791300000,0x0000000791300000,0x0000000798580000)
 ParOldGen       total 388608K, used 228518K [0x00000006c0000000, 0x00000006d7b80000, 0x000000076ab00000)
  object space 388608K, 58% used [0x00000006c0000000,0x00000006cdf29b08,0x00000006d7b80000)
 Metaspace       used 6411K, capacity 7280K, committed 7552K, reserved 1056768K
  class space    used 587K, capacity 616K, committed 640K, reserved 1048576K
}
Event: 17.410 GC heap before
{Heap before GC invocations=14 (full 2):
 PSYoungGen      total 558080K, used 526773K [0x000000076ab00000, 0x0000000798580000, 0x00000007c0000000)
  eden space 448512K, 100% used [0x000000076ab00000,0x0000000786100000,0x0000000786100000)
  from space 109568K, 71% used [0x0000000786100000,0x000000078ad6d650,0x000000078cc00000)
  to   space 117248K, 0% used [0x0000000791300000,0x0000000791300000,0x0000000798580000)
 ParOldGen       total 388608K, used 228521K [0x00000006c0000000, 0x00000006d7b80000, 0x000000076ab00000)
  object space 388608K, 58% used [0x00000006c0000000,0x00000006cdf2a4f8,0x00000006d7b80000)
 Metaspace       used 6512K, capacity 7344K, committed 7552K, reserved 1056768K
  class space    used 593K, capacity 616K, committed 640K, reserved 1048576K
Event: 17.736 GC heap after
Heap after GC invocations=14 (full 2):
 PSYoungGen      total 565760K, used 117236K [0x000000076ab00000, 0x0000000798580000, 0x00000007c0000000)
  eden space 448512K, 0% used [0x000000076ab00000,0x000000076ab00000,0x0000000786100000)
  from space 117248K, 99% used [0x0000000791300000,0x000000079857d0e8,0x0000000798580000)
  to   space 109568K, 0% used [0x0000000786100000,0x0000000786100000,0x000000078cc00000)
 ParOldGen       total 388608K, used 258118K [0x00000006c0000000, 0x00000006d7b80000, 0x000000076ab00000)
  object space 388608K, 66% used [0x00000006c0000000,0x00000006cfc11a18,0x00000006d7b80000)
 Metaspace       used 6512K, capacity 7344K, committed 7552K, reserved 1056768K
  class space    used 593K, capacity 616K, committed 640K, reserved 1048576K
}

Deoptimization events (10 events):
Event: 18.421 Thread 0x000000001e18a000 Uncommon trap: reason=unstable_if action=reinterpret pc=0x00000000037c67ac method=java.util.Arrays.equals([Ljava/lang/Object;[Ljava/lang/Object;)Z @ 23
Event: 18.517 Thread 0x000000001e18a000 Uncommon trap: reason=predicate action=maybe_recompile pc=0x000000000392abd8 method=java.util.ComparableTimSort.binarySort([Ljava/lang/Object;III)V @ 37
Event: 18.658 Thread 0x000000001e18a000 Uncommon trap: reason=unstable_if action=reinterpret pc=0x000000000388460c method=com.android.dx.rop.code.RegisterSpec.matchesVariable(Lcom/android/dx/rop/code/RegisterSpec;)Z @ 59
Event: 18.715 Thread 0x000000001e18a000 Uncommon trap: reason=array_check action=maybe_recompile pc=0x0000000003cedf28 method=java.util.ComparableTimSort.binarySort([Ljava/lang/Object;III)V @ 183
Event: 18.722 Thread 0x000000001e18a000 Uncommon trap: reason=array_check action=maybe_recompile pc=0x0000000003cede60 method=java.util.ComparableTimSort.binarySort([Ljava/lang/Object;III)V @ 193
Event: 18.742 Thread 0x000000001e18a000 Uncommon trap: reason=unstable_if action=reinterpret pc=0x000000000368470c method=java.util.TreeMap.put(Ljava/lang/Object;Ljava/lang/Object;)Ljava/lang/Object; @ 163
Event: 18.744 Thread 0x000000001e18a000 Uncommon trap: reason=array_check action=maybe_recompile pc=0x0000000003cedd9c method=java.util.ComparableTimSort.binarySort([Ljava/lang/Object;III)V @ 215
Event: 18.758 Thread 0x000000001e18a000 Uncommon trap: reason=unstable_if action=reinterpret pc=0x000000000393ad40 method=com.android.dx.dex.code.OutputFinisher.align64bits([Lcom/android/dx/dex/code/Dop;)V @ 125
Event: 18.893 Thread 0x000000001e18a000 Uncommon trap: reason=array_check action=maybe_recompile pc=0x0000000003cede60 method=java.util.ComparableTimSort.binarySort([Ljava/lang/Object;III)V @ 193
Event: 19.147 Thread 0x000000001e18a000 Uncommon trap: reason=unstable_if action=reinterpret pc=0x0000000003815a04 method=com.android.dx.dex.code.LocalList$MakeState.filterSpec(Lcom/android/dx/rop/code/RegisterSpec;)Lcom/android/dx/rop/code/RegisterSpec; @ 11

Internal exceptions (8 events):
Event: 0.026 Thread 0x00000000014e0800 Exception <a 'java/lang/NoSuchMethodError': Method sun.misc.Unsafe.defineClass(Ljava/lang/String;[BII)Ljava/lang/Class; name or signature does not match> (0x000000076ab07c78) thrown at [C:\src\android\AOSP-openjdk\external\jetbrains\jdk\hotspot\src\share\v^?Si¥èš?
Event: 0.026 Thread 0x00000000014e0800 Exception <a 'java/lang/NoSuchMethodError': Method sun.misc.Unsafe.prefetchRead(Ljava/lang/Object;J)V name or signature does not match> (0x000000076ab07f60) thrown at [C:\src\android\AOSP-openjdk\external\jetbrains\jdk\hotspot\src\share\vm\prims\jni.cpp, lq–È
Event: 0.842 Thread 0x000000001dec0800 Implicit null exception at 0x00000000037006a2 to 0x00000000037007a2
Event: 1.002 Thread 0x000000001deb5000 Implicit null exception at 0x00000000037b9c0a to 0x00000000037bb259
Event: 1.530 Thread 0x000000001dec9800 Implicit null exception at 0x0000000003941aed to 0x0000000003941cb9
Event: 1.889 Thread 0x000000001deb5000 Exception <a 'java/lang/ArrayIndexOutOfBoundsException': 18> (0x000000076af21950) thrown at [C:\src\android\AOSP-openjdk\external\jetbrains\jdk\hotspot\src\share\vm\interpreter\interpreterRuntime.cpp, line 366]
Event: 1.890 Thread 0x000000001deb5000 Exception <a 'java/lang/ArrayIndexOutOfBoundsException'> (0x000000076af234d0) thrown at [C:\src\android\AOSP-openjdk\external\jetbrains\jdk\hotspot\src\share\vm\runtime\sharedRuntime.cpp, line 605]
Event: 1.891 Thread 0x000000001deb5000 Exception <a 'java/lang/ArrayIndexOutOfBoundsException'> (0x000000076af247b8) thrown at [C:\src\android\AOSP-openjdk\external\jetbrains\jdk\hotspot\src\share\vm\runtime\sharedRuntime.cpp, line 605]

Events (10 events):
Event: 19.429 Thread 0x000000001e18a000 DEOPT PACKING pc=0x000000000396c406 sp=0x0000000020e9e990
Event: 19.429 Thread 0x000000001e18a000 DEOPT UNPACKING pc=0x00000000034475bf sp=0x0000000020e9e758 mode 0
Event: 19.440 Thread 0x000000001e18a000 DEOPT PACKING pc=0x000000000391e37b sp=0x0000000020e9e990
Event: 19.440 Thread 0x000000001e18a000 DEOPT UNPACKING pc=0x00000000034475bf sp=0x0000000020e9e6e0 mode 0
Event: 19.442 Thread 0x000000001e18a000 DEOPT PACKING pc=0x000000000396c406 sp=0x0000000020e9e990
Event: 19.442 Thread 0x000000001e18a000 DEOPT UNPACKING pc=0x00000000034475bf sp=0x0000000020e9e758 mode 0
Event: 19.448 Thread 0x000000001e18a000 DEOPT PACKING pc=0x000000000391e37b sp=0x0000000020e9e990
Event: 19.448 Thread 0x000000001e18a000 DEOPT UNPACKING pc=0x00000000034475bf sp=0x0000000020e9e6e0 mode 0
Event: 19.453 Thread 0x000000001e18a000 DEOPT PACKING pc=0x000000000396c406 sp=0x0000000020e9e990
Event: 19.453 Thread 0x000000001e18a000 DEOPT UNPACKING pc=0x00000000034475bf sp=0x0000000020e9e758 mode 0


Dynamic libraries:
0x00007ff7e4b10000 - 0x00007ff7e4b41000 	C:\Program Files\Android\Android Studio\jre\bin\java.exe
0x00007ff809440000 - 0x00007ff809611000 	C:\WINDOWS\SYSTEM32\ntdll.dll
0x00007ff8078f0000 - 0x00007ff80799c000 	C:\WINDOWS\System32\KERNEL32.DLL
0x00007ff805a30000 - 0x00007ff805c4d000 	C:\WINDOWS\System32\KERNELBASE.dll
0x00007ff8069d0000 - 0x00007ff806a72000 	C:\WINDOWS\System32\ADVAPI32.dll
0x00007ff8073e0000 - 0x00007ff80747e000 	C:\WINDOWS\System32\msvcrt.dll
0x00007ff8074a0000 - 0x00007ff8074f9000 	C:\WINDOWS\System32\sechost.dll
0x00007ff809300000 - 0x00007ff809421000 	C:\WINDOWS\System32\RPCRT4.dll
0x00007ff809180000 - 0x00007ff8092e5000 	C:\WINDOWS\System32\USER32.dll
0x00007ff806730000 - 0x00007ff80674e000 	C:\WINDOWS\System32\win32u.dll
0x00007ff8073a0000 - 0x00007ff8073d4000 	C:\WINDOWS\System32\GDI32.dll
0x00007ff806330000 - 0x00007ff8064b2000 	C:\WINDOWS\System32\gdi32full.dll
0x00007ffffbe60000 - 0x00007ffffc0da000 	C:\WINDOWS\WinSxS\amd64_microsoft.windows.common-controls_6595b64144ccf1df_6.0.14393.953_none_42151e83c686086b\COMCTL32.dll
0x00007ff8079a0000 - 0x00007ff807c68000 	C:\WINDOWS\System32\combase.dll
0x00007ff806520000 - 0x00007ff806615000 	C:\WINDOWS\System32\ucrtbase.dll
0x00007ff806620000 - 0x00007ff80668a000 	C:\WINDOWS\System32\bcryptPrimitives.dll
0x00007ff807740000 - 0x00007ff80776e000 	C:\WINDOWS\System32\IMM32.DLL
0x0000000076630000 - 0x0000000076702000 	C:\Program Files\Android\Android Studio\jre\jre\bin\msvcr100.dll
0x00000000767f0000 - 0x000000007702c000 	C:\Program Files\Android\Android Studio\jre\jre\bin\server\jvm.dll
0x00007ff8092f0000 - 0x00007ff8092f8000 	C:\WINDOWS\System32\PSAPI.DLL
0x00007ff803750000 - 0x00007ff803773000 	C:\WINDOWS\SYSTEM32\WINMM.dll
0x00007ffff8450000 - 0x00007ffff845a000 	C:\WINDOWS\SYSTEM32\VERSION.dll
0x00007ffffbbe0000 - 0x00007ffffbbe9000 	C:\WINDOWS\SYSTEM32\WSOCK32.dll
0x00007ff8077e0000 - 0x00007ff80784a000 	C:\WINDOWS\System32\WS2_32.dll
0x0000000001320000 - 0x000000000134b000 	C:\WINDOWS\SYSTEM32\WINMMBASE.dll
0x00007ff8059e0000 - 0x00007ff805a22000 	C:\WINDOWS\System32\cfgmgr32.dll
0x00007ff803c10000 - 0x00007ff803c1f000 	C:\Program Files\Android\Android Studio\jre\jre\bin\verify.dll
0x00007ffffeba0000 - 0x00007ffffebc9000 	C:\Program Files\Android\Android Studio\jre\jre\bin\java.dll
0x00007fffff5d0000 - 0x00007fffff5e6000 	C:\Program Files\Android\Android Studio\jre\jre\bin\zip.dll
0x00007ff807c70000 - 0x00007ff809178000 	C:\WINDOWS\System32\SHELL32.dll
0x00007ff805c50000 - 0x00007ff80632a000 	C:\WINDOWS\System32\windows.storage.dll
0x00007ff8058e0000 - 0x00007ff80592c000 	C:\WINDOWS\System32\powrprof.dll
0x00007ff807780000 - 0x00007ff8077d2000 	C:\WINDOWS\System32\shlwapi.dll
0x00007ff8058d0000 - 0x00007ff8058df000 	C:\WINDOWS\System32\kernel.appcore.dll
0x00007ff805930000 - 0x00007ff8059d9000 	C:\WINDOWS\System32\shcore.dll
0x00007ff8058a0000 - 0x00007ff8058b4000 	C:\WINDOWS\System32\profapi.dll

VM Arguments:
jvm_args: -Djava.awt.headless=true -Xmx4g -Dfile.encoding=windows-1251 -Duser.country=RU -Duser.language=ru -Duser.variant 
java_command: com.android.dx.command.Main --dex --num-threads=4 --multi-dex --main-dex-list C:\Users\User\Documents\GitHub\UTair\UTair\app\build\intermediates\multi-dex\debug\maindexlist.txt --output C:\Users\User\Documents\GitHub\UTair\UTair\app\build\intermediates\transforms\dex\debug\folders\1000\1f\main C:\Users\User\Documents\GitHub\UTair\UTair\app\build\intermediates\transforms\jarMerging\debug\jars\1\1f\combined.jar
java_class_path (initial): C:\Users\User\AppData\Local\Android\sdk\build-tools\25.0.2\lib\dx.jar
Launcher Type: SUN_STANDARD

Environment Variables:
PATH=C:\ProgramData\Oracle\Java\javapath;C:\Program Files\Broadcom\Broadcom 802.11 Network Adapter;C:\Program Files (x86)\NVIDIA Corporation\PhysX\Common;C:\Program Files (x86)\Intel\iCLS Client\;C:\Program Files\Intel\iCLS Client\;C:\Windows\system32;C:\Windows;C:\Windows\System32\Wbem;C:\Windows\System32\WindowsPowerShell\v1.0\;C:\Program Files\Intel\Intel(R) Management Engine Components\DAL;C:\Program Files\Intel\Intel(R) Management Engine Components\IPT;C:\Program Files (x86)\Intel\Intel(R) Management Engine Components\DAL;C:\Program Files (x86)\Intel\Intel(R) Management Engine Components\IPT;C:\Program Files\WIDCOMM\Bluetooth Software\;C:\Program Files\WIDCOMM\Bluetooth Software\syswow64;C:\Program Files\Acer\Remote Files\;C:\Program Files\OpenVPN\bin;C:\WINDOWS\system32;C:\WINDOWS;C:\WINDOWS\System32\Wbem;C:\WINDOWS\System32\WindowsPowerShell\v1.0\;C:\Users\User\AppData\Local\Microsoft\WindowsApps;
USERNAME=User
OS=Windows_NT
PROCESSOR_IDENTIFIER=Intel64 Family 6 Model 69 Stepping 1, GenuineIntel



---------------  S Y S T E M  ---------------

OS: Windows 10.0 , 64 bit Build 14393 (10.0.14393.1198)

CPU:total 4 (2 cores per cpu, 2 threads per core) family 6 model 69 stepping 1, cmov, cx8, fxsr, mmx, sse, sse2, sse3, ssse3, sse4.1, sse4.2, popcnt, avx, avx2, aes, clmul, erms, lzcnt, ht, tsc, tscinvbit, bmi1, bmi2

Memory: 4k page, physical 8310040k(759704k free), swap 12406040k(224k free)

vm_info: OpenJDK 64-Bit Server VM (25.112-b06) for windows-amd64 JRE (1.8.0_112-release-b06), built on Dec  8 2016 00:54:26 by "builder" with MS VC++ 10.0 (VS2010)

time: Fri May 19 15:50:18 2017
elapsed time: 19 seconds (0d 0h 0m 19s)

