#
# There is insufficient memory for the Java Runtime Environment to continue.
# Native memory allocation (malloc) failed to allocate 32744 bytes for ChunkPool::allocate
# Possible reasons:
#   The system is out of physical RAM or swap space
#   In 32 bit mode, the process size limit was hit
# Possible solutions:
#   Reduce memory load on the system
#   Increase physical memory or swap space
#   Check if swap backing store is full
#   Use 64 bit Java on a 64 bit OS
#   Decrease Java heap size (-Xmx/-Xms)
#   Decrease number of Java threads
#   Decrease Java thread stack sizes (-Xss)
#   Set larger code cache with -XX:ReservedCodeCacheSize=
# This output file may be truncated or incomplete.
#
#  Out of Memory Error (allocation.cpp:273), pid=5236, tid=0x00000000000033e0
#
# JRE version: OpenJDK Runtime Environment (8.0_112-b06) (build 1.8.0_112-release-b06)
# Java VM: OpenJDK 64-Bit Server VM (25.112-b06 mixed mode windows-amd64 compressed oops)
# Failed to write core dump. Minidumps are not enabled by default on client versions of Windows
#

---------------  T H R E A D  ---------------

Current thread (0x000000001bb08000):  JavaThread "C1 CompilerThread2" daemon [_thread_in_native, id=13280, stack(0x000000001d360000,0x000000001d460000)]

Stack: [0x000000001d360000,0x000000001d460000]
[error occurred during error reporting (printing stack bounds), id 0xc0000005]

Native frames: (J=compiled Java code, j=interpreted, Vv=VM code, C=native code)


Current CompileTask:
C1:  21369 2446 % !   3       com.android.dx.cf.code.RopperMachine::run @ 247 (1550 bytes)


---------------  P R O C E S S  ---------------

Java Threads: ( => current thread )
  0x000000001d794000 JavaThread "pool-2-thread-4" [_thread_in_Java, id=5608, stack(0x000000001e660000,0x000000001e760000)]
  0x000000001dbde800 JavaThread "pool-2-thread-3" [_thread_in_Java, id=15692, stack(0x000000001e560000,0x000000001e660000)]
  0x000000001dbde000 JavaThread "pool-2-thread-2" [_thread_in_vm, id=7516, stack(0x000000001e460000,0x000000001e560000)]
  0x000000001dbe4000 JavaThread "pool-3-thread-1" [_thread_blocked, id=6012, stack(0x000000001e360000,0x000000001e460000)]
  0x000000001d7cd000 JavaThread "pool-2-thread-1" [_thread_in_vm, id=15132, stack(0x000000001e260000,0x000000001e360000)]
  0x000000001d488800 JavaThread "Service Thread" daemon [_thread_blocked, id=7156, stack(0x000000001d860000,0x000000001d960000)]
=>0x000000001bb08000 JavaThread "C1 CompilerThread2" daemon [_thread_in_native, id=13280, stack(0x000000001d360000,0x000000001d460000)]
  0x000000001bafe800 JavaThread "C2 CompilerThread1" daemon [_thread_in_native, id=5960, stack(0x000000001d260000,0x000000001d360000)]
  0x000000001bafb000 JavaThread "C2 CompilerThread0" daemon [_thread_in_native, id=12316, stack(0x000000001d160000,0x000000001d260000)]
  0x000000001baf9800 JavaThread "Attach Listener" daemon [_thread_blocked, id=16904, stack(0x000000001d060000,0x000000001d160000)]
  0x000000001baf8800 JavaThread "Signal Dispatcher" daemon [_thread_blocked, id=2052, stack(0x000000001cf60000,0x000000001d060000)]
  0x0000000000f4d000 JavaThread "Finalizer" daemon [_thread_blocked, id=17396, stack(0x000000001cd70000,0x000000001ce70000)]
  0x0000000000f42800 JavaThread "Reference Handler" daemon [_thread_blocked, id=700, stack(0x000000001cc70000,0x000000001cd70000)]
  0x0000000000e50800 JavaThread "main" [_thread_in_Java, id=4380, stack(0x0000000000d50000,0x0000000000e50000)]

Other Threads:
  0x000000001bac5000 VMThread [stack: 0x000000001cb70000,0x000000001cc70000] [id=6504]
  0x000000001d48a000 WatcherThread [stack: 0x000000001d960000,0x000000001da60000] [id=9528]

VM state:not at safepoint (normal execution)

VM Mutex/Monitor currently owned by a thread: None

Heap:
 PSYoungGen      total 295424K, used 184931K [0x000000076ab00000, 0x0000000791200000, 0x00000007c0000000)
  eden space 261632K, 70% used [0x000000076ab00000,0x0000000775f98d38,0x000000077aa80000)
  from space 33792K, 0% used [0x000000077aa80000,0x000000077aa80000,0x000000077cb80000)
  to   space 53248K, 0% used [0x000000078de00000,0x000000078de00000,0x0000000791200000)
 ParOldGen       total 87552K, used 87333K [0x00000006c0000000, 0x00000006c5580000, 0x000000076ab00000)
  object space 87552K, 99% used [0x00000006c0000000,0x00000006c5549688,0x00000006c5580000)
 Metaspace       used 6394K, capacity 7280K, committed 7552K, reserved 1056768K
  class space    used 587K, capacity 616K, committed 640K, reserved 1048576K

Card table byte_map: [0x0000000001310000,0x0000000001b20000] byte_map_base: 0xfffffffffdd10000

Marking Bits: (ParMarkBitMap*) 0x0000000076fb18f0
 Begin Bits: [0x0000000012960000, 0x0000000016960000)
 End Bits:   [0x0000000016960000, 0x000000001a960000)

Polling page: 0x0000000000cb0000

CodeCache: size=245760Kb used=10615Kb max_used=10638Kb free=235144Kb
 bounds [0x0000000003400000, 0x0000000003e80000, 0x0000000012400000]
 total_blobs=2579 nmethods=2316 adapters=176
 compilation: enabled

Compilation events (10 events):
Event: 19.659 Thread 0x000000001bb08000 nmethod 2439 0x0000000003e35890 code [0x0000000003e359e0, 0x0000000003e35b70]
Event: 19.665 Thread 0x000000001bafb000 nmethod 2425 0x0000000003e6ab50 code [0x0000000003e6af60, 0x0000000003e6eee0]
Event: 19.665 Thread 0x000000001bafb000 2350       4       com.android.dx.ssa.SsaMethod::convertRopToSsaBlocks (103 bytes)
Event: 21.261 Thread 0x000000001bafb000 nmethod 2350 0x0000000003e74c90 code [0x0000000003e74fc0, 0x0000000003e78848]
Event: 21.262 Thread 0x000000001bafb000 2349       4       com.android.dx.ssa.ConstCollector::updateConstUses (248 bytes)
Event: 21.329 Thread 0x000000001bb08000 2443       2       com.android.dx.dex.code.SwitchData::packedCodeSize (56 bytes)
Event: 21.329 Thread 0x000000001bb08000 nmethod 2443 0x0000000003538150 code [0x00000000035382c0, 0x00000000035384b8]
Event: 21.329 Thread 0x000000001bb08000 2444       2       com.android.dx.dex.code.SwitchData::sparseCodeSize (16 bytes)
Event: 21.329 Thread 0x000000001bb08000 nmethod 2444 0x000000000350fdd0 code [0x000000000350ff20, 0x0000000003510070]
Event: 21.352 Thread 0x000000001bb08000 2446 % !   3       com.android.dx.cf.code.RopperMachine::run @ 247 (1550 bytes)

GC Heap History (10 events):
Event: 10.827 GC heap before
{Heap before GC invocations=10 (full 3):
 PSYoungGen      total 295424K, used 261632K [0x000000076ab00000, 0x0000000791200000, 0x00000007c0000000)
  eden space 261632K, 100% used [0x000000076ab00000,0x000000077aa80000,0x000000077aa80000)
  from space 33792K, 0% used [0x000000077aa80000,0x000000077aa80000,0x000000077cb80000)
  to   space 53248K, 0% used [0x000000078de00000,0x000000078de00000,0x0000000791200000)
 ParOldGen       total 87552K, used 87530K [0x00000006c0000000, 0x00000006c5580000, 0x000000076ab00000)
  object space 87552K, 99% used [0x00000006c0000000,0x00000006c557abe0,0x00000006c5580000)
 Metaspace       used 6367K, capacity 7280K, committed 7552K, reserved 1056768K
  class space    used 586K, capacity 616K, committed 640K, reserved 1048576K
Event: 12.693 GC heap after
Heap after GC invocations=10 (full 3):
 PSYoungGen      total 295424K, used 70351K [0x000000076ab00000, 0x0000000791200000, 0x00000007c0000000)
  eden space 261632K, 26% used [0x000000076ab00000,0x000000076efb3c70,0x000000077aa80000)
  from space 33792K, 0% used [0x000000077aa80000,0x000000077aa80000,0x000000077cb80000)
  to   space 53248K, 0% used [0x000000078de00000,0x000000078de00000,0x0000000791200000)
 ParOldGen       total 87552K, used 87369K [0x00000006c0000000, 0x00000006c5580000, 0x000000076ab00000)
  object space 87552K, 99% used [0x00000006c0000000,0x00000006c55524f8,0x00000006c5580000)
 Metaspace       used 6367K, capacity 7280K, committed 7552K, reserved 1056768K
  class space    used 586K, capacity 616K, committed 640K, reserved 1048576K
}
Event: 13.908 GC heap before
{Heap before GC invocations=11 (full 4):
 PSYoungGen      total 295424K, used 261632K [0x000000076ab00000, 0x0000000791200000, 0x00000007c0000000)
  eden space 261632K, 100% used [0x000000076ab00000,0x000000077aa80000,0x000000077aa80000)
  from space 33792K, 0% used [0x000000077aa80000,0x000000077aa80000,0x000000077cb80000)
  to   space 53248K, 0% used [0x000000078de00000,0x000000078de00000,0x0000000791200000)
 ParOldGen       total 87552K, used 87369K [0x00000006c0000000, 0x00000006c5580000, 0x000000076ab00000)
  object space 87552K, 99% used [0x00000006c0000000,0x00000006c55524f8,0x00000006c5580000)
 Metaspace       used 6374K, capacity 7280K, committed 7552K, reserved 1056768K
  class space    used 586K, capacity 616K, committed 640K, reserved 1048576K
Event: 14.962 GC heap after
Heap after GC invocations=11 (full 4):
 PSYoungGen      total 295424K, used 98933K [0x000000076ab00000, 0x0000000791200000, 0x00000007c0000000)
  eden space 261632K, 37% used [0x000000076ab00000,0x0000000770b9d480,0x000000077aa80000)
  from space 33792K, 0% used [0x000000077aa80000,0x000000077aa80000,0x000000077cb80000)
  to   space 53248K, 0% used [0x000000078de00000,0x000000078de00000,0x0000000791200000)
 ParOldGen       total 87552K, used 87336K [0x00000006c0000000, 0x00000006c5580000, 0x000000076ab00000)
  object space 87552K, 99% used [0x00000006c0000000,0x00000006c554a2a8,0x00000006c5580000)
 Metaspace       used 6374K, capacity 7280K, committed 7552K, reserved 1056768K
  class space    used 586K, capacity 616K, committed 640K, reserved 1048576K
}
Event: 15.941 GC heap before
{Heap before GC invocations=12 (full 5):
 PSYoungGen      total 295424K, used 261632K [0x000000076ab00000, 0x0000000791200000, 0x00000007c0000000)
  eden space 261632K, 100% used [0x000000076ab00000,0x000000077aa80000,0x000000077aa80000)
  from space 33792K, 0% used [0x000000077aa80000,0x000000077aa80000,0x000000077cb80000)
  to   space 53248K, 0% used [0x000000078de00000,0x000000078de00000,0x0000000791200000)
 ParOldGen       total 87552K, used 87336K [0x00000006c0000000, 0x00000006c5580000, 0x000000076ab00000)
  object space 87552K, 99% used [0x00000006c0000000,0x00000006c554a2a8,0x00000006c5580000)
 Metaspace       used 6386K, capacity 7280K, committed 7552K, reserved 1056768K
  class space    used 586K, capacity 616K, committed 640K, reserved 1048576K
Event: 17.239 GC heap after
Heap after GC invocations=12 (full 5):
 PSYoungGen      total 295424K, used 122252K [0x000000076ab00000, 0x0000000791200000, 0x00000007c0000000)
  eden space 261632K, 46% used [0x000000076ab00000,0x00000007722631d8,0x000000077aa80000)
  from space 33792K, 0% used [0x000000077aa80000,0x000000077aa80000,0x000000077cb80000)
  to   space 53248K, 0% used [0x000000078de00000,0x000000078de00000,0x0000000791200000)
 ParOldGen       total 87552K, used 87335K [0x00000006c0000000, 0x00000006c5580000, 0x000000076ab00000)
  object space 87552K, 99% used [0x00000006c0000000,0x00000006c5549e48,0x00000006c5580000)
 Metaspace       used 6386K, capacity 7280K, committed 7552K, reserved 1056768K
  class space    used 586K, capacity 616K, committed 640K, reserved 1048576K
}
Event: 17.906 GC heap before
{Heap before GC invocations=13 (full 6):
 PSYoungGen      total 295424K, used 261632K [0x000000076ab00000, 0x0000000791200000, 0x00000007c0000000)
  eden space 261632K, 100% used [0x000000076ab00000,0x000000077aa80000,0x000000077aa80000)
  from space 33792K, 0% used [0x000000077aa80000,0x000000077aa80000,0x000000077cb80000)
  to   space 53248K, 0% used [0x000000078de00000,0x000000078de00000,0x0000000791200000)
 ParOldGen       total 87552K, used 87335K [0x00000006c0000000, 0x00000006c5580000, 0x000000076ab00000)
  object space 87552K, 99% used [0x00000006c0000000,0x00000006c5549e48,0x00000006c5580000)
 Metaspace       used 6391K, capacity 7280K, committed 7552K, reserved 1056768K
  class space    used 586K, capacity 616K, committed 640K, reserved 1048576K
Event: 19.177 GC heap after
Heap after GC invocations=13 (full 6):
 PSYoungGen      total 295424K, used 142573K [0x000000076ab00000, 0x0000000791200000, 0x00000007c0000000)
  eden space 261632K, 54% used [0x000000076ab00000,0x000000077363b668,0x000000077aa80000)
  from space 33792K, 0% used [0x000000077aa80000,0x000000077aa80000,0x000000077cb80000)
  to   space 53248K, 0% used [0x000000078de00000,0x000000078de00000,0x0000000791200000)
 ParOldGen       total 87552K, used 87334K [0x00000006c0000000, 0x00000006c5580000, 0x000000076ab00000)
  object space 87552K, 99% used [0x00000006c0000000,0x00000006c5549908,0x00000006c5580000)
 Metaspace       used 6391K, capacity 7280K, committed 7552K, reserved 1056768K
  class space    used 586K, capacity 616K, committed 640K, reserved 1048576K
}
Event: 19.774 GC heap before
{Heap before GC invocations=14 (full 7):
 PSYoungGen      total 295424K, used 261632K [0x000000076ab00000, 0x0000000791200000, 0x00000007c0000000)
  eden space 261632K, 100% used [0x000000076ab00000,0x000000077aa80000,0x000000077aa80000)
  from space 33792K, 0% used [0x000000077aa80000,0x000000077aa80000,0x000000077cb80000)
  to   space 53248K, 0% used [0x000000078de00000,0x000000078de00000,0x0000000791200000)
 ParOldGen       total 87552K, used 87334K [0x00000006c0000000, 0x00000006c5580000, 0x000000076ab00000)
  object space 87552K, 99% used [0x00000006c0000000,0x00000006c5549908,0x00000006c5580000)
 Metaspace       used 6393K, capacity 7280K, committed 7552K, reserved 1056768K
  class space    used 587K, capacity 616K, committed 640K, reserved 1048576K
Event: 21.254 GC heap after
Heap after GC invocations=14 (full 7):
 PSYoungGen      total 295424K, used 160138K [0x000000076ab00000, 0x0000000791200000, 0x00000007c0000000)
  eden space 261632K, 61% used [0x000000076ab00000,0x0000000774762b70,0x000000077aa80000)
  from space 33792K, 0% used [0x000000077aa80000,0x000000077aa80000,0x000000077cb80000)
  to   space 53248K, 0% used [0x000000078de00000,0x000000078de00000,0x0000000791200000)
 ParOldGen       total 87552K, used 87333K [0x00000006c0000000, 0x00000006c5580000, 0x000000076ab00000)
  object space 87552K, 99% used [0x00000006c0000000,0x00000006c5549688,0x00000006c5580000)
 Metaspace       used 6393K, capacity 7280K, committed 7552K, reserved 1056768K
  class space    used 587K, capacity 616K, committed 640K, reserved 1048576K
}

Deoptimization events (10 events):
Event: 13.360 Thread 0x000000001d794000 Uncommon trap: reason=unstable_if action=reinterpret pc=0x0000000003cf7464 method=com.android.dx.ssa.SsaMethod.makeExitBlock()V @ 103
Event: 13.360 Thread 0x000000001d794000 Uncommon trap: reason=unstable_if action=reinterpret pc=0x0000000003910c5c method=com.android.dx.ssa.SsaMethod.getExitBlock()Lcom/android/dx/ssa/SsaBasicBlock; @ 4
Event: 13.360 Thread 0x000000001d794000 Uncommon trap: reason=unstable_if action=reinterpret pc=0x00000000036f50fc method=com.android.dx.ssa.SsaMethod.getExitBlock()Lcom/android/dx/ssa/SsaBasicBlock; @ 4
Event: 13.361 Thread 0x000000001d794000 Uncommon trap: reason=unstable_if action=reinterpret pc=0x0000000003d2c4fc method=com.android.dx.ssa.SsaMethod.getExitBlock()Lcom/android/dx/ssa/SsaBasicBlock; @ 4
Event: 13.549 Thread 0x000000001dbde000 Uncommon trap: reason=unstable_if action=reinterpret pc=0x0000000003bb6d24 method=java.util.HashMap.putVal(ILjava/lang/Object;Ljava/lang/Object;ZZ)Ljava/lang/Object; @ 109
Event: 15.926 Thread 0x000000001dbde800 Uncommon trap: reason=bimorphic action=maybe_recompile pc=0x0000000003b1d02c method=com.android.dx.ssa.LiteralOpUpgrader.tryReplacingWithConstant(Lcom/android/dx/ssa/NormalSsaInsn;)Z @ 62
Event: 17.242 Thread 0x000000001dbde000 Uncommon trap: reason=class_check action=maybe_recompile pc=0x0000000003e2c8c4 method=com.android.dx.ssa.SCCP.replaceConstants()V @ 182
Event: 17.248 Thread 0x000000001dbde000 Uncommon trap: reason=class_check action=maybe_recompile pc=0x0000000003e2c8c4 method=com.android.dx.ssa.SCCP.replaceConstants()V @ 182
Event: 17.333 Thread 0x000000001d794000 Uncommon trap: reason=bimorphic action=maybe_recompile pc=0x0000000003b1d02c method=com.android.dx.ssa.LiteralOpUpgrader.tryReplacingWithConstant(Lcom/android/dx/ssa/NormalSsaInsn;)Z @ 62
Event: 19.252 Thread 0x000000001dbde800 Uncommon trap: reason=unstable_if action=reinterpret pc=0x00000000037d57b8 method=com.android.dx.rop.code.RegisterSpec.equals(ILcom/android/dx/rop/type/TypeBearer;Lcom/android/dx/rop/code/LocalItem;)Z @ 42

Internal exceptions (8 events):
Event: 0.033 Thread 0x0000000000e50800 Exception <a 'java/lang/NoSuchMethodError': Method sun.misc.Unsafe.defineClass(Ljava/lang/String;[BII)Ljava/lang/Class; name or signature does not match> (0x000000076ab07c78) thrown at [C:\src\android\AOSP-openjdk\external\jetbrains\jdk\hotspot\src\share\vŸ¾hÿÓ ?
Event: 0.033 Thread 0x0000000000e50800 Exception <a 'java/lang/NoSuchMethodError': Method sun.misc.Unsafe.prefetchRead(Ljava/lang/Object;J)V name or signature does not match> (0x000000076ab07f60) thrown at [C:\src\android\AOSP-openjdk\external\jetbrains\jdk\hotspot\src\share\vm\prims\jni.cpp, l–Ä8í?
Event: 0.907 Thread 0x000000001dbde000 Implicit null exception at 0x0000000003718822 to 0x0000000003718922
Event: 1.179 Thread 0x000000001d7cd000 Implicit null exception at 0x00000000037a90af to 0x00000000037a9c41
Event: 1.659 Thread 0x0000000000e50800 Implicit null exception at 0x00000000038ce4b5 to 0x00000000038ce67d
Event: 1.929 Thread 0x000000001d7cd000 Exception <a 'java/lang/ArrayIndexOutOfBoundsException': 18> (0x000000076d0b2ed0) thrown at [C:\src\android\AOSP-openjdk\external\jetbrains\jdk\hotspot\src\share\vm\interpreter\interpreterRuntime.cpp, line 366]
Event: 1.930 Thread 0x000000001d7cd000 Exception <a 'java/lang/ArrayIndexOutOfBoundsException': 145> (0x000000076d0b4a50) thrown at [C:\src\android\AOSP-openjdk\external\jetbrains\jdk\hotspot\src\share\vm\interpreter\interpreterRuntime.cpp, line 366]
Event: 1.931 Thread 0x000000001d7cd000 Exception <a 'java/lang/ArrayIndexOutOfBoundsException'> (0x000000076d0b5d38) thrown at [C:\src\android\AOSP-openjdk\external\jetbrains\jdk\hotspot\src\share\vm\runtime\sharedRuntime.cpp, line 605]

Events (10 events):
Event: 19.290 Thread 0x000000001dbde000 DEOPT PACKING pc=0x00000000038e4c82 sp=0x000000001e55e430
Event: 19.290 Thread 0x000000001dbde000 DEOPT UNPACKING pc=0x00000000034475bf sp=0x000000001e55e270 mode 0
Event: 19.575 Thread 0x000000001dbde800 DEOPT PACKING pc=0x00000000038e4c82 sp=0x000000001e65e600
Event: 19.575 Thread 0x000000001dbde800 DEOPT UNPACKING pc=0x00000000034475bf sp=0x000000001e65e440 mode 0
Event: 19.627 loading class com/android/dx/cf/iface/ParseObserver
Event: 19.627 loading class com/android/dx/cf/iface/ParseObserver done
Event: 19.773 Executing VM operation: ParallelGCFailedAllocation
Event: 21.254 Executing VM operation: ParallelGCFailedAllocation done
Event: 21.261 Thread 0x000000001dbde800 DEOPT PACKING pc=0x00000000038e4c82 sp=0x000000001e65e6b0
Event: 21.261 Thread 0x000000001dbde800 DEOPT UNPACKING pc=0x00000000034475bf sp=0x000000001e65e4f0 mode 0


Dynamic libraries:
0x00007ff7e4b10000 - 0x00007ff7e4b41000 	C:\Program Files\Android\Android Studio\jre\bin\java.exe
0x00007ff809440000 - 0x00007ff809611000 	C:\WINDOWS\SYSTEM32\ntdll.dll
0x00007ff8078f0000 - 0x00007ff80799c000 	C:\WINDOWS\System32\KERNEL32.DLL
0x00007ff805a30000 - 0x00007ff805c4d000 	C:\WINDOWS\System32\KERNELBASE.dll
0x00007ff8069d0000 - 0x00007ff806a72000 	C:\WINDOWS\System32\ADVAPI32.dll
0x00007ff8073e0000 - 0x00007ff80747e000 	C:\WINDOWS\System32\msvcrt.dll
0x00007ff8074a0000 - 0x00007ff8074f9000 	C:\WINDOWS\System32\sechost.dll
0x00007ff809300000 - 0x00007ff809421000 	C:\WINDOWS\System32\RPCRT4.dll
0x00007ff809180000 - 0x00007ff8092e5000 	C:\WINDOWS\System32\USER32.dll
0x00007ff806730000 - 0x00007ff80674e000 	C:\WINDOWS\System32\win32u.dll
0x00007ff8073a0000 - 0x00007ff8073d4000 	C:\WINDOWS\System32\GDI32.dll
0x00007ff806330000 - 0x00007ff8064b2000 	C:\WINDOWS\System32\gdi32full.dll
0x00007ffffbe60000 - 0x00007ffffc0da000 	C:\WINDOWS\WinSxS\amd64_microsoft.windows.common-controls_6595b64144ccf1df_6.0.14393.953_none_42151e83c686086b\COMCTL32.dll
0x00007ff8079a0000 - 0x00007ff807c68000 	C:\WINDOWS\System32\combase.dll
0x00007ff806520000 - 0x00007ff806615000 	C:\WINDOWS\System32\ucrtbase.dll
0x00007ff806620000 - 0x00007ff80668a000 	C:\WINDOWS\System32\bcryptPrimitives.dll
0x00007ff807740000 - 0x00007ff80776e000 	C:\WINDOWS\System32\IMM32.DLL
0x0000000076630000 - 0x0000000076702000 	C:\Program Files\Android\Android Studio\jre\jre\bin\msvcr100.dll
0x00000000767f0000 - 0x000000007702c000 	C:\Program Files\Android\Android Studio\jre\jre\bin\server\jvm.dll
0x00007ff8092f0000 - 0x00007ff8092f8000 	C:\WINDOWS\System32\PSAPI.DLL
0x00007ff803750000 - 0x00007ff803773000 	C:\WINDOWS\SYSTEM32\WINMM.dll
0x00007ffff8450000 - 0x00007ffff845a000 	C:\WINDOWS\SYSTEM32\VERSION.dll
0x00007ffffbbe0000 - 0x00007ffffbbe9000 	C:\WINDOWS\SYSTEM32\WSOCK32.dll
0x00007ff8077e0000 - 0x00007ff80784a000 	C:\WINDOWS\System32\WS2_32.dll
0x0000000000cd0000 - 0x0000000000cfb000 	C:\WINDOWS\SYSTEM32\WINMMBASE.dll
0x00007ff8059e0000 - 0x00007ff805a22000 	C:\WINDOWS\System32\cfgmgr32.dll
0x00007ff803c10000 - 0x00007ff803c1f000 	C:\Program Files\Android\Android Studio\jre\jre\bin\verify.dll
0x00007ffffeba0000 - 0x00007ffffebc9000 	C:\Program Files\Android\Android Studio\jre\jre\bin\java.dll
0x00007fffff5d0000 - 0x00007fffff5e6000 	C:\Program Files\Android\Android Studio\jre\jre\bin\zip.dll
0x00007ff807c70000 - 0x00007ff809178000 	C:\WINDOWS\System32\SHELL32.dll
0x00007ff805c50000 - 0x00007ff80632a000 	C:\WINDOWS\System32\windows.storage.dll
0x00007ff8058e0000 - 0x00007ff80592c000 	C:\WINDOWS\System32\powrprof.dll
0x00007ff807780000 - 0x00007ff8077d2000 	C:\WINDOWS\System32\shlwapi.dll
0x00007ff8058d0000 - 0x00007ff8058df000 	C:\WINDOWS\System32\kernel.appcore.dll
0x00007ff805930000 - 0x00007ff8059d9000 	C:\WINDOWS\System32\shcore.dll
0x00007ff8058a0000 - 0x00007ff8058b4000 	C:\WINDOWS\System32\profapi.dll

VM Arguments:
jvm_args: -Djava.awt.headless=true -Xmx4g -Dfile.encoding=windows-1251 -Duser.country=RU -Duser.language=ru -Duser.variant 
java_command: com.android.dx.command.Main --dex --num-threads=4 --multi-dex --main-dex-list C:\Users\User\Documents\GitHub\UTair\UTair\app\build\intermediates\multi-dex\debug\maindexlist.txt --output C:\Users\User\Documents\GitHub\UTair\UTair\app\build\intermediates\transforms\dex\debug\folders\1000\1f\main C:\Users\User\Documents\GitHub\UTair\UTair\app\build\intermediates\transforms\jarMerging\debug\jars\1\1f\combined.jar
java_class_path (initial): C:\Users\User\AppData\Local\Android\sdk\build-tools\25.0.2\lib\dx.jar
Launcher Type: SUN_STANDARD

Environment Variables:
PATH=C:\ProgramData\Oracle\Java\javapath;C:\Program Files\Broadcom\Broadcom 802.11 Network Adapter;C:\Program Files (x86)\NVIDIA Corporation\PhysX\Common;C:\Program Files (x86)\Intel\iCLS Client\;C:\Program Files\Intel\iCLS Client\;C:\Windows\system32;C:\Windows;C:\Windows\System32\Wbem;C:\Windows\System32\WindowsPowerShell\v1.0\;C:\Program Files\Intel\Intel(R) Management Engine Components\DAL;C:\Program Files\Intel\Intel(R) Management Engine Components\IPT;C:\Program Files (x86)\Intel\Intel(R) Management Engine Components\DAL;C:\Program Files (x86)\Intel\Intel(R) Management Engine Components\IPT;C:\Program Files\WIDCOMM\Bluetooth Software\;C:\Program Files\WIDCOMM\Bluetooth Software\syswow64;C:\Program Files\Acer\Remote Files\;C:\Program Files\OpenVPN\bin;C:\WINDOWS\system32;C:\WINDOWS;C:\WINDOWS\System32\Wbem;C:\WINDOWS\System32\WindowsPowerShell\v1.0\;C:\Users\User\AppData\Local\Microsoft\WindowsApps;
USERNAME=User
OS=Windows_NT
PROCESSOR_IDENTIFIER=Intel64 Family 6 Model 69 Stepping 1, GenuineIntel



---------------  S Y S T E M  ---------------

OS: Windows 10.0 , 64 bit Build 14393 (10.0.14393.1198)

CPU:total 4 (2 cores per cpu, 2 threads per core) family 6 model 69 stepping 1, cmov, cx8, fxsr, mmx, sse, sse2, sse3, ssse3, sse4.1, sse4.2, popcnt, avx, avx2, aes, clmul, erms, lzcnt, ht, tsc, tscinvbit, bmi1, bmi2

Memory: 4k page, physical 8310040k(899812k free), swap 12406040k(3148k free)

vm_info: OpenJDK 64-Bit Server VM (25.112-b06) for windows-amd64 JRE (1.8.0_112-release-b06), built on Dec  8 2016 00:54:26 by "builder" with MS VC++ 10.0 (VS2010)

time: Fri May 19 16:16:54 2017
elapsed time: 21 seconds (0d 0h 0m 21s)

