#
# There is insufficient memory for the Java Runtime Environment to continue.
# Native memory allocation (malloc) failed to allocate 638496 bytes for Chunk::new
# Possible reasons:
#   The system is out of physical RAM or swap space
#   In 32 bit mode, the process size limit was hit
# Possible solutions:
#   Reduce memory load on the system
#   Increase physical memory or swap space
#   Check if swap backing store is full
#   Use 64 bit Java on a 64 bit OS
#   Decrease Java heap size (-Xmx/-Xms)
#   Decrease number of Java threads
#   Decrease Java thread stack sizes (-Xss)
#   Set larger code cache with -XX:ReservedCodeCacheSize=
# This output file may be truncated or incomplete.
#
#  Out of Memory Error (allocation.cpp:390), pid=16096, tid=0x0000000000003e18
#
# JRE version: OpenJDK Runtime Environment (8.0_112-b06) (build 1.8.0_112-release-b06)
# Java VM: OpenJDK 64-Bit Server VM (25.112-b06 mixed mode windows-amd64 compressed oops)
# Failed to write core dump. Minidumps are not enabled by default on client versions of Windows
#

---------------  T H R E A D  ---------------

Current thread (0x000000001c8d1000):  JavaThread "C2 CompilerThread1" daemon [_thread_in_native, id=15896, stack(0x000000001e020000,0x000000001e120000)]

Stack: [0x000000001e020000,0x000000001e120000]
[error occurred during error reporting (printing stack bounds), id 0xc0000005]

Native frames: (J=compiled Java code, j=interpreted, Vv=VM code, C=native code)


Current CompileTask:
C2:  25622 2557       4       com.android.dx.dex.file.DexFile::internIfAppropriate (128 bytes)


---------------  P R O C E S S  ---------------

Java Threads: ( => current thread )
  0x0000000001ca0800 JavaThread "DestroyJavaVM" [_thread_blocked, id=6320, stack(0x0000000001ba0000,0x0000000001ca0000)]
  0x000000001e245000 JavaThread "Service Thread" daemon [_thread_blocked, id=7664, stack(0x000000001e620000,0x000000001e720000)]
  0x000000001c8d5000 JavaThread "C1 CompilerThread2" daemon [_thread_blocked, id=5848, stack(0x000000001e120000,0x000000001e220000)]
=>0x000000001c8d1000 JavaThread "C2 CompilerThread1" daemon [_thread_in_native, id=15896, stack(0x000000001e020000,0x000000001e120000)]
  0x000000001c8ce000 JavaThread "C2 CompilerThread0" daemon [_thread_in_native, id=15220, stack(0x000000001df20000,0x000000001e020000)]
  0x000000001c8cc800 JavaThread "Attach Listener" daemon [_thread_blocked, id=14512, stack(0x000000001de20000,0x000000001df20000)]
  0x000000001c8cb000 JavaThread "Signal Dispatcher" daemon [_thread_blocked, id=10408, stack(0x000000001dd20000,0x000000001de20000)]
  0x0000000001d9b800 JavaThread "Finalizer" daemon [_thread_blocked, id=12420, stack(0x000000001db30000,0x000000001dc30000)]
  0x0000000001d90800 JavaThread "Reference Handler" daemon [_thread_blocked, id=4160, stack(0x000000001da30000,0x000000001db30000)]

Other Threads:
  0x000000001c895000 VMThread [stack: 0x000000001d930000,0x000000001da30000] [id=3880]
  0x000000001e246800 WatcherThread [stack: 0x000000001e720000,0x000000001e820000] [id=10736]

VM state:not at safepoint (normal execution)

VM Mutex/Monitor currently owned by a thread: None

Heap:
 PSYoungGen      total 456704K, used 400071K [0x000000076ab00000, 0x000000078fc80000, 0x00000007c0000000)
  eden space 436736K, 87% used [0x000000076ab00000,0x0000000781e36a88,0x0000000785580000)
  from space 19968K, 99% used [0x000000078ca80000,0x000000078ddfb1e0,0x000000078de00000)
  to   space 85504K, 0% used [0x0000000785580000,0x0000000785580000,0x000000078a900000)
 ParOldGen       total 453632K, used 321450K [0x00000006c0000000, 0x00000006dbb00000, 0x000000076ab00000)
  object space 453632K, 70% used [0x00000006c0000000,0x00000006d39ea988,0x00000006dbb00000)
 Metaspace       used 7214K, capacity 7768K, committed 7936K, reserved 1056768K
  class space    used 640K, capacity 656K, committed 768K, reserved 1048576K

Card table byte_map: [0x00000000127c0000,0x0000000012fd0000] byte_map_base: 0x000000000f1c0000

Marking Bits: (ParMarkBitMap*) 0x0000000076b718f0
 Begin Bits: [0x0000000013730000, 0x0000000017730000)
 End Bits:   [0x0000000017730000, 0x000000001b730000)

Polling page: 0x0000000001340000

CodeCache: size=245760Kb used=15080Kb max_used=15080Kb free=230679Kb
 bounds [0x0000000003400000, 0x00000000042d0000, 0x0000000012400000]
 total_blobs=3375 nmethods=3103 adapters=185
 compilation: enabled

Compilation events (10 events):
Event: 25.371 Thread 0x000000001c8d5000 nmethod 3201 0x00000000042adbd0 code [0x00000000042adf20, 0x00000000042aee68]
Event: 25.381 Thread 0x000000001c8d5000 3202       1       com.android.dx.rop.cst.CstString::getBytes (5 bytes)
Event: 25.381 Thread 0x000000001c8d5000 nmethod 3202 0x0000000004298790 code [0x00000000042988e0, 0x00000000042989f0]
Event: 25.381 Thread 0x000000001c8d5000 3203       2       com.android.dx.dex.file.StringDataItem::writeTo0 (103 bytes)
Event: 25.382 Thread 0x000000001c8d5000 nmethod 3203 0x00000000042afe90 code [0x00000000042b00e0, 0x00000000042b09e8]
Event: 25.382 Thread 0x000000001c8d5000 3204       2       com.android.dx.util.ByteArrayAnnotatedOutput::write (61 bytes)
Event: 25.383 Thread 0x000000001c8d5000 nmethod 3204 0x0000000004298190 code [0x0000000004298320, 0x00000000042985c8]
Event: 25.383 Thread 0x000000001c8d5000 3205       2       com.android.dx.util.ByteArray::getBytes (39 bytes)
Event: 25.383 Thread 0x000000001c8d5000 nmethod 3205 0x00000000042b1250 code [0x00000000042b13c0, 0x00000000042b1698]
Event: 25.397 Thread 0x000000001c8d5000 3206 %     3       com.android.dx.dex.file.MixedItemSection::writeTo0 @ 27 (155 bytes)

GC Heap History (10 events):
Event: 8.695 GC heap before
{Heap before GC invocations=10 (full 1):
 PSYoungGen      total 366080K, used 365921K [0x000000076ab00000, 0x0000000790100000, 0x00000007c0000000)
  eden space 329728K, 100% used [0x000000076ab00000,0x000000077ed00000,0x000000077ed00000)
  from space 36352K, 99% used [0x000000078dd80000,0x00000007900d85b8,0x0000000790100000)
  to   space 55808K, 0% used [0x0000000789400000,0x0000000789400000,0x000000078ca80000)
 ParOldGen       total 173056K, used 87351K [0x00000006c0000000, 0x00000006ca900000, 0x000000076ab00000)
  object space 173056K, 50% used [0x00000006c0000000,0x00000006c554dee0,0x00000006ca900000)
 Metaspace       used 6372K, capacity 7280K, committed 7552K, reserved 1056768K
  class space    used 586K, capacity 616K, committed 640K, reserved 1048576K
Event: 8.883 GC heap after
Heap after GC invocations=10 (full 1):
 PSYoungGen      total 442368K, used 55793K [0x000000076ab00000, 0x000000078de00000, 0x00000007c0000000)
  eden space 386560K, 0% used [0x000000076ab00000,0x000000076ab00000,0x0000000782480000)
  from space 55808K, 99% used [0x0000000789400000,0x000000078ca7c588,0x000000078ca80000)
  to   space 19968K, 0% used [0x000000078ca80000,0x000000078ca80000,0x000000078de00000)
 ParOldGen       total 173056K, used 117354K [0x00000006c0000000, 0x00000006ca900000, 0x000000076ab00000)
  object space 173056K, 67% used [0x00000006c0000000,0x00000006c729aa00,0x00000006ca900000)
 Metaspace       used 6372K, capacity 7280K, committed 7552K, reserved 1056768K
  class space    used 586K, capacity 616K, committed 640K, reserved 1048576K
}
Event: 10.781 GC heap before
{Heap before GC invocations=11 (full 1):
 PSYoungGen      total 442368K, used 442353K [0x000000076ab00000, 0x000000078de00000, 0x00000007c0000000)
  eden space 386560K, 100% used [0x000000076ab00000,0x0000000782480000,0x0000000782480000)
  from space 55808K, 99% used [0x0000000789400000,0x000000078ca7c588,0x000000078ca80000)
  to   space 19968K, 0% used [0x000000078ca80000,0x000000078ca80000,0x000000078de00000)
 ParOldGen       total 173056K, used 117354K [0x00000006c0000000, 0x00000006ca900000, 0x000000076ab00000)
  object space 173056K, 67% used [0x00000006c0000000,0x00000006c729aa00,0x00000006ca900000)
 Metaspace       used 6396K, capacity 7280K, committed 7552K, reserved 1056768K
  class space    used 586K, capacity 616K, committed 640K, reserved 1048576K
Event: 11.283 GC heap after
Heap after GC invocations=11 (full 1):
 PSYoungGen      total 442368K, used 442353K [0x000000076ab00000, 0x000000078de00000, 0x00000007c0000000)
  eden space 386560K, 100% used [0x000000076ab00000,0x0000000782480000,0x0000000782480000)
  from space 55808K, 99% used [0x0000000789400000,0x000000078ca7c588,0x000000078ca80000)
  to   space 19968K, 99% used [0x000000078ca80000,0x000000078ddf8748,0x000000078de00000)
 ParOldGen       total 209408K, used 209206K [0x00000006c0000000, 0x00000006ccc80000, 0x000000076ab00000)
  object space 209408K, 99% used [0x00000006c0000000,0x00000006ccc4d9a0,0x00000006ccc80000)
 Metaspace       used 6396K, capacity 7280K, committed 7552K, reserved 1056768K
  class space    used 586K, capacity 616K, committed 640K, reserved 1048576K
}
Event: 11.283 GC heap before
{Heap before GC invocations=12 (full 2):
 PSYoungGen      total 442368K, used 442353K [0x000000076ab00000, 0x000000078de00000, 0x00000007c0000000)
  eden space 386560K, 100% used [0x000000076ab00000,0x0000000782480000,0x0000000782480000)
  from space 55808K, 99% used [0x0000000789400000,0x000000078ca7c588,0x000000078ca80000)
  to   space 19968K, 99% used [0x000000078ca80000,0x000000078ddf8748,0x000000078de00000)
 ParOldGen       total 209408K, used 209206K [0x00000006c0000000, 0x00000006ccc80000, 0x000000076ab00000)
  object space 209408K, 99% used [0x00000006c0000000,0x00000006ccc4d9a0,0x00000006ccc80000)
 Metaspace       used 6396K, capacity 7280K, committed 7552K, reserved 1056768K
  class space    used 586K, capacity 616K, committed 640K, reserved 1048576K
Event: 13.099 GC heap after
Heap after GC invocations=12 (full 2):
 PSYoungGen      total 442368K, used 0K [0x000000076ab00000, 0x000000078de00000, 0x00000007c0000000)
  eden space 386560K, 0% used [0x000000076ab00000,0x000000076ab00000,0x0000000782480000)
  from space 55808K, 0% used [0x0000000789400000,0x0000000789400000,0x000000078ca80000)
  to   space 19968K, 73% used [0x000000078ca80000,0x000000078d8e7d50,0x000000078de00000)
 ParOldGen       total 339968K, used 209024K [0x00000006c0000000, 0x00000006d4c00000, 0x000000076ab00000)
  object space 339968K, 61% used [0x00000006c0000000,0x00000006ccc203b0,0x00000006d4c00000)
 Metaspace       used 6396K, capacity 7280K, committed 7552K, reserved 1056768K
  class space    used 586K, capacity 616K, committed 640K, reserved 1048576K
}
Event: 14.837 GC heap before
{Heap before GC invocations=13 (full 3):
 PSYoungGen      total 442368K, used 386560K [0x000000076ab00000, 0x000000078de00000, 0x00000007c0000000)
  eden space 386560K, 100% used [0x000000076ab00000,0x0000000782480000,0x0000000782480000)
  from space 55808K, 0% used [0x0000000789400000,0x0000000789400000,0x000000078ca80000)
  to   space 19968K, 73% used [0x000000078ca80000,0x000000078d8e7d50,0x000000078de00000)
 ParOldGen       total 339968K, used 209024K [0x00000006c0000000, 0x00000006d4c00000, 0x000000076ab00000)
  object space 339968K, 61% used [0x00000006c0000000,0x00000006ccc203b0,0x00000006d4c00000)
 Metaspace       used 6403K, capacity 7280K, committed 7552K, reserved 1056768K
  class space    used 586K, capacity 616K, committed 640K, reserved 1048576K
Event: 16.459 GC heap after
Heap after GC invocations=13 (full 3):
 PSYoungGen      total 442368K, used 0K [0x000000076ab00000, 0x000000078de00000, 0x00000007c0000000)
  eden space 386560K, 0% used [0x000000076ab00000,0x000000076ab00000,0x0000000782480000)
  from space 55808K, 0% used [0x0000000789400000,0x0000000789400000,0x000000078ca80000)
  to   space 19968K, 0% used [0x000000078ca80000,0x000000078ca80000,0x000000078de00000)
 ParOldGen       total 453632K, used 279168K [0x00000006c0000000, 0x00000006dbb00000, 0x000000076ab00000)
  object space 453632K, 61% used [0x00000006c0000000,0x00000006d10a0220,0x00000006dbb00000)
 Metaspace       used 6403K, capacity 7280K, committed 7552K, reserved 1056768K
  class space    used 586K, capacity 616K, committed 640K, reserved 1048576K
}
Event: 18.271 GC heap before
{Heap before GC invocations=14 (full 3):
 PSYoungGen      total 442368K, used 386560K [0x000000076ab00000, 0x000000078de00000, 0x00000007c0000000)
  eden space 386560K, 100% used [0x000000076ab00000,0x0000000782480000,0x0000000782480000)
  from space 55808K, 0% used [0x0000000789400000,0x0000000789400000,0x000000078ca80000)
  to   space 19968K, 0% used [0x000000078ca80000,0x000000078ca80000,0x000000078de00000)
 ParOldGen       total 453632K, used 279168K [0x00000006c0000000, 0x00000006dbb00000, 0x000000076ab00000)
  object space 453632K, 61% used [0x00000006c0000000,0x00000006d10a0220,0x00000006dbb00000)
 Metaspace       used 6406K, capacity 7280K, committed 7552K, reserved 1056768K
  class space    used 586K, capacity 616K, committed 640K, reserved 1048576K
Event: 18.364 GC heap after
Heap after GC invocations=14 (full 3):
 PSYoungGen      total 456704K, used 19948K [0x000000076ab00000, 0x000000078fc80000, 0x00000007c0000000)
  eden space 436736K, 0% used [0x000000076ab00000,0x000000076ab00000,0x0000000785580000)
  from space 19968K, 99% used [0x000000078ca80000,0x000000078ddfb1e0,0x000000078de00000)
  to   space 85504K, 0% used [0x0000000785580000,0x0000000785580000,0x000000078a900000)
 ParOldGen       total 453632K, used 321450K [0x00000006c0000000, 0x00000006dbb00000, 0x000000076ab00000)
  object space 453632K, 70% used [0x00000006c0000000,0x00000006d39ea988,0x00000006dbb00000)
 Metaspace       used 6406K, capacity 7280K, committed 7552K, reserved 1056768K
  class space    used 586K, capacity 616K, committed 640K, reserved 1048576K
}

Deoptimization events (10 events):
Event: 19.410 Thread 0x000000001e951000 Uncommon trap: reason=class_check action=maybe_recompile pc=0x0000000003b7b400 method=java.util.Arrays.hashCode([Ljava/lang/Object;)I @ 43
Event: 19.410 Thread 0x000000001e951000 Uncommon trap: reason=class_check action=maybe_recompile pc=0x0000000003a3adb4 method=java.util.Arrays.hashCode([Ljava/lang/Object;)I @ 43
Event: 21.124 Thread 0x000000001e951000 Uncommon trap: reason=class_check action=maybe_recompile pc=0x000000000377ff2c method=java.util.Arrays.equals([Ljava/lang/Object;[Ljava/lang/Object;)Z @ 62
Event: 21.124 Thread 0x000000001e951000 Uncommon trap: reason=class_check action=maybe_recompile pc=0x000000000377ff2c method=java.util.Arrays.equals([Ljava/lang/Object;[Ljava/lang/Object;)Z @ 62
Event: 21.124 Thread 0x000000001e951000 Uncommon trap: reason=class_check action=maybe_recompile pc=0x000000000377ff2c method=java.util.Arrays.equals([Ljava/lang/Object;[Ljava/lang/Object;)Z @ 62
Event: 21.124 Thread 0x000000001e951000 Uncommon trap: reason=unstable_if action=reinterpret pc=0x000000000377ff60 method=java.util.Arrays.equals([Ljava/lang/Object;[Ljava/lang/Object;)Z @ 23
Event: 21.324 Thread 0x000000001e951000 Uncommon trap: reason=unstable_if action=reinterpret pc=0x000000000367614c method=java.util.TreeMap.put(Ljava/lang/Object;Ljava/lang/Object;)Ljava/lang/Object; @ 163
Event: 21.337 Thread 0x000000001e951000 Uncommon trap: reason=unstable_if action=reinterpret pc=0x0000000003e8fc70 method=com.android.dx.rop.code.RegisterSpecSet.equals(Ljava/lang/Object;)Z @ 30
Event: 21.724 Thread 0x000000001e951000 Uncommon trap: reason=unstable_if action=reinterpret pc=0x00000000040c3110 method=com.android.dx.rop.code.RegisterSpec.equalsUsingSimpleType(Lcom/android/dx/rop/code/RegisterSpec;)Z @ 5
Event: 23.364 Thread 0x000000001e951000 Uncommon trap: reason=unstable_if action=reinterpret pc=0x00000000041648c8 method=com.android.dx.dex.code.OutputFinisher.align64bits([Lcom/android/dx/dex/code/Dop;)V @ 177

Internal exceptions (8 events):
Event: 0.029 Thread 0x0000000001ca0800 Exception <a 'java/lang/NoSuchMethodError': Method sun.misc.Unsafe.defineClass(Ljava/lang/String;[BII)Ljava/lang/Class; name or signature does not match> (0x000000076ab07c78) thrown at [C:\src\android\AOSP-openjdk\external\jetbrains\jdk\hotspot\src\share\v 5_•_Íù?
Event: 0.029 Thread 0x0000000001ca0800 Exception <a 'java/lang/NoSuchMethodError': Method sun.misc.Unsafe.prefetchRead(Ljava/lang/Object;J)V name or signature does not match> (0x000000076ab07f60) thrown at [C:\src\android\AOSP-openjdk\external\jetbrains\jdk\hotspot\src\share\vm\prims\jni.cpp, lÆö~ÓFÍ?
Event: 0.821 Thread 0x000000001e5ae000 Implicit null exception at 0x0000000003737962 to 0x0000000003737a62
Event: 0.951 Thread 0x000000001ec80000 Implicit null exception at 0x00000000037cc573 to 0x00000000037cd0e9
Event: 1.932 Thread 0x000000001ec80000 Exception <a 'java/lang/ArrayIndexOutOfBoundsException': 18> (0x000000076b0f3bf0) thrown at [C:\src\android\AOSP-openjdk\external\jetbrains\jdk\hotspot\src\share\vm\interpreter\interpreterRuntime.cpp, line 366]
Event: 1.932 Thread 0x000000001ec80000 Exception <a 'java/lang/ArrayIndexOutOfBoundsException': 145> (0x000000076b0f5770) thrown at [C:\src\android\AOSP-openjdk\external\jetbrains\jdk\hotspot\src\share\vm\interpreter\interpreterRuntime.cpp, line 366]
Event: 1.937 Thread 0x000000001ec80000 Exception <a 'java/lang/ArrayIndexOutOfBoundsException'> (0x000000076b0f6a58) thrown at [C:\src\android\AOSP-openjdk\external\jetbrains\jdk\hotspot\src\share\vm\runtime\sharedRuntime.cpp, line 605]
Event: 18.888 Thread 0x0000000001ca0800 Implicit null exception at 0x0000000003f42a84 to 0x0000000003f47a69

Events (10 events):
Event: 24.504 loading class com/android/dx/dex/file/MapItem
Event: 24.504 loading class com/android/dx/dex/file/MapItem done
Event: 24.607 loading class com/android/dex/DexFormat
Event: 24.607 loading class com/android/dex/DexFormat done
Event: 24.960 Thread 0x000000001e951000 DEOPT PACKING pc=0x0000000004264636 sp=0x00000000215be890
Event: 24.960 Thread 0x000000001e951000 DEOPT UNPACKING pc=0x00000000034475bf sp=0x00000000215be5b8 mode 0
Event: 24.965 Thread 0x000000001e951000 DEOPT PACKING pc=0x0000000004265990 sp=0x00000000215be7b0
Event: 24.965 Thread 0x000000001e951000 DEOPT UNPACKING pc=0x00000000034475bf sp=0x00000000215be598 mode 0
Event: 25.088 Thread 0x000000001e951000 DEOPT PACKING pc=0x0000000004281847 sp=0x00000000215be500
Event: 25.088 Thread 0x000000001e951000 DEOPT UNPACKING pc=0x00000000034475bf sp=0x00000000215be218 mode 0


Dynamic libraries:
0x00007ff7d6af0000 - 0x00007ff7d6b21000 	C:\Program Files\Android\Android Studio\jre\bin\java.exe
0x00007ff809440000 - 0x00007ff809611000 	C:\WINDOWS\SYSTEM32\ntdll.dll
0x00007ff8078f0000 - 0x00007ff80799c000 	C:\WINDOWS\System32\KERNEL32.DLL
0x00007ff805a30000 - 0x00007ff805c4d000 	C:\WINDOWS\System32\KERNELBASE.dll
0x00007ff8069d0000 - 0x00007ff806a72000 	C:\WINDOWS\System32\ADVAPI32.dll
0x00007ff8073e0000 - 0x00007ff80747e000 	C:\WINDOWS\System32\msvcrt.dll
0x00007ff8074a0000 - 0x00007ff8074f9000 	C:\WINDOWS\System32\sechost.dll
0x00007ff809300000 - 0x00007ff809421000 	C:\WINDOWS\System32\RPCRT4.dll
0x00007ff809180000 - 0x00007ff8092e5000 	C:\WINDOWS\System32\USER32.dll
0x00007ff806730000 - 0x00007ff80674e000 	C:\WINDOWS\System32\win32u.dll
0x00007ff8073a0000 - 0x00007ff8073d4000 	C:\WINDOWS\System32\GDI32.dll
0x00007ff806330000 - 0x00007ff8064b2000 	C:\WINDOWS\System32\gdi32full.dll
0x00007ffffbe60000 - 0x00007ffffc0da000 	C:\WINDOWS\WinSxS\amd64_microsoft.windows.common-controls_6595b64144ccf1df_6.0.14393.953_none_42151e83c686086b\COMCTL32.dll
0x00007ff8079a0000 - 0x00007ff807c68000 	C:\WINDOWS\System32\combase.dll
0x00007ff806520000 - 0x00007ff806615000 	C:\WINDOWS\System32\ucrtbase.dll
0x00007ff806620000 - 0x00007ff80668a000 	C:\WINDOWS\System32\bcryptPrimitives.dll
0x00007ff807740000 - 0x00007ff80776e000 	C:\WINDOWS\System32\IMM32.DLL
0x0000000077cc0000 - 0x0000000077d92000 	C:\Program Files\Android\Android Studio\jre\jre\bin\msvcr100.dll
0x00000000763b0000 - 0x0000000076bec000 	C:\Program Files\Android\Android Studio\jre\jre\bin\server\jvm.dll
0x00007ff8092f0000 - 0x00007ff8092f8000 	C:\WINDOWS\System32\PSAPI.DLL
0x00007ff803750000 - 0x00007ff803773000 	C:\WINDOWS\SYSTEM32\WINMM.dll
0x00007ffff8450000 - 0x00007ffff845a000 	C:\WINDOWS\SYSTEM32\VERSION.dll
0x00007ff803be0000 - 0x00007ff803be9000 	C:\WINDOWS\SYSTEM32\WSOCK32.dll
0x00007ff8077e0000 - 0x00007ff80784a000 	C:\WINDOWS\System32\WS2_32.dll
0x00007ff803720000 - 0x00007ff80374b000 	C:\WINDOWS\SYSTEM32\WINMMBASE.dll
0x00007ff8059e0000 - 0x00007ff805a22000 	C:\WINDOWS\System32\cfgmgr32.dll
0x00007ff802990000 - 0x00007ff80299f000 	C:\Program Files\Android\Android Studio\jre\jre\bin\verify.dll
0x00007ff8002d0000 - 0x00007ff8002f9000 	C:\Program Files\Android\Android Studio\jre\jre\bin\java.dll
0x00007ff801fd0000 - 0x00007ff801fe6000 	C:\Program Files\Android\Android Studio\jre\jre\bin\zip.dll
0x00007ff807c70000 - 0x00007ff809178000 	C:\WINDOWS\System32\SHELL32.dll
0x00007ff805c50000 - 0x00007ff80632a000 	C:\WINDOWS\System32\windows.storage.dll
0x00007ff8058e0000 - 0x00007ff80592c000 	C:\WINDOWS\System32\powrprof.dll
0x00007ff807780000 - 0x00007ff8077d2000 	C:\WINDOWS\System32\shlwapi.dll
0x00007ff8058d0000 - 0x00007ff8058df000 	C:\WINDOWS\System32\kernel.appcore.dll
0x00007ff805930000 - 0x00007ff8059d9000 	C:\WINDOWS\System32\shcore.dll
0x00007ff8058a0000 - 0x00007ff8058b4000 	C:\WINDOWS\System32\profapi.dll

VM Arguments:
jvm_args: -Djava.awt.headless=true -Xmx4g -Dfile.encoding=windows-1251 -Duser.country=RU -Duser.language=ru -Duser.variant 
java_command: com.android.dx.command.Main --dex --num-threads=4 --multi-dex --main-dex-list C:\Users\User\Documents\GitHub\UTair\UTair\app\build\intermediates\multi-dex\debug\maindexlist.txt --output C:\Users\User\Documents\GitHub\UTair\UTair\app\build\intermediates\transforms\dex\debug\folders\1000\1f\main C:\Users\User\Documents\GitHub\UTair\UTair\app\build\intermediates\transforms\jarMerging\debug\jars\1\1f\combined.jar
java_class_path (initial): C:\Users\User\AppData\Local\Android\sdk\build-tools\25.0.2\lib\dx.jar
Launcher Type: SUN_STANDARD

Environment Variables:
PATH=C:\ProgramData\Oracle\Java\javapath;C:\Program Files\Broadcom\Broadcom 802.11 Network Adapter;C:\Program Files (x86)\NVIDIA Corporation\PhysX\Common;C:\Program Files (x86)\Intel\iCLS Client\;C:\Program Files\Intel\iCLS Client\;C:\Windows\system32;C:\Windows;C:\Windows\System32\Wbem;C:\Windows\System32\WindowsPowerShell\v1.0\;C:\Program Files\Intel\Intel(R) Management Engine Components\DAL;C:\Program Files\Intel\Intel(R) Management Engine Components\IPT;C:\Program Files (x86)\Intel\Intel(R) Management Engine Components\DAL;C:\Program Files (x86)\Intel\Intel(R) Management Engine Components\IPT;C:\Program Files\WIDCOMM\Bluetooth Software\;C:\Program Files\WIDCOMM\Bluetooth Software\syswow64;C:\Program Files\Acer\Remote Files\;C:\Program Files\OpenVPN\bin;C:\WINDOWS\system32;C:\WINDOWS;C:\WINDOWS\System32\Wbem;C:\WINDOWS\System32\WindowsPowerShell\v1.0\;C:\Users\User\AppData\Local\Microsoft\WindowsApps;
USERNAME=User
OS=Windows_NT
PROCESSOR_IDENTIFIER=Intel64 Family 6 Model 69 Stepping 1, GenuineIntel



---------------  S Y S T E M  ---------------

OS: Windows 10.0 , 64 bit Build 14393 (10.0.14393.1198)

CPU:total 4 (2 cores per cpu, 2 threads per core) family 6 model 69 stepping 1, cmov, cx8, fxsr, mmx, sse, sse2, sse3, ssse3, sse4.1, sse4.2, popcnt, avx, avx2, aes, clmul, erms, lzcnt, ht, tsc, tscinvbit, bmi1, bmi2

Memory: 4k page, physical 8310040k(786740k free), swap 12406040k(10884k free)

vm_info: OpenJDK 64-Bit Server VM (25.112-b06) for windows-amd64 JRE (1.8.0_112-release-b06), built on Dec  8 2016 00:54:26 by "builder" with MS VC++ 10.0 (VS2010)

time: Mon May 22 11:49:28 2017
elapsed time: 25 seconds (0d 0h 0m 25s)

