#
# There is insufficient memory for the Java Runtime Environment to continue.
# Native memory allocation (malloc) failed to allocate 859856 bytes for Chunk::new
# Possible reasons:
#   The system is out of physical RAM or swap space
#   In 32 bit mode, the process size limit was hit
# Possible solutions:
#   Reduce memory load on the system
#   Increase physical memory or swap space
#   Check if swap backing store is full
#   Use 64 bit Java on a 64 bit OS
#   Decrease Java heap size (-Xmx/-Xms)
#   Decrease number of Java threads
#   Decrease Java thread stack sizes (-Xss)
#   Set larger code cache with -XX:ReservedCodeCacheSize=
# This output file may be truncated or incomplete.
#
#  Out of Memory Error (allocation.cpp:390), pid=7356, tid=0x0000000000001874
#
# JRE version: OpenJDK Runtime Environment (8.0_112-b06) (build 1.8.0_112-release-b06)
# Java VM: OpenJDK 64-Bit Server VM (25.112-b06 mixed mode windows-amd64 compressed oops)
# Failed to write core dump. Minidumps are not enabled by default on client versions of Windows
#

---------------  T H R E A D  ---------------

Current thread (0x000000001c50d000):  JavaThread "C2 CompilerThread1" daemon [_thread_in_native, id=6260, stack(0x000000001dc90000,0x000000001dd90000)]

Stack: [0x000000001dc90000,0x000000001dd90000]
[error occurred during error reporting (printing stack bounds), id 0xc0000005]

Native frames: (J=compiled Java code, j=interpreted, Vv=VM code, C=native code)


Current CompileTask:
C2:  26213 2565       4       com.android.dx.dex.file.DexFile::internIfAppropriate (128 bytes)


---------------  P R O C E S S  ---------------

Java Threads: ( => current thread )
  0x000000001e283800 JavaThread "pool-1-thread-1" [_thread_in_Java, id=14632, stack(0x0000000021130000,0x0000000021230000)]
  0x000000001deb0800 JavaThread "Service Thread" daemon [_thread_blocked, id=11024, stack(0x000000001e290000,0x000000001e390000)]
  0x000000001c518000 JavaThread "C1 CompilerThread2" daemon [_thread_blocked, id=6784, stack(0x000000001dd90000,0x000000001de90000)]
=>0x000000001c50d000 JavaThread "C2 CompilerThread1" daemon [_thread_in_native, id=6260, stack(0x000000001dc90000,0x000000001dd90000)]
  0x000000001c509800 JavaThread "C2 CompilerThread0" daemon [_thread_in_native, id=16404, stack(0x000000001db90000,0x000000001dc90000)]
  0x000000001c508000 JavaThread "Attach Listener" daemon [_thread_blocked, id=12804, stack(0x000000001da90000,0x000000001db90000)]
  0x000000001c507000 JavaThread "Signal Dispatcher" daemon [_thread_blocked, id=11608, stack(0x000000001d990000,0x000000001da90000)]
  0x000000000192b800 JavaThread "Finalizer" daemon [_thread_blocked, id=2580, stack(0x000000001d7a0000,0x000000001d8a0000)]
  0x0000000001920800 JavaThread "Reference Handler" daemon [_thread_blocked, id=15728, stack(0x000000001d6a0000,0x000000001d7a0000)]
  0x0000000001830800 JavaThread "main" [_thread_blocked, id=16316, stack(0x0000000001730000,0x0000000001830000)]

Other Threads:
  0x000000001c4d5000 VMThread [stack: 0x000000001d5a0000,0x000000001d6a0000] [id=16504]
  0x000000001dec3000 WatcherThread [stack: 0x000000001e390000,0x000000001e490000] [id=1868]

VM state:not at safepoint (normal execution)

VM Mutex/Monitor currently owned by a thread: None

Heap:
 PSYoungGen      total 472064K, used 160305K [0x000000076ab00000, 0x0000000794400000, 0x00000007c0000000)
  eden space 453632K, 35% used [0x000000076ab00000,0x000000077478c580,0x0000000786600000)
  from space 18432K, 0% used [0x000000078cc00000,0x000000078cc00000,0x000000078de00000)
  to   space 104448K, 0% used [0x0000000786600000,0x0000000786600000,0x000000078cc00000)
 ParOldGen       total 599040K, used 358145K [0x00000006c0000000, 0x00000006e4900000, 0x000000076ab00000)
  object space 599040K, 59% used [0x00000006c0000000,0x00000006d5dc0500,0x00000006e4900000)
 Metaspace       used 6752K, capacity 7536K, committed 7808K, reserved 1056768K
  class space    used 604K, capacity 616K, committed 640K, reserved 1048576K

Card table byte_map: [0x0000000012400000,0x0000000012c10000] byte_map_base: 0x000000000ee00000

Marking Bits: (ParMarkBitMap*) 0x0000000075cc18f0
 Begin Bits: [0x0000000013370000, 0x0000000017370000)
 End Bits:   [0x0000000017370000, 0x000000001b370000)

Polling page: 0x0000000001300000

CodeCache: size=245760Kb used=13839Kb max_used=13839Kb free=231920Kb
 bounds [0x0000000003400000, 0x0000000004190000, 0x0000000012400000]
 total_blobs=3105 nmethods=2842 adapters=176
 compilation: enabled

Compilation events (10 events):
Event: 25.072 Thread 0x000000001c518000 2821       3       com.android.dx.rop.code.RegisterSpecSet::findMatchingLocal (49 bytes)
Event: 25.072 Thread 0x000000001c509800 nmethod 2559 0x000000000412b7d0 code [0x000000000412b920, 0x000000000412ba68]
Event: 25.073 Thread 0x000000001c518000 nmethod 2821 0x0000000004129350 code [0x00000000041294e0, 0x00000000041298a8]
Event: 25.073 Thread 0x000000001c509800 2147       4       com.android.dx.cf.code.ExecutionStack::pop (54 bytes)
Event: 25.075 Thread 0x000000001c509800 nmethod 2147 0x0000000004128e50 code [0x0000000004128fa0, 0x0000000004129158]
Event: 25.075 Thread 0x000000001c509800 2573  s    4       com.android.dx.dex.file.StringIdsSection::intern (53 bytes)
Event: 25.080 Thread 0x000000001c518000 2822       2       com.android.dx.util.FixedSizeList::equals (41 bytes)
Event: 25.080 Thread 0x000000001c518000 nmethod 2822 0x00000000041289d0 code [0x0000000004128b40, 0x0000000004128d48]
Event: 25.080 Thread 0x000000001c518000 2824       2       com.android.dx.util.ByteArrayAnnotatedOutput::ensureCapacity (39 bytes)
Event: 25.081 Thread 0x000000001c518000 nmethod 2824 0x0000000004128490 code [0x0000000004128600, 0x00000000041288c8]

GC Heap History (10 events):
Event: 11.638 GC heap before
{Heap before GC invocations=11 (full 1):
 PSYoungGen      total 448000K, used 447968K [0x000000076ab00000, 0x000000078de00000, 0x00000007c0000000)
  eden space 392704K, 100% used [0x000000076ab00000,0x0000000782a80000,0x0000000782a80000)
  from space 55296K, 99% used [0x0000000789600000,0x000000078cbf82a8,0x000000078cc00000)
  to   space 18432K, 0% used [0x000000078cc00000,0x000000078cc00000,0x000000078de00000)
 ParOldGen       total 172032K, used 118318K [0x00000006c0000000, 0x00000006ca800000, 0x000000076ab00000)
  object space 172032K, 68% used [0x00000006c0000000,0x00000006c738b8a0,0x00000006ca800000)
 Metaspace       used 6397K, capacity 7280K, committed 7552K, reserved 1056768K
  class space    used 586K, capacity 616K, committed 640K, reserved 1048576K
Event: 11.979 GC heap after
Heap after GC invocations=11 (full 1):
 PSYoungGen      total 472064K, used 18405K [0x000000076ab00000, 0x0000000794400000, 0x00000007c0000000)
  eden space 453632K, 0% used [0x000000076ab00000,0x000000076ab00000,0x0000000786600000)
  from space 18432K, 99% used [0x000000078cc00000,0x000000078ddf95f8,0x000000078de00000)
  to   space 104448K, 0% used [0x0000000786600000,0x0000000786600000,0x000000078cc00000)
 ParOldGen       total 212992K, used 212816K [0x00000006c0000000, 0x00000006cd000000, 0x000000076ab00000)
  object space 212992K, 99% used [0x00000006c0000000,0x00000006ccfd4078,0x00000006cd000000)
 Metaspace       used 6397K, capacity 7280K, committed 7552K, reserved 1056768K
  class space    used 586K, capacity 616K, committed 640K, reserved 1048576K
}
Event: 11.979 GC heap before
{Heap before GC invocations=12 (full 2):
 PSYoungGen      total 472064K, used 18405K [0x000000076ab00000, 0x0000000794400000, 0x00000007c0000000)
  eden space 453632K, 0% used [0x000000076ab00000,0x000000076ab00000,0x0000000786600000)
  from space 18432K, 99% used [0x000000078cc00000,0x000000078ddf95f8,0x000000078de00000)
  to   space 104448K, 0% used [0x0000000786600000,0x0000000786600000,0x000000078cc00000)
 ParOldGen       total 212992K, used 212816K [0x00000006c0000000, 0x00000006cd000000, 0x000000076ab00000)
  object space 212992K, 99% used [0x00000006c0000000,0x00000006ccfd4078,0x00000006cd000000)
 Metaspace       used 6397K, capacity 7280K, committed 7552K, reserved 1056768K
  class space    used 586K, capacity 616K, committed 640K, reserved 1048576K
Event: 14.515 GC heap after
Heap after GC invocations=12 (full 2):
 PSYoungGen      total 472064K, used 11176K [0x000000076ab00000, 0x0000000794400000, 0x00000007c0000000)
  eden space 453632K, 0% used [0x000000076ab00000,0x000000076ab00000,0x0000000786600000)
  from space 18432K, 60% used [0x000000078cc00000,0x000000078d6ea0d0,0x000000078de00000)
  to   space 104448K, 0% used [0x0000000786600000,0x0000000786600000,0x000000078cc00000)
 ParOldGen       total 375296K, used 212688K [0x00000006c0000000, 0x00000006d6e80000, 0x000000076ab00000)
  object space 375296K, 56% used [0x00000006c0000000,0x00000006ccfb40b8,0x00000006d6e80000)
 Metaspace       used 6397K, capacity 7280K, committed 7552K, reserved 1056768K
  class space    used 586K, capacity 616K, committed 640K, reserved 1048576K
}
Event: 16.769 GC heap before
{Heap before GC invocations=13 (full 2):
 PSYoungGen      total 472064K, used 464808K [0x000000076ab00000, 0x0000000794400000, 0x00000007c0000000)
  eden space 453632K, 100% used [0x000000076ab00000,0x0000000786600000,0x0000000786600000)
  from space 18432K, 60% used [0x000000078cc00000,0x000000078d6ea0d0,0x000000078de00000)
  to   space 104448K, 0% used [0x0000000786600000,0x0000000786600000,0x000000078cc00000)
 ParOldGen       total 375296K, used 212688K [0x00000006c0000000, 0x00000006d6e80000, 0x000000076ab00000)
  object space 375296K, 56% used [0x00000006c0000000,0x00000006ccfb40b8,0x00000006d6e80000)
 Metaspace       used 6405K, capacity 7280K, committed 7552K, reserved 1056768K
  class space    used 586K, capacity 616K, committed 640K, reserved 1048576K
Event: 17.043 GC heap after
Heap after GC invocations=13 (full 2):
 PSYoungGen      total 558080K, used 74973K [0x000000076ab00000, 0x0000000794400000, 0x00000007c0000000)
  eden space 453632K, 0% used [0x000000076ab00000,0x000000076ab00000,0x0000000786600000)
  from space 104448K, 71% used [0x0000000786600000,0x000000078af37518,0x000000078cc00000)
  to   space 18432K, 0% used [0x000000078cc00000,0x000000078cc00000,0x000000078de00000)
 ParOldGen       total 375296K, used 217902K [0x00000006c0000000, 0x00000006d6e80000, 0x000000076ab00000)
  object space 375296K, 58% used [0x00000006c0000000,0x00000006cd4cbab8,0x00000006d6e80000)
 Metaspace       used 6405K, capacity 7280K, committed 7552K, reserved 1056768K
  class space    used 586K, capacity 616K, committed 640K, reserved 1048576K
}
Event: 19.620 GC heap before
{Heap before GC invocations=14 (full 2):
 PSYoungGen      total 558080K, used 528605K [0x000000076ab00000, 0x0000000794400000, 0x00000007c0000000)
  eden space 453632K, 100% used [0x000000076ab00000,0x0000000786600000,0x0000000786600000)
  from space 104448K, 71% used [0x0000000786600000,0x000000078af37518,0x000000078cc00000)
  to   space 18432K, 0% used [0x000000078cc00000,0x000000078cc00000,0x000000078de00000)
 ParOldGen       total 375296K, used 217902K [0x00000006c0000000, 0x00000006d6e80000, 0x000000076ab00000)
  object space 375296K, 58% used [0x00000006c0000000,0x00000006cd4cbab8,0x00000006d6e80000)
 Metaspace       used 6408K, capacity 7280K, committed 7552K, reserved 1056768K
  class space    used 586K, capacity 616K, committed 640K, reserved 1048576K
Event: 20.012 GC heap after
Heap after GC invocations=14 (full 2):
 PSYoungGen      total 472064K, used 18422K [0x000000076ab00000, 0x0000000794400000, 0x00000007c0000000)
  eden space 453632K, 0% used [0x000000076ab00000,0x000000076ab00000,0x0000000786600000)
  from space 18432K, 99% used [0x000000078cc00000,0x000000078ddfdbc8,0x000000078de00000)
  to   space 104448K, 0% used [0x0000000786600000,0x0000000786600000,0x000000078cc00000)
 ParOldGen       total 375296K, used 345280K [0x00000006c0000000, 0x00000006d6e80000, 0x000000076ab00000)
  object space 375296K, 92% used [0x00000006c0000000,0x00000006d51300f0,0x00000006d6e80000)
 Metaspace       used 6408K, capacity 7280K, committed 7552K, reserved 1056768K
  class space    used 586K, capacity 616K, committed 640K, reserved 1048576K
}
Event: 20.012 GC heap before
{Heap before GC invocations=15 (full 3):
 PSYoungGen      total 472064K, used 18422K [0x000000076ab00000, 0x0000000794400000, 0x00000007c0000000)
  eden space 453632K, 0% used [0x000000076ab00000,0x000000076ab00000,0x0000000786600000)
  from space 18432K, 99% used [0x000000078cc00000,0x000000078ddfdbc8,0x000000078de00000)
  to   space 104448K, 0% used [0x0000000786600000,0x0000000786600000,0x000000078cc00000)
 ParOldGen       total 375296K, used 345280K [0x00000006c0000000, 0x00000006d6e80000, 0x000000076ab00000)
  object space 375296K, 92% used [0x00000006c0000000,0x00000006d51300f0,0x00000006d6e80000)
 Metaspace       used 6408K, capacity 7280K, committed 7552K, reserved 1056768K
  class space    used 586K, capacity 616K, committed 640K, reserved 1048576K
Event: 22.293 GC heap after
Heap after GC invocations=15 (full 3):
 PSYoungGen      total 472064K, used 0K [0x000000076ab00000, 0x0000000794400000, 0x00000007c0000000)
  eden space 453632K, 0% used [0x000000076ab00000,0x000000076ab00000,0x0000000786600000)
  from space 18432K, 0% used [0x000000078cc00000,0x000000078cc00000,0x000000078de00000)
  to   space 104448K, 0% used [0x0000000786600000,0x0000000786600000,0x000000078cc00000)
 ParOldGen       total 599040K, used 358145K [0x00000006c0000000, 0x00000006e4900000, 0x000000076ab00000)
  object space 599040K, 59% used [0x00000006c0000000,0x00000006d5dc0500,0x00000006e4900000)
 Metaspace       used 6408K, capacity 7280K, committed 7552K, reserved 1056768K
  class space    used 586K, capacity 616K, committed 640K, reserved 1048576K
}

Deoptimization events (10 events):
Event: 22.805 Thread 0x000000001e283800 Uncommon trap: reason=class_check action=maybe_recompile pc=0x00000000038edb80 method=java.util.Arrays.hashCode([Ljava/lang/Object;)I @ 43
Event: 22.805 Thread 0x000000001e283800 Uncommon trap: reason=class_check action=maybe_recompile pc=0x00000000038760b4 method=java.util.Arrays.hashCode([Ljava/lang/Object;)I @ 43
Event: 24.833 Thread 0x000000001e283800 Uncommon trap: reason=speculate_class_check action=maybe_recompile pc=0x000000000384f9ac method=com.android.dx.util.FixedSizeList.equals(Ljava/lang/Object;)Z @ 25
Event: 24.833 Thread 0x000000001e283800 Uncommon trap: reason=class_check action=maybe_recompile pc=0x00000000037bd3ec method=java.util.Arrays.equals([Ljava/lang/Object;[Ljava/lang/Object;)Z @ 62
Event: 24.833 Thread 0x000000001e283800 Uncommon trap: reason=speculate_class_check action=maybe_recompile pc=0x000000000384f9ac method=com.android.dx.util.FixedSizeList.equals(Ljava/lang/Object;)Z @ 25
Event: 24.833 Thread 0x000000001e283800 Uncommon trap: reason=class_check action=maybe_recompile pc=0x00000000037bd3ec method=java.util.Arrays.equals([Ljava/lang/Object;[Ljava/lang/Object;)Z @ 62
Event: 24.833 Thread 0x000000001e283800 Uncommon trap: reason=speculate_class_check action=maybe_recompile pc=0x000000000384f9ac method=com.android.dx.util.FixedSizeList.equals(Ljava/lang/Object;)Z @ 25
Event: 24.833 Thread 0x000000001e283800 Uncommon trap: reason=class_check action=maybe_recompile pc=0x00000000037bd3ec method=java.util.Arrays.equals([Ljava/lang/Object;[Ljava/lang/Object;)Z @ 62
Event: 24.833 Thread 0x000000001e283800 Uncommon trap: reason=speculate_class_check action=maybe_recompile pc=0x000000000384f9ac method=com.android.dx.util.FixedSizeList.equals(Ljava/lang/Object;)Z @ 25
Event: 24.833 Thread 0x000000001e283800 Uncommon trap: reason=unstable_if action=reinterpret pc=0x00000000037bd420 method=java.util.Arrays.equals([Ljava/lang/Object;[Ljava/lang/Object;)Z @ 23

Internal exceptions (8 events):
Event: 0.029 Thread 0x0000000001830800 Exception <a 'java/lang/NoSuchMethodError': Method sun.misc.Unsafe.defineClass(Ljava/lang/String;[BII)Ljava/lang/Class; name or signature does not match> (0x000000076ab07c78) thrown at [C:\src\android\AOSP-openjdk\external\jetbrains\jdk\hotspot\src\share\v Ÿ4Ÿ∂û?
Event: 0.029 Thread 0x0000000001830800 Exception <a 'java/lang/NoSuchMethodError': Method sun.misc.Unsafe.prefetchRead(Ljava/lang/Object;J)V name or signature does not match> (0x000000076ab07f60) thrown at [C:\src\android\AOSP-openjdk\external\jetbrains\jdk\hotspot\src\share\vm\prims\jni.cpp, lVe$ﬁKË?
Event: 0.759 Thread 0x000000001e281000 Implicit null exception at 0x0000000003705ce2 to 0x0000000003705de2
Event: 1.132 Thread 0x000000001e281000 Implicit null exception at 0x0000000003817a8a to 0x00000000038190d9
Event: 1.572 Thread 0x000000001e280800 Implicit null exception at 0x00000000038839ed to 0x0000000003883bb9
Event: 1.646 Thread 0x0000000001830800 Exception <a 'java/lang/ArrayIndexOutOfBoundsException': 18> (0x000000076c35da98) thrown at [C:\src\android\AOSP-openjdk\external\jetbrains\jdk\hotspot\src\share\vm\interpreter\interpreterRuntime.cpp, line 366]
Event: 1.647 Thread 0x0000000001830800 Exception <a 'java/lang/ArrayIndexOutOfBoundsException': 145> (0x000000076c35f618) thrown at [C:\src\android\AOSP-openjdk\external\jetbrains\jdk\hotspot\src\share\vm\interpreter\interpreterRuntime.cpp, line 366]
Event: 1.648 Thread 0x0000000001830800 Exception <a 'java/lang/ArrayIndexOutOfBoundsException'> (0x000000076c360900) thrown at [C:\src\android\AOSP-openjdk\external\jetbrains\jdk\hotspot\src\share\vm\runtime\sharedRuntime.cpp, line 605]

Events (10 events):
Event: 24.998 Thread 0x000000001e283800 DEOPT PACKING pc=0x00000000040c97b1 sp=0x000000002122e820
Event: 24.998 Thread 0x000000001e283800 DEOPT UNPACKING pc=0x00000000034475bf sp=0x000000002122e5a8 mode 0
Event: 25.042 Thread 0x000000001e283800 DEOPT PACKING pc=0x00000000040b5f10 sp=0x000000002122e6d0
Event: 25.042 Thread 0x000000001e283800 DEOPT UNPACKING pc=0x00000000034475bf sp=0x000000002122e450 mode 0
Event: 25.045 Thread 0x000000001e283800 DEOPT PACKING pc=0x00000000040d061a sp=0x000000002122e840
Event: 25.045 Thread 0x000000001e283800 DEOPT UNPACKING pc=0x00000000034475bf sp=0x000000002122e608 mode 0
Event: 25.053 Thread 0x000000001e283800 DEOPT PACKING pc=0x00000000040ddee9 sp=0x000000002122e820
Event: 25.053 Thread 0x000000001e283800 DEOPT UNPACKING pc=0x00000000034475bf sp=0x000000002122e5d8 mode 0
Event: 25.053 Thread 0x000000001e283800 DEOPT PACKING pc=0x00000000040ce015 sp=0x000000002122e8e0
Event: 25.053 Thread 0x000000001e283800 DEOPT UNPACKING pc=0x00000000034475bf sp=0x000000002122e630 mode 0


Dynamic libraries:
0x00007ff6d7bc0000 - 0x00007ff6d7bf1000 	C:\Program Files\Android\Android Studio\jre\bin\java.exe
0x00007ff809440000 - 0x00007ff809611000 	C:\WINDOWS\SYSTEM32\ntdll.dll
0x00007ff8078f0000 - 0x00007ff80799c000 	C:\WINDOWS\System32\KERNEL32.DLL
0x00007ff805a30000 - 0x00007ff805c4d000 	C:\WINDOWS\System32\KERNELBASE.dll
0x00007ff8069d0000 - 0x00007ff806a72000 	C:\WINDOWS\System32\ADVAPI32.dll
0x00007ff8073e0000 - 0x00007ff80747e000 	C:\WINDOWS\System32\msvcrt.dll
0x00007ff8074a0000 - 0x00007ff8074f9000 	C:\WINDOWS\System32\sechost.dll
0x00007ff809300000 - 0x00007ff809421000 	C:\WINDOWS\System32\RPCRT4.dll
0x00007ff809180000 - 0x00007ff8092e5000 	C:\WINDOWS\System32\USER32.dll
0x00007ff806730000 - 0x00007ff80674e000 	C:\WINDOWS\System32\win32u.dll
0x00007ff8073a0000 - 0x00007ff8073d4000 	C:\WINDOWS\System32\GDI32.dll
0x00007ff806330000 - 0x00007ff8064b2000 	C:\WINDOWS\System32\gdi32full.dll
0x00007ffffbe60000 - 0x00007ffffc0da000 	C:\WINDOWS\WinSxS\amd64_microsoft.windows.common-controls_6595b64144ccf1df_6.0.14393.953_none_42151e83c686086b\COMCTL32.dll
0x00007ff8079a0000 - 0x00007ff807c68000 	C:\WINDOWS\System32\combase.dll
0x00007ff806520000 - 0x00007ff806615000 	C:\WINDOWS\System32\ucrtbase.dll
0x00007ff806620000 - 0x00007ff80668a000 	C:\WINDOWS\System32\bcryptPrimitives.dll
0x00007ff807740000 - 0x00007ff80776e000 	C:\WINDOWS\System32\IMM32.DLL
0x0000000076f50000 - 0x0000000077022000 	C:\Program Files\Android\Android Studio\jre\jre\bin\msvcr100.dll
0x0000000075500000 - 0x0000000075d3c000 	C:\Program Files\Android\Android Studio\jre\jre\bin\server\jvm.dll
0x00007ff8092f0000 - 0x00007ff8092f8000 	C:\WINDOWS\System32\PSAPI.DLL
0x00007ff803750000 - 0x00007ff803773000 	C:\WINDOWS\SYSTEM32\WINMM.dll
0x00007ffff8450000 - 0x00007ffff845a000 	C:\WINDOWS\SYSTEM32\VERSION.dll
0x00007ff802970000 - 0x00007ff802979000 	C:\WINDOWS\SYSTEM32\WSOCK32.dll
0x00007ff8077e0000 - 0x00007ff80784a000 	C:\WINDOWS\System32\WS2_32.dll
0x00007ff803720000 - 0x00007ff80374b000 	C:\WINDOWS\SYSTEM32\WINMMBASE.dll
0x00007ff8059e0000 - 0x00007ff805a22000 	C:\WINDOWS\System32\cfgmgr32.dll
0x00007ff803c00000 - 0x00007ff803c0f000 	C:\Program Files\Android\Android Studio\jre\jre\bin\verify.dll
0x00007ffffba60000 - 0x00007ffffba89000 	C:\Program Files\Android\Android Studio\jre\jre\bin\java.dll
0x00007ffffb270000 - 0x00007ffffb286000 	C:\Program Files\Android\Android Studio\jre\jre\bin\zip.dll
0x00007ff807c70000 - 0x00007ff809178000 	C:\WINDOWS\System32\SHELL32.dll
0x00007ff805c50000 - 0x00007ff80632a000 	C:\WINDOWS\System32\windows.storage.dll
0x00007ff8058e0000 - 0x00007ff80592c000 	C:\WINDOWS\System32\powrprof.dll
0x00007ff807780000 - 0x00007ff8077d2000 	C:\WINDOWS\System32\shlwapi.dll
0x00007ff8058d0000 - 0x00007ff8058df000 	C:\WINDOWS\System32\kernel.appcore.dll
0x00007ff805930000 - 0x00007ff8059d9000 	C:\WINDOWS\System32\shcore.dll
0x00007ff8058a0000 - 0x00007ff8058b4000 	C:\WINDOWS\System32\profapi.dll

VM Arguments:
jvm_args: -Djava.awt.headless=true -Xmx4g -Dfile.encoding=windows-1251 -Duser.country=RU -Duser.language=ru -Duser.variant 
java_command: com.android.dx.command.Main --dex --num-threads=4 --multi-dex --main-dex-list C:\Users\User\Documents\GitHub\UTair\UTair\app\build\intermediates\multi-dex\debug\maindexlist.txt --output C:\Users\User\Documents\GitHub\UTair\UTair\app\build\intermediates\transforms\dex\debug\folders\1000\1f\main C:\Users\User\Documents\GitHub\UTair\UTair\app\build\intermediates\transforms\jarMerging\debug\jars\1\1f\combined.jar
java_class_path (initial): C:\Users\User\AppData\Local\Android\sdk\build-tools\25.0.2\lib\dx.jar
Launcher Type: SUN_STANDARD

Environment Variables:
PATH=C:\ProgramData\Oracle\Java\javapath;C:\Program Files\Broadcom\Broadcom 802.11 Network Adapter;C:\Program Files (x86)\NVIDIA Corporation\PhysX\Common;C:\Program Files (x86)\Intel\iCLS Client\;C:\Program Files\Intel\iCLS Client\;C:\Windows\system32;C:\Windows;C:\Windows\System32\Wbem;C:\Windows\System32\WindowsPowerShell\v1.0\;C:\Program Files\Intel\Intel(R) Management Engine Components\DAL;C:\Program Files\Intel\Intel(R) Management Engine Components\IPT;C:\Program Files (x86)\Intel\Intel(R) Management Engine Components\DAL;C:\Program Files (x86)\Intel\Intel(R) Management Engine Components\IPT;C:\Program Files\WIDCOMM\Bluetooth Software\;C:\Program Files\WIDCOMM\Bluetooth Software\syswow64;C:\Program Files\Acer\Remote Files\;C:\Program Files\OpenVPN\bin;C:\WINDOWS\system32;C:\WINDOWS;C:\WINDOWS\System32\Wbem;C:\WINDOWS\System32\WindowsPowerShell\v1.0\;C:\Users\User\AppData\Local\Microsoft\WindowsApps;
USERNAME=User
OS=Windows_NT
PROCESSOR_IDENTIFIER=Intel64 Family 6 Model 69 Stepping 1, GenuineIntel



---------------  S Y S T E M  ---------------

OS: Windows 10.0 , 64 bit Build 14393 (10.0.14393.1198)

CPU:total 4 (2 cores per cpu, 2 threads per core) family 6 model 69 stepping 1, cmov, cx8, fxsr, mmx, sse, sse2, sse3, ssse3, sse4.1, sse4.2, popcnt, avx, avx2, aes, clmul, erms, lzcnt, ht, tsc, tscinvbit, bmi1, bmi2

Memory: 4k page, physical 8310040k(728836k free), swap 12406040k(7580k free)

vm_info: OpenJDK 64-Bit Server VM (25.112-b06) for windows-amd64 JRE (1.8.0_112-release-b06), built on Dec  8 2016 00:54:26 by "builder" with MS VC++ 10.0 (VS2010)

time: Fri May 19 23:22:23 2017
elapsed time: 26 seconds (0d 0h 0m 26s)

