#
# There is insufficient memory for the Java Runtime Environment to continue.
# Native memory allocation (malloc) failed to allocate 1129296 bytes for Chunk::new
# Possible reasons:
#   The system is out of physical RAM or swap space
#   In 32 bit mode, the process size limit was hit
# Possible solutions:
#   Reduce memory load on the system
#   Increase physical memory or swap space
#   Check if swap backing store is full
#   Use 64 bit Java on a 64 bit OS
#   Decrease Java heap size (-Xmx/-Xms)
#   Decrease number of Java threads
#   Decrease Java thread stack sizes (-Xss)
#   Set larger code cache with -XX:ReservedCodeCacheSize=
# This output file may be truncated or incomplete.
#
#  Out of Memory Error (allocation.cpp:390), pid=10288, tid=0x0000000000002044
#
# JRE version: OpenJDK Runtime Environment (8.0_112-b06) (build 1.8.0_112-release-b06)
# Java VM: OpenJDK 64-Bit Server VM (25.112-b06 mixed mode windows-amd64 compressed oops)
# Failed to write core dump. Minidumps are not enabled by default on client versions of Windows
#

---------------  T H R E A D  ---------------

Current thread (0x000000001c50a800):  JavaThread "C2 CompilerThread0" daemon [_thread_in_native, id=8260, stack(0x000000001db50000,0x000000001dc50000)]

Stack: [0x000000001db50000,0x000000001dc50000]
[error occurred during error reporting (printing stack bounds), id 0xc0000005]

Native frames: (J=compiled Java code, j=interpreted, Vv=VM code, C=native code)


Current CompileTask:
C2:  17802 2380       4       com.android.dx.ssa.PhiTypeResolver::run (179 bytes)


---------------  P R O C E S S  ---------------

Java Threads: ( => current thread )
  0x000000001e5b6000 JavaThread "pool-2-thread-4" [_thread_in_Java, id=7900, stack(0x000000001f050000,0x000000001f150000)]
  0x000000001e5b1800 JavaThread "pool-2-thread-3" [_thread_in_Java, id=11300, stack(0x000000001ef50000,0x000000001f050000)]
  0x000000001e5b3000 JavaThread "pool-2-thread-2" [_thread_in_Java, id=6788, stack(0x000000001ee50000,0x000000001ef50000)]
  0x000000001e476000 JavaThread "pool-3-thread-1" [_thread_blocked, id=17028, stack(0x000000001ed50000,0x000000001ee50000)]
  0x000000001e165000 JavaThread "pool-2-thread-1" [_thread_in_Java, id=16552, stack(0x000000001ec50000,0x000000001ed50000)]
  0x000000001de74000 JavaThread "Service Thread" daemon [_thread_blocked, id=7788, stack(0x000000001e250000,0x000000001e350000)]
  0x000000001c518000 JavaThread "C1 CompilerThread2" daemon [_thread_blocked, id=10072, stack(0x000000001dd50000,0x000000001de50000)]
  0x000000001c50e000 JavaThread "C2 CompilerThread1" daemon [_thread_in_native, id=16732, stack(0x000000001dc50000,0x000000001dd50000)]
=>0x000000001c50a800 JavaThread "C2 CompilerThread0" daemon [_thread_in_native, id=8260, stack(0x000000001db50000,0x000000001dc50000)]
  0x000000001c509800 JavaThread "Attach Listener" daemon [_thread_blocked, id=16520, stack(0x000000001da50000,0x000000001db50000)]
  0x000000001c508800 JavaThread "Signal Dispatcher" daemon [_thread_blocked, id=4820, stack(0x000000001d950000,0x000000001da50000)]
  0x000000000195d000 JavaThread "Finalizer" daemon [_thread_blocked, id=11880, stack(0x000000001d760000,0x000000001d860000)]
  0x0000000001952000 JavaThread "Reference Handler" daemon [_thread_blocked, id=9308, stack(0x000000001d660000,0x000000001d760000)]
  0x0000000001860800 JavaThread "main" [_thread_in_Java, id=12020, stack(0x0000000001760000,0x0000000001860000)]

Other Threads:
  0x000000001c4d4800 VMThread [stack: 0x000000001d560000,0x000000001d660000] [id=8304]
  0x000000001de76000 WatcherThread [stack: 0x000000001e350000,0x000000001e450000] [id=16396]

VM state:not at safepoint (normal execution)

VM Mutex/Monitor currently owned by a thread: None

Heap:
 PSYoungGen      total 349696K, used 178963K [0x000000076ab00000, 0x000000078b280000, 0x00000007c0000000)
  eden space 268800K, 47% used [0x000000076ab00000,0x0000000772660508,0x000000077b180000)
  from space 80896K, 65% used [0x000000077b180000,0x000000077e4e48f0,0x0000000780080000)
  to   space 102912K, 0% used [0x0000000784e00000,0x0000000784e00000,0x000000078b280000)
 ParOldGen       total 174080K, used 173767K [0x00000006c0000000, 0x00000006caa00000, 0x000000076ab00000)
  object space 174080K, 99% used [0x00000006c0000000,0x00000006ca9b1dc0,0x00000006caa00000)
 Metaspace       used 6403K, capacity 7280K, committed 7552K, reserved 1056768K
  class space    used 586K, capacity 616K, committed 640K, reserved 1048576K

Card table byte_map: [0x0000000012400000,0x0000000012c10000] byte_map_base: 0x000000000ee00000

Marking Bits: (ParMarkBitMap*) 0x0000000076fb18f0
 Begin Bits: [0x0000000013370000, 0x0000000017370000)
 End Bits:   [0x0000000017370000, 0x000000001b370000)

Polling page: 0x0000000000fa0000

CodeCache: size=245760Kb used=11307Kb max_used=11321Kb free=234452Kb
 bounds [0x0000000003400000, 0x0000000003f20000, 0x0000000012400000]
 total_blobs=2504 nmethods=2241 adapters=176
 compilation: enabled

Compilation events (10 events):
Event: 17.353 Thread 0x000000001c50a800 nmethod 2362 0x0000000003f0de90 code [0x0000000003f0e1a0, 0x0000000003f119d8]
Event: 17.354 Thread 0x000000001c50a800 2363       4       com.android.dx.ssa.SsaMethod::getCountReachableBlocks (44 bytes)
Event: 17.362 Thread 0x000000001c50a800 nmethod 2363 0x0000000003efe950 code [0x0000000003efeaa0, 0x0000000003efee78]
Event: 17.362 Thread 0x000000001c50a800 2372       4       com.android.dx.ssa.SsaMethod::makeExitBlock (134 bytes)
Event: 17.438 Thread 0x000000001c50a800 nmethod 2372 0x0000000003f0acd0 code [0x0000000003f0af00, 0x0000000003f0c6e8]
Event: 17.438 Thread 0x000000001c50a800 2354       4       com.android.dx.ssa.LocalVariableExtractor::doit (59 bytes)
Event: 17.446 Thread 0x000000001c50a800 nmethod 2354 0x0000000003f019d0 code [0x0000000003f01b20, 0x0000000003f01e48]
Event: 17.446 Thread 0x000000001c50a800 2380       4       com.android.dx.ssa.PhiTypeResolver::run (179 bytes)
Event: 17.513 Thread 0x000000001c518000 2386   !   2       com.android.dx.cf.attrib.AttExceptions::<init> (45 bytes)
Event: 17.514 Thread 0x000000001c518000 nmethod 2386 0x0000000003efe290 code [0x0000000003efe420, 0x0000000003efe768]

GC Heap History (10 events):
Event: 8.610 GC heap before
{Heap before GC invocations=9 (full 1):
 PSYoungGen      total 294912K, used 266699K [0x000000076ab00000, 0x000000077f000000, 0x00000007c0000000)
  eden space 261632K, 100% used [0x000000076ab00000,0x000000077aa80000,0x000000077aa80000)
  from space 33280K, 15% used [0x000000077aa80000,0x000000077af72db0,0x000000077cb00000)
  to   space 28672K, 0% used [0x000000077cb00000,0x000000077cb00000,0x000000077e700000)
 ParOldGen       total 174080K, used 87368K [0x00000006c0000000, 0x00000006caa00000, 0x000000076ab00000)
  object space 174080K, 50% used [0x00000006c0000000,0x00000006c55522a0,0x00000006caa00000)
 Metaspace       used 6370K, capacity 7280K, committed 7552K, reserved 1056768K
  class space    used 586K, capacity 616K, committed 640K, reserved 1048576K
Event: 8.789 GC heap after
Heap after GC invocations=9 (full 1):
 PSYoungGen      total 267264K, used 28647K [0x000000076ab00000, 0x0000000786000000, 0x00000007c0000000)
  eden space 238592K, 0% used [0x000000076ab00000,0x000000076ab00000,0x0000000779400000)
  from space 28672K, 99% used [0x000000077cb00000,0x000000077e6f9cc0,0x000000077e700000)
  to   space 56320K, 0% used [0x0000000779400000,0x0000000779400000,0x000000077cb00000)
 ParOldGen       total 174080K, used 94835K [0x00000006c0000000, 0x00000006caa00000, 0x000000076ab00000)
  object space 174080K, 54% used [0x00000006c0000000,0x00000006c5c9cce0,0x00000006caa00000)
 Metaspace       used 6370K, capacity 7280K, committed 7552K, reserved 1056768K
  class space    used 586K, capacity 616K, committed 640K, reserved 1048576K
}
Event: 10.397 GC heap before
{Heap before GC invocations=10 (full 1):
 PSYoungGen      total 267264K, used 267239K [0x000000076ab00000, 0x0000000786000000, 0x00000007c0000000)
  eden space 238592K, 100% used [0x000000076ab00000,0x0000000779400000,0x0000000779400000)
  from space 28672K, 99% used [0x000000077cb00000,0x000000077e6f9cc0,0x000000077e700000)
  to   space 56320K, 0% used [0x0000000779400000,0x0000000779400000,0x000000077cb00000)
 ParOldGen       total 174080K, used 94835K [0x00000006c0000000, 0x00000006caa00000, 0x000000076ab00000)
  object space 174080K, 54% used [0x00000006c0000000,0x00000006c5c9cce0,0x00000006caa00000)
 Metaspace       used 6380K, capacity 7280K, committed 7552K, reserved 1056768K
  class space    used 586K, capacity 616K, committed 640K, reserved 1048576K
Event: 10.531 GC heap after
Heap after GC invocations=10 (full 1):
 PSYoungGen      total 294912K, used 56303K [0x000000076ab00000, 0x0000000784500000, 0x00000007c0000000)
  eden space 238592K, 0% used [0x000000076ab00000,0x000000076ab00000,0x0000000779400000)
  from space 56320K, 99% used [0x0000000779400000,0x000000077cafbf78,0x000000077cb00000)
  to   space 70144K, 0% used [0x0000000780080000,0x0000000780080000,0x0000000784500000)
 ParOldGen       total 174080K, used 103457K [0x00000006c0000000, 0x00000006caa00000, 0x000000076ab00000)
  object space 174080K, 59% used [0x00000006c0000000,0x00000006c6508648,0x00000006caa00000)
 Metaspace       used 6380K, capacity 7280K, committed 7552K, reserved 1056768K
  class space    used 586K, capacity 616K, committed 640K, reserved 1048576K
}
Event: 12.097 GC heap before
{Heap before GC invocations=11 (full 1):
 PSYoungGen      total 294912K, used 294895K [0x000000076ab00000, 0x0000000784500000, 0x00000007c0000000)
  eden space 238592K, 100% used [0x000000076ab00000,0x0000000779400000,0x0000000779400000)
  from space 56320K, 99% used [0x0000000779400000,0x000000077cafbf78,0x000000077cb00000)
  to   space 70144K, 0% used [0x0000000780080000,0x0000000780080000,0x0000000784500000)
 ParOldGen       total 174080K, used 103457K [0x00000006c0000000, 0x00000006caa00000, 0x000000076ab00000)
  object space 174080K, 59% used [0x00000006c0000000,0x00000006c6508648,0x00000006caa00000)
 Metaspace       used 6387K, capacity 7280K, committed 7552K, reserved 1056768K
  class space    used 586K, capacity 616K, committed 640K, reserved 1048576K
Event: 12.329 GC heap after
Heap after GC invocations=11 (full 1):
 PSYoungGen      total 338944K, used 67279K [0x000000076ab00000, 0x0000000786000000, 0x00000007c0000000)
  eden space 268800K, 0% used [0x000000076ab00000,0x000000076ab00000,0x000000077b180000)
  from space 70144K, 95% used [0x0000000780080000,0x0000000784233ce0,0x0000000784500000)
  to   space 80896K, 0% used [0x000000077b180000,0x000000077b180000,0x0000000780080000)
 ParOldGen       total 174080K, used 128924K [0x00000006c0000000, 0x00000006caa00000, 0x000000076ab00000)
  object space 174080K, 74% used [0x00000006c0000000,0x00000006c7de73d8,0x00000006caa00000)
 Metaspace       used 6387K, capacity 7280K, committed 7552K, reserved 1056768K
  class space    used 586K, capacity 616K, committed 640K, reserved 1048576K
}
Event: 14.050 GC heap before
{Heap before GC invocations=12 (full 1):
 PSYoungGen      total 338944K, used 336079K [0x000000076ab00000, 0x0000000786000000, 0x00000007c0000000)
  eden space 268800K, 100% used [0x000000076ab00000,0x000000077b180000,0x000000077b180000)
  from space 70144K, 95% used [0x0000000780080000,0x0000000784233ce0,0x0000000784500000)
  to   space 80896K, 0% used [0x000000077b180000,0x000000077b180000,0x0000000780080000)
 ParOldGen       total 174080K, used 128924K [0x00000006c0000000, 0x00000006caa00000, 0x000000076ab00000)
  object space 174080K, 74% used [0x00000006c0000000,0x00000006c7de73d8,0x00000006caa00000)
 Metaspace       used 6400K, capacity 7280K, committed 7552K, reserved 1056768K
  class space    used 586K, capacity 616K, committed 640K, reserved 1048576K
Event: 14.311 GC heap after
Heap after GC invocations=12 (full 1):
 PSYoungGen      total 349696K, used 80894K [0x000000076ab00000, 0x000000078b280000, 0x00000007c0000000)
  eden space 268800K, 0% used [0x000000076ab00000,0x000000076ab00000,0x000000077b180000)
  from space 80896K, 99% used [0x000000077b180000,0x000000078007f858,0x0000000780080000)
  to   space 102912K, 0% used [0x0000000784e00000,0x0000000784e00000,0x000000078b280000)
 ParOldGen       total 174080K, used 152129K [0x00000006c0000000, 0x00000006caa00000, 0x000000076ab00000)
  object space 174080K, 87% used [0x00000006c0000000,0x00000006c94904b8,0x00000006caa00000)
 Metaspace       used 6400K, capacity 7280K, committed 7552K, reserved 1056768K
  class space    used 586K, capacity 616K, committed 640K, reserved 1048576K
}
Event: 14.311 GC heap before
{Heap before GC invocations=13 (full 2):
 PSYoungGen      total 349696K, used 80894K [0x000000076ab00000, 0x000000078b280000, 0x00000007c0000000)
  eden space 268800K, 0% used [0x000000076ab00000,0x000000076ab00000,0x000000077b180000)
  from space 80896K, 99% used [0x000000077b180000,0x000000078007f858,0x0000000780080000)
  to   space 102912K, 0% used [0x0000000784e00000,0x0000000784e00000,0x000000078b280000)
 ParOldGen       total 174080K, used 152129K [0x00000006c0000000, 0x00000006caa00000, 0x000000076ab00000)
  object space 174080K, 87% used [0x00000006c0000000,0x00000006c94904b8,0x00000006caa00000)
 Metaspace       used 6400K, capacity 7280K, committed 7552K, reserved 1056768K
  class space    used 586K, capacity 616K, committed 640K, reserved 1048576K
Event: 17.137 GC heap after
Heap after GC invocations=13 (full 2):
 PSYoungGen      total 349696K, used 52626K [0x000000076ab00000, 0x000000078b280000, 0x00000007c0000000)
  eden space 268800K, 0% used [0x000000076ab00000,0x000000076ab00000,0x000000077b180000)
  from space 80896K, 65% used [0x000000077b180000,0x000000077e4e48f0,0x0000000780080000)
  to   space 102912K, 0% used [0x0000000784e00000,0x0000000784e00000,0x000000078b280000)
 ParOldGen       total 174080K, used 173767K [0x00000006c0000000, 0x00000006caa00000, 0x000000076ab00000)
  object space 174080K, 99% used [0x00000006c0000000,0x00000006ca9b1dc0,0x00000006caa00000)
 Metaspace       used 6400K, capacity 7280K, committed 7552K, reserved 1056768K
  class space    used 586K, capacity 616K, committed 640K, reserved 1048576K
}

Deoptimization events (10 events):
Event: 10.260 Thread 0x000000001e5b6000 Uncommon trap: reason=class_check action=maybe_recompile pc=0x0000000003dc4a78 method=com.android.dx.cf.code.BytecodeArray.parseInstruction(ILcom/android/dx/cf/code/BytecodeArray$Visitor;)I @ 2267
Event: 10.260 Thread 0x000000001e5b6000 Uncommon trap: reason=class_check action=maybe_recompile pc=0x0000000003dc4a78 method=com.android.dx.cf.code.BytecodeArray.parseInstruction(ILcom/android/dx/cf/code/BytecodeArray$Visitor;)I @ 2267
Event: 10.960 Thread 0x000000001e5b3000 Uncommon trap: reason=unstable_if action=reinterpret pc=0x0000000003e104f0 method=com.android.dx.rop.code.RegisterSpecSet.<init>(I)V @ 2
Event: 10.960 Thread 0x000000001e5b3000 Uncommon trap: reason=unstable_if action=reinterpret pc=0x0000000003a1ffa4 method=com.android.dx.rop.code.RegisterSpecSet.<init>(I)V @ 2
Event: 11.292 Thread 0x000000001e5b6000 Uncommon trap: reason=unstable_if action=reinterpret pc=0x00000000038c55dc method=com.android.dx.ssa.SsaMethod.getExitBlock()Lcom/android/dx/ssa/SsaBasicBlock; @ 4
Event: 11.293 Thread 0x000000001e5b6000 Uncommon trap: reason=unstable_if action=reinterpret pc=0x0000000003717efc method=com.android.dx.ssa.SsaMethod.getExitBlock()Lcom/android/dx/ssa/SsaBasicBlock; @ 4
Event: 11.516 Thread 0x000000001e5b3000 Uncommon trap: reason=unstable_if action=reinterpret pc=0x0000000003b8cfc8 method=java.util.HashMap.putVal(ILjava/lang/Object;Ljava/lang/Object;ZZ)Ljava/lang/Object; @ 109
Event: 11.697 Thread 0x000000001e5b6000 Uncommon trap: reason=bimorphic action=maybe_recompile pc=0x0000000003e4296c method=com.android.dx.cf.code.BytecodeArray.parseInstruction(ILcom/android/dx/cf/code/BytecodeArray$Visitor;)I @ 1357
Event: 11.697 Thread 0x000000001e5b6000 Uncommon trap: reason=bimorphic action=maybe_recompile pc=0x0000000003e4296c method=com.android.dx.cf.code.BytecodeArray.parseInstruction(ILcom/android/dx/cf/code/BytecodeArray$Visitor;)I @ 1357
Event: 12.507 Thread 0x000000001e5b3000 Uncommon trap: reason=unstable_if action=reinterpret pc=0x0000000003e723c8 method=com.android.dx.ssa.SCCP.simulateBranch(Lcom/android/dx/ssa/SsaInsn;)V @ 140

Internal exceptions (8 events):
Event: 0.041 Thread 0x0000000001860800 Exception <a 'java/lang/NoSuchMethodError': Method sun.misc.Unsafe.defineClass(Ljava/lang/String;[BII)Ljava/lang/Class; name or signature does not match> (0x000000076ab07c78) thrown at [C:\src\android\AOSP-openjdk\external\jetbrains\jdk\hotspot\src\share\vxe»õ¥?
Event: 0.041 Thread 0x0000000001860800 Exception <a 'java/lang/NoSuchMethodError': Method sun.misc.Unsafe.prefetchRead(Ljava/lang/Object;J)V name or signature does not match> (0x000000076ab07f60) thrown at [C:\src\android\AOSP-openjdk\external\jetbrains\jdk\hotspot\src\share\vm\prims\jni.cpp, lœ4ÍDî?
Event: 0.938 Thread 0x000000001e165000 Implicit null exception at 0x000000000372cbe2 to 0x000000000372cce2
Event: 1.115 Thread 0x000000001e5b6000 Implicit null exception at 0x000000000381e58a to 0x000000000381fbe1
Event: 1.765 Thread 0x000000001e165000 Implicit null exception at 0x00000000039ca230 to 0x00000000039ca3f5
Event: 2.208 Thread 0x000000001e5b1800 Exception <a 'java/lang/ArrayIndexOutOfBoundsException': 18> (0x000000076b385d88) thrown at [C:\src\android\AOSP-openjdk\external\jetbrains\jdk\hotspot\src\share\vm\interpreter\interpreterRuntime.cpp, line 366]
Event: 2.209 Thread 0x000000001e5b1800 Exception <a 'java/lang/ArrayIndexOutOfBoundsException': 145> (0x000000076b387908) thrown at [C:\src\android\AOSP-openjdk\external\jetbrains\jdk\hotspot\src\share\vm\interpreter\interpreterRuntime.cpp, line 366]
Event: 2.210 Thread 0x000000001e5b1800 Exception <a 'java/lang/ArrayIndexOutOfBoundsException'> (0x000000076b388bf0) thrown at [C:\src\android\AOSP-openjdk\external\jetbrains\jdk\hotspot\src\share\vm\runtime\sharedRuntime.cpp, line 605]

Events (10 events):
Event: 17.694 Thread 0x000000001e5b6000 DEOPT PACKING pc=0x00000000038a6030 sp=0x000000001f14e770
Event: 17.694 Thread 0x000000001e5b6000 DEOPT UNPACKING pc=0x00000000034475bf sp=0x000000001f14e5a0 mode 0
Event: 17.706 Thread 0x000000001e5b6000 DEOPT PACKING pc=0x00000000038061ed sp=0x000000001f14e850
Event: 17.706 Thread 0x000000001e5b6000 DEOPT UNPACKING pc=0x00000000034475bf sp=0x000000001f14e5f0 mode 0
Event: 17.743 Thread 0x000000001e165000 DEOPT PACKING pc=0x0000000003cbdba5 sp=0x000000001ed4e890
Event: 17.743 Thread 0x000000001e165000 DEOPT UNPACKING pc=0x00000000034475bf sp=0x000000001ed4e5f8 mode 0
Event: 17.753 Thread 0x000000001e5b1800 DEOPT PACKING pc=0x00000000038a6030 sp=0x000000001f04ed50
Event: 17.753 Thread 0x000000001e5b1800 DEOPT UNPACKING pc=0x00000000034475bf sp=0x000000001f04eb80 mode 0
Event: 17.794 Thread 0x000000001e5b3000 DEOPT PACKING pc=0x00000000038a6030 sp=0x000000001ef4e810
Event: 17.794 Thread 0x000000001e5b3000 DEOPT UNPACKING pc=0x00000000034475bf sp=0x000000001ef4e640 mode 0


Dynamic libraries:
0x00007ff7e4b10000 - 0x00007ff7e4b41000 	C:\Program Files\Android\Android Studio\jre\bin\java.exe
0x00007ff809440000 - 0x00007ff809611000 	C:\WINDOWS\SYSTEM32\ntdll.dll
0x00007ff8078f0000 - 0x00007ff80799c000 	C:\WINDOWS\System32\KERNEL32.DLL
0x00007ff805a30000 - 0x00007ff805c4d000 	C:\WINDOWS\System32\KERNELBASE.dll
0x00007ff8069d0000 - 0x00007ff806a72000 	C:\WINDOWS\System32\ADVAPI32.dll
0x00007ff8073e0000 - 0x00007ff80747e000 	C:\WINDOWS\System32\msvcrt.dll
0x00007ff8074a0000 - 0x00007ff8074f9000 	C:\WINDOWS\System32\sechost.dll
0x00007ff809300000 - 0x00007ff809421000 	C:\WINDOWS\System32\RPCRT4.dll
0x00007ff809180000 - 0x00007ff8092e5000 	C:\WINDOWS\System32\USER32.dll
0x00007ff806730000 - 0x00007ff80674e000 	C:\WINDOWS\System32\win32u.dll
0x00007ff8073a0000 - 0x00007ff8073d4000 	C:\WINDOWS\System32\GDI32.dll
0x00007ff806330000 - 0x00007ff8064b2000 	C:\WINDOWS\System32\gdi32full.dll
0x00007ffffbe60000 - 0x00007ffffc0da000 	C:\WINDOWS\WinSxS\amd64_microsoft.windows.common-controls_6595b64144ccf1df_6.0.14393.953_none_42151e83c686086b\COMCTL32.dll
0x00007ff8079a0000 - 0x00007ff807c68000 	C:\WINDOWS\System32\combase.dll
0x00007ff806520000 - 0x00007ff806615000 	C:\WINDOWS\System32\ucrtbase.dll
0x00007ff806620000 - 0x00007ff80668a000 	C:\WINDOWS\System32\bcryptPrimitives.dll
0x00007ff807740000 - 0x00007ff80776e000 	C:\WINDOWS\System32\IMM32.DLL
0x0000000076630000 - 0x0000000076702000 	C:\Program Files\Android\Android Studio\jre\jre\bin\msvcr100.dll
0x00000000767f0000 - 0x000000007702c000 	C:\Program Files\Android\Android Studio\jre\jre\bin\server\jvm.dll
0x00007ff8092f0000 - 0x00007ff8092f8000 	C:\WINDOWS\System32\PSAPI.DLL
0x00007ff803750000 - 0x00007ff803773000 	C:\WINDOWS\SYSTEM32\WINMM.dll
0x00007ffffbbe0000 - 0x00007ffffbbe9000 	C:\WINDOWS\SYSTEM32\WSOCK32.dll
0x00007ffff8450000 - 0x00007ffff845a000 	C:\WINDOWS\SYSTEM32\VERSION.dll
0x00000000016e0000 - 0x000000000170b000 	C:\WINDOWS\SYSTEM32\WINMMBASE.dll
0x00007ff8077e0000 - 0x00007ff80784a000 	C:\WINDOWS\System32\WS2_32.dll
0x00007ff8059e0000 - 0x00007ff805a22000 	C:\WINDOWS\System32\cfgmgr32.dll
0x00007ff803c10000 - 0x00007ff803c1f000 	C:\Program Files\Android\Android Studio\jre\jre\bin\verify.dll
0x00007ffffeba0000 - 0x00007ffffebc9000 	C:\Program Files\Android\Android Studio\jre\jre\bin\java.dll
0x00007fffff5d0000 - 0x00007fffff5e6000 	C:\Program Files\Android\Android Studio\jre\jre\bin\zip.dll
0x00007ff807c70000 - 0x00007ff809178000 	C:\WINDOWS\System32\SHELL32.dll
0x00007ff805c50000 - 0x00007ff80632a000 	C:\WINDOWS\System32\windows.storage.dll
0x00007ff8058e0000 - 0x00007ff80592c000 	C:\WINDOWS\System32\powrprof.dll
0x00007ff807780000 - 0x00007ff8077d2000 	C:\WINDOWS\System32\shlwapi.dll
0x00007ff8058d0000 - 0x00007ff8058df000 	C:\WINDOWS\System32\kernel.appcore.dll
0x00007ff805930000 - 0x00007ff8059d9000 	C:\WINDOWS\System32\shcore.dll
0x00007ff8058a0000 - 0x00007ff8058b4000 	C:\WINDOWS\System32\profapi.dll

VM Arguments:
jvm_args: -Djava.awt.headless=true -Xmx4g -Dfile.encoding=windows-1251 -Duser.country=RU -Duser.language=ru -Duser.variant 
java_command: com.android.dx.command.Main --dex --num-threads=4 --multi-dex --main-dex-list C:\Users\User\Documents\GitHub\UTair\UTair\app\build\intermediates\multi-dex\debug\maindexlist.txt --output C:\Users\User\Documents\GitHub\UTair\UTair\app\build\intermediates\transforms\dex\debug\folders\1000\1f\main C:\Users\User\Documents\GitHub\UTair\UTair\app\build\intermediates\transforms\jarMerging\debug\jars\1\1f\combined.jar
java_class_path (initial): C:\Users\User\AppData\Local\Android\sdk\build-tools\25.0.2\lib\dx.jar
Launcher Type: SUN_STANDARD

Environment Variables:
PATH=C:\ProgramData\Oracle\Java\javapath;C:\Program Files\Broadcom\Broadcom 802.11 Network Adapter;C:\Program Files (x86)\NVIDIA Corporation\PhysX\Common;C:\Program Files (x86)\Intel\iCLS Client\;C:\Program Files\Intel\iCLS Client\;C:\Windows\system32;C:\Windows;C:\Windows\System32\Wbem;C:\Windows\System32\WindowsPowerShell\v1.0\;C:\Program Files\Intel\Intel(R) Management Engine Components\DAL;C:\Program Files\Intel\Intel(R) Management Engine Components\IPT;C:\Program Files (x86)\Intel\Intel(R) Management Engine Components\DAL;C:\Program Files (x86)\Intel\Intel(R) Management Engine Components\IPT;C:\Program Files\WIDCOMM\Bluetooth Software\;C:\Program Files\WIDCOMM\Bluetooth Software\syswow64;C:\Program Files\Acer\Remote Files\;C:\Program Files\OpenVPN\bin;C:\WINDOWS\system32;C:\WINDOWS;C:\WINDOWS\System32\Wbem;C:\WINDOWS\System32\WindowsPowerShell\v1.0\;C:\Users\User\AppData\Local\Microsoft\WindowsApps;
USERNAME=User
OS=Windows_NT
PROCESSOR_IDENTIFIER=Intel64 Family 6 Model 69 Stepping 1, GenuineIntel



---------------  S Y S T E M  ---------------

OS: Windows 10.0 , 64 bit Build 14393 (10.0.14393.1198)

CPU:total 4 (2 cores per cpu, 2 threads per core) family 6 model 69 stepping 1, cmov, cx8, fxsr, mmx, sse, sse2, sse3, ssse3, sse4.1, sse4.2, popcnt, avx, avx2, aes, clmul, erms, lzcnt, ht, tsc, tscinvbit, bmi1, bmi2

Memory: 4k page, physical 8310040k(815468k free), swap 12406040k(4344k free)

vm_info: OpenJDK 64-Bit Server VM (25.112-b06) for windows-amd64 JRE (1.8.0_112-release-b06), built on Dec  8 2016 00:54:26 by "builder" with MS VC++ 10.0 (VS2010)

time: Fri May 19 16:16:18 2017
elapsed time: 17 seconds (0d 0h 0m 17s)

