#
# There is insufficient memory for the Java Runtime Environment to continue.
# Native memory allocation (malloc) failed to allocate 32744 bytes for ChunkPool::allocate
# Possible reasons:
#   The system is out of physical RAM or swap space
#   In 32 bit mode, the process size limit was hit
# Possible solutions:
#   Reduce memory load on the system
#   Increase physical memory or swap space
#   Check if swap backing store is full
#   Use 64 bit Java on a 64 bit OS
#   Decrease Java heap size (-Xmx/-Xms)
#   Decrease number of Java threads
#   Decrease Java thread stack sizes (-Xss)
#   Set larger code cache with -XX:ReservedCodeCacheSize=
# This output file may be truncated or incomplete.
#
#  Out of Memory Error (allocation.cpp:273), pid=7464, tid=0x0000000000003f58
#
# JRE version: OpenJDK Runtime Environment (8.0_112-b06) (build 1.8.0_112-release-b06)
# Java VM: OpenJDK 64-Bit Server VM (25.112-b06 mixed mode windows-amd64 compressed oops)
# Failed to write core dump. Minidumps are not enabled by default on client versions of Windows
#

---------------  T H R E A D  ---------------

Current thread (0x000000001bbfe000):  JavaThread "C2 CompilerThread1" daemon [_thread_in_native, id=16216, stack(0x000000001d360000,0x000000001d460000)]

Stack: [0x000000001d360000,0x000000001d460000]
[error occurred during error reporting (printing stack bounds), id 0xc0000005]

Native frames: (J=compiled Java code, j=interpreted, Vv=VM code, C=native code)


Current CompileTask:
C2:  16202 2470       4       com.android.dx.cf.direct.StdAttributeFactory::parse0 (532 bytes)


---------------  P R O C E S S  ---------------

Java Threads: ( => current thread )
  0x000000001d69f800 JavaThread "pool-1-thread-1" [_thread_in_Java, id=16612, stack(0x000000001f830000,0x000000001f930000)]
  0x000000001d580800 JavaThread "Service Thread" daemon [_thread_blocked, id=16868, stack(0x000000001d960000,0x000000001da60000)]
  0x000000001bc09000 JavaThread "C1 CompilerThread2" daemon [_thread_in_vm, id=17192, stack(0x000000001d460000,0x000000001d560000)]
=>0x000000001bbfe000 JavaThread "C2 CompilerThread1" daemon [_thread_in_native, id=16216, stack(0x000000001d360000,0x000000001d460000)]
  0x000000001bbfa800 JavaThread "C2 CompilerThread0" daemon [_thread_in_native, id=16196, stack(0x000000001d260000,0x000000001d360000)]
  0x000000001bbf9000 JavaThread "Attach Listener" daemon [_thread_blocked, id=17060, stack(0x000000001d160000,0x000000001d260000)]
  0x000000001bbf8000 JavaThread "Signal Dispatcher" daemon [_thread_blocked, id=6640, stack(0x000000001d060000,0x000000001d160000)]
  0x000000000107b800 JavaThread "Finalizer" daemon [_thread_blocked, id=15204, stack(0x000000001ce70000,0x000000001cf70000)]
  0x0000000001070800 JavaThread "Reference Handler" daemon [_thread_blocked, id=7096, stack(0x000000001cd70000,0x000000001ce70000)]
  0x0000000000f80800 JavaThread "main" [_thread_blocked, id=9136, stack(0x0000000000e60000,0x0000000000f60000)]

Other Threads:
  0x000000001bbc5000 VMThread [stack: 0x000000001cc70000,0x000000001cd70000] [id=1336]
  0x000000001bc5d800 WatcherThread [stack: 0x000000001da60000,0x000000001db60000] [id=15352]

VM state:not at safepoint (normal execution)

VM Mutex/Monitor currently owned by a thread: None

Heap:
 PSYoungGen      total 559104K, used 513395K [0x000000076ab00000, 0x0000000798900000, 0x00000007c0000000)
  eden space 450560K, 96% used [0x000000076ab00000,0x0000000785354738,0x0000000786300000)
  from space 108544K, 72% used [0x0000000786300000,0x000000078b0085c0,0x000000078cd00000)
  to   space 116224K, 0% used [0x0000000791780000,0x0000000791780000,0x0000000798900000)
 ParOldGen       total 384000K, used 225093K [0x00000006c0000000, 0x00000006d7700000, 0x000000076ab00000)
  object space 384000K, 58% used [0x00000006c0000000,0x00000006cdbd1570,0x00000006d7700000)
 Metaspace       used 6505K, capacity 7344K, committed 7552K, reserved 1056768K
  class space    used 593K, capacity 616K, committed 640K, reserved 1048576K

Card table byte_map: [0x0000000001440000,0x0000000001c50000] byte_map_base: 0xfffffffffde40000

Marking Bits: (ParMarkBitMap*) 0x0000000076fb18f0
 Begin Bits: [0x0000000012a60000, 0x0000000016a60000)
 End Bits:   [0x0000000016a60000, 0x000000001aa60000)

Polling page: 0x00000000009f0000

CodeCache: size=245760Kb used=12680Kb max_used=12680Kb free=233079Kb
 bounds [0x0000000003400000, 0x0000000004070000, 0x0000000012400000]
 total_blobs=2816 nmethods=2553 adapters=176
 compilation: enabled

Compilation events (10 events):
Event: 16.192 Thread 0x000000001bc09000 2620       2       com.android.dx.dex.code.OutputFinisher::getAllConstants (47 bytes)
Event: 16.193 Thread 0x000000001bc09000 nmethod 2620 0x0000000004066710 code [0x00000000040668c0, 0x0000000004066cc8]
Event: 16.193 Thread 0x000000001bc09000 2621 %     3       com.android.dx.dex.code.OutputFinisher::addConstants @ 47 (93 bytes)
Event: 16.194 Thread 0x000000001bc09000 nmethod 2621% 0x0000000004066f50 code [0x00000000040671a0, 0x0000000004068438]
Event: 16.195 Thread 0x000000001bc09000 2622 %     3       com.android.dx.dex.code.OutputFinisher::getAllConstants @ 18 (47 bytes)
Event: 16.197 Thread 0x000000001bc09000 nmethod 2622% 0x0000000004068ad0 code [0x0000000004068d00, 0x0000000004069718]
Event: 16.197 Thread 0x000000001bc09000 2623       3       com.android.dx.dex.code.OutputFinisher::addConstants (93 bytes)
Event: 16.198 Thread 0x000000001bc09000 nmethod 2623 0x0000000004069c10 code [0x0000000004069e60, 0x000000000406b038]
Event: 16.198 Thread 0x000000001bc09000 2624       1       com.android.dx.dex.code.OutputFinisher::hasAnyPositionInfo (5 bytes)
Event: 16.198 Thread 0x000000001bc09000 nmethod 2624 0x000000000406b690 code [0x000000000406b7e0, 0x000000000406b8f0]

GC Heap History (10 events):
Event: 6.787 GC heap before
{Heap before GC invocations=9 (full 1):
 PSYoungGen      total 295424K, used 267760K [0x000000076ab00000, 0x0000000791300000, 0x00000007c0000000)
  eden space 262656K, 100% used [0x000000076ab00000,0x000000077ab80000,0x000000077ab80000)
  from space 32768K, 15% used [0x000000077ab80000,0x000000077b07c098,0x000000077cb80000)
  to   space 52736K, 0% used [0x000000078df80000,0x000000078df80000,0x0000000791300000)
 ParOldGen       total 172032K, used 87052K [0x00000006c0000000, 0x00000006ca800000, 0x000000076ab00000)
  object space 172032K, 50% used [0x00000006c0000000,0x00000006c5503068,0x00000006ca800000)
 Metaspace       used 6369K, capacity 7280K, committed 7552K, reserved 1056768K
  class space    used 586K, capacity 616K, committed 640K, reserved 1048576K
Event: 6.877 GC heap after
Heap after GC invocations=9 (full 1):
 PSYoungGen      total 378368K, used 37691K [0x000000076ab00000, 0x0000000790480000, 0x00000007c0000000)
  eden space 340480K, 0% used [0x000000076ab00000,0x000000076ab00000,0x000000077f780000)
  from space 37888K, 99% used [0x000000078df80000,0x000000079044ed20,0x0000000790480000)
  to   space 56832K, 0% used [0x0000000789580000,0x0000000789580000,0x000000078cd00000)
 ParOldGen       total 172032K, used 87060K [0x00000006c0000000, 0x00000006ca800000, 0x000000076ab00000)
  object space 172032K, 50% used [0x00000006c0000000,0x00000006c5505068,0x00000006ca800000)
 Metaspace       used 6369K, capacity 7280K, committed 7552K, reserved 1056768K
  class space    used 586K, capacity 616K, committed 640K, reserved 1048576K
}
Event: 8.471 GC heap before
{Heap before GC invocations=10 (full 1):
 PSYoungGen      total 378368K, used 378171K [0x000000076ab00000, 0x0000000790480000, 0x00000007c0000000)
  eden space 340480K, 100% used [0x000000076ab00000,0x000000077f780000,0x000000077f780000)
  from space 37888K, 99% used [0x000000078df80000,0x000000079044ed20,0x0000000790480000)
  to   space 56832K, 0% used [0x0000000789580000,0x0000000789580000,0x000000078cd00000)
 ParOldGen       total 172032K, used 87060K [0x00000006c0000000, 0x00000006ca800000, 0x000000076ab00000)
  object space 172032K, 50% used [0x00000006c0000000,0x00000006c5505068,0x00000006ca800000)
 Metaspace       used 6379K, capacity 7280K, committed 7552K, reserved 1056768K
  class space    used 586K, capacity 616K, committed 640K, reserved 1048576K
Event: 8.628 GC heap after
Heap after GC invocations=10 (full 1):
 PSYoungGen      total 461824K, used 56804K [0x000000076ab00000, 0x000000078e000000, 0x00000007c0000000)
  eden space 404992K, 0% used [0x000000076ab00000,0x000000076ab00000,0x0000000783680000)
  from space 56832K, 99% used [0x0000000789580000,0x000000078ccf9198,0x000000078cd00000)
  to   space 19456K, 0% used [0x000000078cd00000,0x000000078cd00000,0x000000078e000000)
 ParOldGen       total 172032K, used 120685K [0x00000006c0000000, 0x00000006ca800000, 0x000000076ab00000)
  object space 172032K, 70% used [0x00000006c0000000,0x00000006c75db648,0x00000006ca800000)
 Metaspace       used 6379K, capacity 7280K, committed 7552K, reserved 1056768K
  class space    used 586K, capacity 616K, committed 640K, reserved 1048576K
}
Event: 10.315 GC heap before
{Heap before GC invocations=11 (full 1):
 PSYoungGen      total 461824K, used 461796K [0x000000076ab00000, 0x000000078e000000, 0x00000007c0000000)
  eden space 404992K, 100% used [0x000000076ab00000,0x0000000783680000,0x0000000783680000)
  from space 56832K, 99% used [0x0000000789580000,0x000000078ccf9198,0x000000078cd00000)
  to   space 19456K, 0% used [0x000000078cd00000,0x000000078cd00000,0x000000078e000000)
 ParOldGen       total 172032K, used 120685K [0x00000006c0000000, 0x00000006ca800000, 0x000000076ab00000)
  object space 172032K, 70% used [0x00000006c0000000,0x00000006c75db648,0x00000006ca800000)
 Metaspace       used 6403K, capacity 7280K, committed 7552K, reserved 1056768K
  class space    used 587K, capacity 616K, committed 640K, reserved 1048576K
Event: 10.517 GC heap after
Heap after GC invocations=11 (full 1):
 PSYoungGen      total 470016K, used 19424K [0x000000076ab00000, 0x0000000795c80000, 0x00000007c0000000)
  eden space 450560K, 0% used [0x000000076ab00000,0x000000076ab00000,0x0000000786300000)
  from space 19456K, 99% used [0x000000078cd00000,0x000000078dff80d0,0x000000078e000000)
  to   space 108544K, 0% used [0x0000000786300000,0x0000000786300000,0x000000078cd00000)
 ParOldGen       total 220160K, used 219669K [0x00000006c0000000, 0x00000006cd700000, 0x000000076ab00000)
  object space 220160K, 99% used [0x00000006c0000000,0x00000006cd6854b0,0x00000006cd700000)
 Metaspace       used 6403K, capacity 7280K, committed 7552K, reserved 1056768K
  class space    used 587K, capacity 616K, committed 640K, reserved 1048576K
}
Event: 10.517 GC heap before
{Heap before GC invocations=12 (full 2):
 PSYoungGen      total 470016K, used 19424K [0x000000076ab00000, 0x0000000795c80000, 0x00000007c0000000)
  eden space 450560K, 0% used [0x000000076ab00000,0x000000076ab00000,0x0000000786300000)
  from space 19456K, 99% used [0x000000078cd00000,0x000000078dff80d0,0x000000078e000000)
  to   space 108544K, 0% used [0x0000000786300000,0x0000000786300000,0x000000078cd00000)
 ParOldGen       total 220160K, used 219669K [0x00000006c0000000, 0x00000006cd700000, 0x000000076ab00000)
  object space 220160K, 99% used [0x00000006c0000000,0x00000006cd6854b0,0x00000006cd700000)
 Metaspace       used 6403K, capacity 7280K, committed 7552K, reserved 1056768K
  class space    used 587K, capacity 616K, committed 640K, reserved 1048576K
Event: 12.266 GC heap after
Heap after GC invocations=12 (full 2):
 PSYoungGen      total 470016K, used 11677K [0x000000076ab00000, 0x0000000795c80000, 0x00000007c0000000)
  eden space 450560K, 0% used [0x000000076ab00000,0x000000076ab00000,0x0000000786300000)
  from space 19456K, 60% used [0x000000078cd00000,0x000000078d8675e8,0x000000078e000000)
  to   space 108544K, 0% used [0x0000000786300000,0x0000000786300000,0x000000078cd00000)
 ParOldGen       total 384000K, used 219676K [0x00000006c0000000, 0x00000006d7700000, 0x000000076ab00000)
  object space 384000K, 57% used [0x00000006c0000000,0x00000006cd687158,0x00000006d7700000)
 Metaspace       used 6403K, capacity 7280K, committed 7552K, reserved 1056768K
  class space    used 587K, capacity 616K, committed 640K, reserved 1048576K
}
Event: 13.924 GC heap before
{Heap before GC invocations=13 (full 2):
 PSYoungGen      total 470016K, used 462237K [0x000000076ab00000, 0x0000000795c80000, 0x00000007c0000000)
  eden space 450560K, 100% used [0x000000076ab00000,0x0000000786300000,0x0000000786300000)
  from space 19456K, 60% used [0x000000078cd00000,0x000000078d8675e8,0x000000078e000000)
  to   space 108544K, 0% used [0x0000000786300000,0x0000000786300000,0x000000078cd00000)
 ParOldGen       total 384000K, used 219676K [0x00000006c0000000, 0x00000006d7700000, 0x000000076ab00000)
  object space 384000K, 57% used [0x00000006c0000000,0x00000006cd687158,0x00000006d7700000)
 Metaspace       used 6411K, capacity 7280K, committed 7552K, reserved 1056768K
  class space    used 587K, capacity 616K, committed 640K, reserved 1048576K
Event: 14.101 GC heap after
Heap after GC invocations=13 (full 2):
 PSYoungGen      total 559104K, used 78881K [0x000000076ab00000, 0x0000000798900000, 0x00000007c0000000)
  eden space 450560K, 0% used [0x000000076ab00000,0x000000076ab00000,0x0000000786300000)
  from space 108544K, 72% used [0x0000000786300000,0x000000078b0085c0,0x000000078cd00000)
  to   space 116224K, 0% used [0x0000000791780000,0x0000000791780000,0x0000000798900000)
 ParOldGen       total 384000K, used 225093K [0x00000006c0000000, 0x00000006d7700000, 0x000000076ab00000)
  object space 384000K, 58% used [0x00000006c0000000,0x00000006cdbd1570,0x00000006d7700000)
 Metaspace       used 6411K, capacity 7280K, committed 7552K, reserved 1056768K
  class space    used 587K, capacity 616K, committed 640K, reserved 1048576K
}

Deoptimization events (10 events):
Event: 15.330 Thread 0x000000001d69f800 Uncommon trap: reason=speculate_class_check action=maybe_recompile pc=0x0000000003ea95a0 method=com.android.dx.rop.cst.TypedConstant.getBasicType()I @ 1
Event: 15.331 Thread 0x000000001d69f800 Uncommon trap: reason=speculate_class_check action=maybe_recompile pc=0x0000000003ea95a0 method=com.android.dx.rop.cst.TypedConstant.getBasicType()I @ 1
Event: 15.340 Thread 0x000000001d69f800 Uncommon trap: reason=speculate_class_check action=maybe_recompile pc=0x0000000003ea95a0 method=com.android.dx.rop.cst.TypedConstant.getBasicType()I @ 1
Event: 15.341 Thread 0x000000001d69f800 Uncommon trap: reason=speculate_class_check action=maybe_recompile pc=0x0000000003ea95a0 method=com.android.dx.rop.cst.TypedConstant.getBasicType()I @ 1
Event: 15.743 Thread 0x000000001d69f800 Uncommon trap: reason=unstable_if action=reinterpret pc=0x0000000003fd906c method=com.android.dx.ssa.back.FirstFitLocalCombiningAllocator.findRopRegForLocal(II)I @ 38
Event: 15.966 Thread 0x000000001d69f800 Uncommon trap: reason=class_check action=maybe_recompile pc=0x0000000003a06740 method=java.util.Arrays.hashCode([Ljava/lang/Object;)I @ 43
Event: 15.966 Thread 0x000000001d69f800 Uncommon trap: reason=class_check action=maybe_recompile pc=0x0000000003a06740 method=java.util.Arrays.hashCode([Ljava/lang/Object;)I @ 43
Event: 15.966 Thread 0x000000001d69f800 Uncommon trap: reason=class_check action=maybe_recompile pc=0x0000000003a06740 method=java.util.Arrays.hashCode([Ljava/lang/Object;)I @ 43
Event: 15.966 Thread 0x000000001d69f800 Uncommon trap: reason=class_check action=maybe_recompile pc=0x0000000003a06740 method=java.util.Arrays.hashCode([Ljava/lang/Object;)I @ 43
Event: 15.967 Thread 0x000000001d69f800 Uncommon trap: reason=class_check action=maybe_recompile pc=0x00000000039e2fb4 method=java.util.Arrays.hashCode([Ljava/lang/Object;)I @ 43

Internal exceptions (7 events):
Event: 0.027 Thread 0x0000000000f80800 Exception <a 'java/lang/NoSuchMethodError': Method sun.misc.Unsafe.defineClass(Ljava/lang/String;[BII)Ljava/lang/Class; name or signature does not match> (0x000000076ab07c78) thrown at [C:\src\android\AOSP-openjdk\external\jetbrains\jdk\hotspot\src\share\v„”1çç7›?
Event: 0.027 Thread 0x0000000000f80800 Exception <a 'java/lang/NoSuchMethodError': Method sun.misc.Unsafe.prefetchRead(Ljava/lang/Object;J)V name or signature does not match> (0x000000076ab07f60) thrown at [C:\src\android\AOSP-openjdk\external\jetbrains\jdk\hotspot\src\share\vm\prims\jni.cpp, l<šÿð}é?
Event: 0.785 Thread 0x000000001d89c800 Implicit null exception at 0x00000000037c8ae2 to 0x00000000037c8be2
Event: 1.006 Thread 0x000000001d89c800 Implicit null exception at 0x000000000377a9fe to 0x000000000377ce19
Event: 1.615 Thread 0x000000001d89c000 Exception <a 'java/lang/ArrayIndexOutOfBoundsException': 18> (0x000000076ce71988) thrown at [C:\src\android\AOSP-openjdk\external\jetbrains\jdk\hotspot\src\share\vm\interpreter\interpreterRuntime.cpp, line 366]
Event: 1.616 Thread 0x000000001d89c000 Exception <a 'java/lang/ArrayIndexOutOfBoundsException': 145> (0x000000076ce73508) thrown at [C:\src\android\AOSP-openjdk\external\jetbrains\jdk\hotspot\src\share\vm\interpreter\interpreterRuntime.cpp, line 366]
Event: 1.617 Thread 0x000000001d89c000 Exception <a 'java/lang/ArrayIndexOutOfBoundsException'> (0x000000076ce747f0) thrown at [C:\src\android\AOSP-openjdk\external\jetbrains\jdk\hotspot\src\share\vm\runtime\sharedRuntime.cpp, line 605]

Events (10 events):
Event: 15.966 Thread 0x000000001d69f800 Uncommon trap: trap_request=0xffffffde fr.pc=0x0000000003a06740
Event: 15.966 Thread 0x000000001d69f800 DEOPT PACKING pc=0x0000000003a06740 sp=0x000000001f92e7d0
Event: 15.966 Thread 0x000000001d69f800 DEOPT UNPACKING pc=0x000000000344556a sp=0x000000001f92e700 mode 2
Event: 15.967 Thread 0x000000001d69f800 Uncommon trap: trap_request=0xffffffde fr.pc=0x00000000039e2fb4
Event: 15.967 Thread 0x000000001d69f800 DEOPT PACKING pc=0x00000000039e2fb4 sp=0x000000001f92e780
Event: 15.967 Thread 0x000000001d69f800 DEOPT UNPACKING pc=0x000000000344556a sp=0x000000001f92e708 mode 2
Event: 15.968 loading class com/android/dx/rop/cst/Zeroes
Event: 15.968 loading class com/android/dx/rop/cst/Zeroes done
Event: 16.182 loading class com/android/dx/dex/file/CatchStructs
Event: 16.182 loading class com/android/dx/dex/file/CatchStructs done


Dynamic libraries:
0x00007ff7e4b10000 - 0x00007ff7e4b41000 	C:\Program Files\Android\Android Studio\jre\bin\java.exe
0x00007ff809440000 - 0x00007ff809611000 	C:\WINDOWS\SYSTEM32\ntdll.dll
0x00007ff8078f0000 - 0x00007ff80799c000 	C:\WINDOWS\System32\KERNEL32.DLL
0x00007ff805a30000 - 0x00007ff805c4d000 	C:\WINDOWS\System32\KERNELBASE.dll
0x00007ff8069d0000 - 0x00007ff806a72000 	C:\WINDOWS\System32\ADVAPI32.dll
0x00007ff8073e0000 - 0x00007ff80747e000 	C:\WINDOWS\System32\msvcrt.dll
0x00007ff8074a0000 - 0x00007ff8074f9000 	C:\WINDOWS\System32\sechost.dll
0x00007ff809300000 - 0x00007ff809421000 	C:\WINDOWS\System32\RPCRT4.dll
0x00007ff809180000 - 0x00007ff8092e5000 	C:\WINDOWS\System32\USER32.dll
0x00007ff806730000 - 0x00007ff80674e000 	C:\WINDOWS\System32\win32u.dll
0x00007ff8073a0000 - 0x00007ff8073d4000 	C:\WINDOWS\System32\GDI32.dll
0x00007ff806330000 - 0x00007ff8064b2000 	C:\WINDOWS\System32\gdi32full.dll
0x00007ffffbe60000 - 0x00007ffffc0da000 	C:\WINDOWS\WinSxS\amd64_microsoft.windows.common-controls_6595b64144ccf1df_6.0.14393.953_none_42151e83c686086b\COMCTL32.dll
0x00007ff8079a0000 - 0x00007ff807c68000 	C:\WINDOWS\System32\combase.dll
0x00007ff806520000 - 0x00007ff806615000 	C:\WINDOWS\System32\ucrtbase.dll
0x00007ff806620000 - 0x00007ff80668a000 	C:\WINDOWS\System32\bcryptPrimitives.dll
0x00007ff807740000 - 0x00007ff80776e000 	C:\WINDOWS\System32\IMM32.DLL
0x0000000076630000 - 0x0000000076702000 	C:\Program Files\Android\Android Studio\jre\jre\bin\msvcr100.dll
0x00000000767f0000 - 0x000000007702c000 	C:\Program Files\Android\Android Studio\jre\jre\bin\server\jvm.dll
0x00007ff8092f0000 - 0x00007ff8092f8000 	C:\WINDOWS\System32\PSAPI.DLL
0x00007ffffbbe0000 - 0x00007ffffbbe9000 	C:\WINDOWS\SYSTEM32\WSOCK32.dll
0x00007ffff8450000 - 0x00007ffff845a000 	C:\WINDOWS\SYSTEM32\VERSION.dll
0x00007ff803750000 - 0x00007ff803773000 	C:\WINDOWS\SYSTEM32\WINMM.dll
0x00007ff8077e0000 - 0x00007ff80784a000 	C:\WINDOWS\System32\WS2_32.dll
0x00007ff803720000 - 0x00007ff80374b000 	C:\WINDOWS\SYSTEM32\WINMMBASE.dll
0x00007ff8059e0000 - 0x00007ff805a22000 	C:\WINDOWS\System32\cfgmgr32.dll
0x00007ff803c10000 - 0x00007ff803c1f000 	C:\Program Files\Android\Android Studio\jre\jre\bin\verify.dll
0x00007ffffeba0000 - 0x00007ffffebc9000 	C:\Program Files\Android\Android Studio\jre\jre\bin\java.dll
0x00007fffff5d0000 - 0x00007fffff5e6000 	C:\Program Files\Android\Android Studio\jre\jre\bin\zip.dll
0x00007ff807c70000 - 0x00007ff809178000 	C:\WINDOWS\System32\SHELL32.dll
0x00007ff805c50000 - 0x00007ff80632a000 	C:\WINDOWS\System32\windows.storage.dll
0x00007ff8058e0000 - 0x00007ff80592c000 	C:\WINDOWS\System32\powrprof.dll
0x00007ff807780000 - 0x00007ff8077d2000 	C:\WINDOWS\System32\shlwapi.dll
0x00007ff8058d0000 - 0x00007ff8058df000 	C:\WINDOWS\System32\kernel.appcore.dll
0x00007ff805930000 - 0x00007ff8059d9000 	C:\WINDOWS\System32\shcore.dll
0x00007ff8058a0000 - 0x00007ff8058b4000 	C:\WINDOWS\System32\profapi.dll

VM Arguments:
jvm_args: -Djava.awt.headless=true -Xmx4g -Dfile.encoding=windows-1251 -Duser.country=RU -Duser.language=ru -Duser.variant 
java_command: com.android.dx.command.Main --dex --num-threads=4 --multi-dex --main-dex-list C:\Users\User\Documents\GitHub\UTair\UTair\app\build\intermediates\multi-dex\debug\maindexlist.txt --output C:\Users\User\Documents\GitHub\UTair\UTair\app\build\intermediates\transforms\dex\debug\folders\1000\1f\main C:\Users\User\Documents\GitHub\UTair\UTair\app\build\intermediates\transforms\jarMerging\debug\jars\1\1f\combined.jar
java_class_path (initial): C:\Users\User\AppData\Local\Android\sdk\build-tools\25.0.2\lib\dx.jar
Launcher Type: SUN_STANDARD

Environment Variables:
PATH=C:\ProgramData\Oracle\Java\javapath;C:\Program Files\Broadcom\Broadcom 802.11 Network Adapter;C:\Program Files (x86)\NVIDIA Corporation\PhysX\Common;C:\Program Files (x86)\Intel\iCLS Client\;C:\Program Files\Intel\iCLS Client\;C:\Windows\system32;C:\Windows;C:\Windows\System32\Wbem;C:\Windows\System32\WindowsPowerShell\v1.0\;C:\Program Files\Intel\Intel(R) Management Engine Components\DAL;C:\Program Files\Intel\Intel(R) Management Engine Components\IPT;C:\Program Files (x86)\Intel\Intel(R) Management Engine Components\DAL;C:\Program Files (x86)\Intel\Intel(R) Management Engine Components\IPT;C:\Program Files\WIDCOMM\Bluetooth Software\;C:\Program Files\WIDCOMM\Bluetooth Software\syswow64;C:\Program Files\Acer\Remote Files\;C:\Program Files\OpenVPN\bin;C:\WINDOWS\system32;C:\WINDOWS;C:\WINDOWS\System32\Wbem;C:\WINDOWS\System32\WindowsPowerShell\v1.0\;C:\Users\User\AppData\Local\Microsoft\WindowsApps;
USERNAME=User
OS=Windows_NT
PROCESSOR_IDENTIFIER=Intel64 Family 6 Model 69 Stepping 1, GenuineIntel



---------------  S Y S T E M  ---------------

OS: Windows 10.0 , 64 bit Build 14393 (10.0.14393.1198)

CPU:total 4 (2 cores per cpu, 2 threads per core) family 6 model 69 stepping 1, cmov, cx8, fxsr, mmx, sse, sse2, sse3, ssse3, sse4.1, sse4.2, popcnt, avx, avx2, aes, clmul, erms, lzcnt, ht, tsc, tscinvbit, bmi1, bmi2

Memory: 4k page, physical 8310040k(1139964k free), swap 12406040k(2108k free)

vm_info: OpenJDK 64-Bit Server VM (25.112-b06) for windows-amd64 JRE (1.8.0_112-release-b06), built on Dec  8 2016 00:54:26 by "builder" with MS VC++ 10.0 (VS2010)

time: Fri May 19 16:00:41 2017
elapsed time: 16 seconds (0d 0h 0m 16s)

