#
# There is insufficient memory for the Java Runtime Environment to continue.
# Native memory allocation (malloc) failed to allocate 1279216 bytes for Chunk::new
# Possible reasons:
#   The system is out of physical RAM or swap space
#   In 32 bit mode, the process size limit was hit
# Possible solutions:
#   Reduce memory load on the system
#   Increase physical memory or swap space
#   Check if swap backing store is full
#   Use 64 bit Java on a 64 bit OS
#   Decrease Java heap size (-Xmx/-Xms)
#   Decrease number of Java threads
#   Decrease Java thread stack sizes (-Xss)
#   Set larger code cache with -XX:ReservedCodeCacheSize=
# This output file may be truncated or incomplete.
#
#  Out of Memory Error (allocation.cpp:390), pid=3504, tid=0x0000000000002f20
#
# JRE version: OpenJDK Runtime Environment (8.0_112-b06) (build 1.8.0_112-release-b06)
# Java VM: OpenJDK 64-Bit Server VM (25.112-b06 mixed mode windows-amd64 compressed oops)
# Failed to write core dump. Minidumps are not enabled by default on client versions of Windows
#

---------------  T H R E A D  ---------------

Current thread (0x000000001c9ce800):  JavaThread "C2 CompilerThread0" daemon [_thread_in_native, id=12064, stack(0x000000001e010000,0x000000001e110000)]

Stack: [0x000000001e010000,0x000000001e110000]
[error occurred during error reporting (printing stack bounds), id 0xc0000005]

Native frames: (J=compiled Java code, j=interpreted, Vv=VM code, C=native code)


Current CompileTask:
C2:   6982 2231   !   4       com.android.dx.cf.code.BytecodeArray::parseInstruction (2764 bytes)


---------------  P R O C E S S  ---------------

Java Threads: ( => current thread )
  0x000000001ea19800 JavaThread "pool-2-thread-4" [_thread_in_Java, id=5244, stack(0x000000001f510000,0x000000001f610000)]
  0x000000001ea19000 JavaThread "pool-2-thread-3" [_thread_in_Java, id=13744, stack(0x000000001f410000,0x000000001f510000)]
  0x000000001ea9d000 JavaThread "pool-2-thread-2" [_thread_in_Java, id=16604, stack(0x000000001f310000,0x000000001f410000)]
  0x000000001ea9a000 JavaThread "pool-3-thread-1" [_thread_blocked, id=1720, stack(0x000000001f210000,0x000000001f310000)]
  0x000000001e522800 JavaThread "pool-2-thread-1" [_thread_blocked, id=13860, stack(0x000000001f110000,0x000000001f210000)]
  0x000000001ca2e000 JavaThread "Service Thread" daemon [_thread_blocked, id=6096, stack(0x000000001e710000,0x000000001e810000)]
  0x000000001c9d7000 JavaThread "C1 CompilerThread2" daemon [_thread_blocked, id=13796, stack(0x000000001e210000,0x000000001e310000)]
  0x000000001c9d2000 JavaThread "C2 CompilerThread1" daemon [_thread_in_native, id=15328, stack(0x000000001e110000,0x000000001e210000)]
=>0x000000001c9ce800 JavaThread "C2 CompilerThread0" daemon [_thread_in_native, id=12064, stack(0x000000001e010000,0x000000001e110000)]
  0x000000001c9cd000 JavaThread "Attach Listener" daemon [_thread_blocked, id=11084, stack(0x000000001df10000,0x000000001e010000)]
  0x000000001c9cc000 JavaThread "Signal Dispatcher" daemon [_thread_blocked, id=7676, stack(0x000000001de10000,0x000000001df10000)]
  0x0000000001dfd000 JavaThread "Finalizer" daemon [_thread_blocked, id=7508, stack(0x000000001dc20000,0x000000001dd20000)]
  0x0000000001df2800 JavaThread "Reference Handler" daemon [_thread_blocked, id=11088, stack(0x000000001db20000,0x000000001dc20000)]
  0x0000000001d02800 JavaThread "main" [_thread_in_Java, id=16108, stack(0x0000000001c00000,0x0000000001d00000)]

Other Threads:
  0x000000001c996000 VMThread [stack: 0x000000001da20000,0x000000001db20000] [id=4404]
  0x000000001e337000 WatcherThread [stack: 0x000000001e810000,0x000000001e910000] [id=15408]

VM state:not at safepoint (normal execution)

VM Mutex/Monitor currently owned by a thread: None

Heap:
 PSYoungGen      total 295424K, used 259586K [0x000000076ab00000, 0x0000000791300000, 0x00000007c0000000)
  eden space 262144K, 97% used [0x000000076ab00000,0x000000077a38a030,0x000000077ab00000)
  from space 33280K, 15% used [0x000000077ab00000,0x000000077aff6980,0x000000077cb80000)
  to   space 53248K, 0% used [0x000000078df00000,0x000000078df00000,0x0000000791300000)
 ParOldGen       total 172032K, used 87230K [0x00000006c0000000, 0x00000006ca800000, 0x000000076ab00000)
  object space 172032K, 50% used [0x00000006c0000000,0x00000006c552fa18,0x00000006ca800000)
 Metaspace       used 6364K, capacity 7280K, committed 7552K, reserved 1056768K
  class space    used 586K, capacity 616K, committed 640K, reserved 1048576K

Card table byte_map: [0x00000000127c0000,0x0000000012fd0000] byte_map_base: 0x000000000f1c0000

Marking Bits: (ParMarkBitMap*) 0x0000000076b718f0
 Begin Bits: [0x0000000013830000, 0x0000000017830000)
 End Bits:   [0x0000000017830000, 0x000000001b830000)

Polling page: 0x0000000001aa0000

CodeCache: size=245760Kb used=9000Kb max_used=9000Kb free=236759Kb
 bounds [0x0000000003400000, 0x0000000003ce0000, 0x0000000012400000]
 total_blobs=2423 nmethods=2160 adapters=176
 compilation: enabled

Compilation events (10 events):
Event: 6.710 Thread 0x000000001c9d7000 2261       2       com.android.dx.dex.file.UniformListItem::<init> (37 bytes)
Event: 6.711 Thread 0x000000001c9d7000 nmethod 2261 0x0000000003cc8610 code [0x0000000003cc87e0, 0x0000000003cc8c08]
Event: 6.724 Thread 0x000000001c9d7000 2262       3       com.android.dx.ssa.SsaBasicBlock::insertNewSuccessor (228 bytes)
Event: 6.726 Thread 0x000000001c9d7000 nmethod 2262 0x0000000003cc8f90 code [0x0000000003cc92c0, 0x0000000003cca808]
Event: 6.810 Thread 0x000000001c9d7000 2264       2       com.android.dx.command.dexer.Main$NotFilter::accept (19 bytes)
Event: 6.810 Thread 0x000000001c9d7000 nmethod 2264 0x0000000003cb6b10 code [0x0000000003cb6c80, 0x0000000003cb6e08]
Event: 6.913 Thread 0x000000001c9d7000 2269       2       com.android.dx.rop.code.FillArrayDataInsn::withNewRegisters (25 bytes)
Event: 6.914 Thread 0x000000001c9d7000 nmethod 2269 0x0000000003ccb290 code [0x0000000003ccb400, 0x0000000003ccb608]
Event: 6.929 Thread 0x000000001c9d7000 2270       3       com.android.dx.ssa.SCCP::simulateBranch (666 bytes)
Event: 6.933 Thread 0x000000001c9d7000 nmethod 2270 0x0000000003ccb6d0 code [0x0000000003ccbb80, 0x0000000003ccf758]

GC Heap History (10 events):
Event: 1.874 GC heap before
{Heap before GC invocations=4 (full 0):
 PSYoungGen      total 71680K, used 71652K [0x000000076ab00000, 0x0000000773700000, 0x00000007c0000000)
  eden space 66560K, 100% used [0x000000076ab00000,0x000000076ec00000,0x000000076ec00000)
  from space 5120K, 99% used [0x000000076ec00000,0x000000076f0f9018,0x000000076f100000)
  to   space 5120K, 0% used [0x0000000773200000,0x0000000773200000,0x0000000773700000)
 ParOldGen       total 87552K, used 8930K [0x00000006c0000000, 0x00000006c5580000, 0x000000076ab00000)
  object space 87552K, 10% used [0x00000006c0000000,0x00000006c08b8b10,0x00000006c5580000)
 Metaspace       used 6208K, capacity 7152K, committed 7296K, reserved 1056768K
  class space    used 585K, capacity 616K, committed 640K, reserved 1048576K
Event: 1.905 GC heap after
Heap after GC invocations=4 (full 0):
 PSYoungGen      total 138240K, used 5116K [0x000000076ab00000, 0x0000000773700000, 0x00000007c0000000)
  eden space 133120K, 0% used [0x000000076ab00000,0x000000076ab00000,0x0000000772d00000)
  from space 5120K, 99% used [0x0000000773200000,0x00000007736ff258,0x0000000773700000)
  to   space 5120K, 0% used [0x0000000772d00000,0x0000000772d00000,0x0000000773200000)
 ParOldGen       total 87552K, used 18620K [0x00000006c0000000, 0x00000006c5580000, 0x000000076ab00000)
  object space 87552K, 21% used [0x00000006c0000000,0x00000006c122f038,0x00000006c5580000)
 Metaspace       used 6208K, capacity 7152K, committed 7296K, reserved 1056768K
  class space    used 585K, capacity 616K, committed 640K, reserved 1048576K
}
Event: 2.751 GC heap before
{Heap before GC invocations=5 (full 0):
 PSYoungGen      total 138240K, used 138236K [0x000000076ab00000, 0x0000000773700000, 0x00000007c0000000)
  eden space 133120K, 100% used [0x000000076ab00000,0x0000000772d00000,0x0000000772d00000)
  from space 5120K, 99% used [0x0000000773200000,0x00000007736ff258,0x0000000773700000)
  to   space 5120K, 0% used [0x0000000772d00000,0x0000000772d00000,0x0000000773200000)
 ParOldGen       total 87552K, used 18620K [0x00000006c0000000, 0x00000006c5580000, 0x000000076ab00000)
  object space 87552K, 21% used [0x00000006c0000000,0x00000006c122f038,0x00000006c5580000)
 Metaspace       used 6284K, capacity 7216K, committed 7296K, reserved 1056768K
  class space    used 585K, capacity 616K, committed 640K, reserved 1048576K
Event: 2.825 GC heap after
Heap after GC invocations=5 (full 0):
 PSYoungGen      total 138240K, used 5100K [0x000000076ab00000, 0x000000077e800000, 0x00000007c0000000)
  eden space 133120K, 0% used [0x000000076ab00000,0x000000076ab00000,0x0000000772d00000)
  from space 5120K, 99% used [0x0000000772d00000,0x00000007731fb010,0x0000000773200000)
  to   space 29184K, 0% used [0x000000077cb80000,0x000000077cb80000,0x000000077e800000)
 ParOldGen       total 87552K, used 38875K [0x00000006c0000000, 0x00000006c5580000, 0x000000076ab00000)
  object space 87552K, 44% used [0x00000006c0000000,0x00000006c25f6e60,0x00000006c5580000)
 Metaspace       used 6284K, capacity 7216K, committed 7296K, reserved 1056768K
  class space    used 585K, capacity 616K, committed 640K, reserved 1048576K
}
Event: 3.465 GC heap before
{Heap before GC invocations=6 (full 0):
 PSYoungGen      total 138240K, used 138220K [0x000000076ab00000, 0x000000077e800000, 0x00000007c0000000)
  eden space 133120K, 100% used [0x000000076ab00000,0x0000000772d00000,0x0000000772d00000)
  from space 5120K, 99% used [0x0000000772d00000,0x00000007731fb010,0x0000000773200000)
  to   space 29184K, 0% used [0x000000077cb80000,0x000000077cb80000,0x000000077e800000)
 ParOldGen       total 87552K, used 38875K [0x00000006c0000000, 0x00000006c5580000, 0x000000076ab00000)
  object space 87552K, 44% used [0x00000006c0000000,0x00000006c25f6e60,0x00000006c5580000)
 Metaspace       used 6318K, capacity 7216K, committed 7296K, reserved 1056768K
  class space    used 585K, capacity 616K, committed 640K, reserved 1048576K
Event: 3.531 GC heap after
Heap after GC invocations=6 (full 0):
 PSYoungGen      total 291328K, used 24163K [0x000000076ab00000, 0x000000077f000000, 0x00000007c0000000)
  eden space 262144K, 0% used [0x000000076ab00000,0x000000076ab00000,0x000000077ab00000)
  from space 29184K, 82% used [0x000000077cb80000,0x000000077e318e80,0x000000077e800000)
  to   space 33280K, 0% used [0x000000077ab00000,0x000000077ab00000,0x000000077cb80000)
 ParOldGen       total 87552K, used 38875K [0x00000006c0000000, 0x00000006c5580000, 0x000000076ab00000)
  object space 87552K, 44% used [0x00000006c0000000,0x00000006c25f6e60,0x00000006c5580000)
 Metaspace       used 6318K, capacity 7216K, committed 7296K, reserved 1056768K
  class space    used 585K, capacity 616K, committed 640K, reserved 1048576K
}
Event: 4.848 GC heap before
{Heap before GC invocations=7 (full 0):
 PSYoungGen      total 291328K, used 286307K [0x000000076ab00000, 0x000000077f000000, 0x00000007c0000000)
  eden space 262144K, 100% used [0x000000076ab00000,0x000000077ab00000,0x000000077ab00000)
  from space 29184K, 82% used [0x000000077cb80000,0x000000077e318e80,0x000000077e800000)
  to   space 33280K, 0% used [0x000000077ab00000,0x000000077ab00000,0x000000077cb80000)
 ParOldGen       total 87552K, used 38875K [0x00000006c0000000, 0x00000006c5580000, 0x000000076ab00000)
  object space 87552K, 44% used [0x00000006c0000000,0x00000006c25f6e60,0x00000006c5580000)
 Metaspace       used 6353K, capacity 7280K, committed 7552K, reserved 1056768K
  class space    used 586K, capacity 616K, committed 640K, reserved 1048576K
Event: 4.978 GC heap after
Heap after GC invocations=7 (full 0):
 PSYoungGen      total 295424K, used 33250K [0x000000076ab00000, 0x0000000791300000, 0x00000007c0000000)
  eden space 262144K, 0% used [0x000000076ab00000,0x000000076ab00000,0x000000077ab00000)
  from space 33280K, 99% used [0x000000077ab00000,0x000000077cb78b90,0x000000077cb80000)
  to   space 53248K, 0% used [0x000000078df00000,0x000000078df00000,0x0000000791300000)
 ParOldGen       total 87552K, used 64626K [0x00000006c0000000, 0x00000006c5580000, 0x000000076ab00000)
  object space 87552K, 73% used [0x00000006c0000000,0x00000006c3f1ca90,0x00000006c5580000)
 Metaspace       used 6353K, capacity 7280K, committed 7552K, reserved 1056768K
  class space    used 586K, capacity 616K, committed 640K, reserved 1048576K
}
Event: 4.978 GC heap before
{Heap before GC invocations=8 (full 1):
 PSYoungGen      total 295424K, used 33250K [0x000000076ab00000, 0x0000000791300000, 0x00000007c0000000)
  eden space 262144K, 0% used [0x000000076ab00000,0x000000076ab00000,0x000000077ab00000)
  from space 33280K, 99% used [0x000000077ab00000,0x000000077cb78b90,0x000000077cb80000)
  to   space 53248K, 0% used [0x000000078df00000,0x000000078df00000,0x0000000791300000)
 ParOldGen       total 87552K, used 64626K [0x00000006c0000000, 0x00000006c5580000, 0x000000076ab00000)
  object space 87552K, 73% used [0x00000006c0000000,0x00000006c3f1ca90,0x00000006c5580000)
 Metaspace       used 6353K, capacity 7280K, committed 7552K, reserved 1056768K
  class space    used 586K, capacity 616K, committed 640K, reserved 1048576K
Event: 6.015 GC heap after
Heap after GC invocations=8 (full 1):
 PSYoungGen      total 295424K, used 5082K [0x000000076ab00000, 0x0000000791300000, 0x00000007c0000000)
  eden space 262144K, 0% used [0x000000076ab00000,0x000000076ab00000,0x000000077ab00000)
  from space 33280K, 15% used [0x000000077ab00000,0x000000077aff6980,0x000000077cb80000)
  to   space 53248K, 0% used [0x000000078df00000,0x000000078df00000,0x0000000791300000)
 ParOldGen       total 172032K, used 87230K [0x00000006c0000000, 0x00000006ca800000, 0x000000076ab00000)
  object space 172032K, 50% used [0x00000006c0000000,0x00000006c552fa18,0x00000006ca800000)
 Metaspace       used 6353K, capacity 7280K, committed 7552K, reserved 1056768K
  class space    used 586K, capacity 616K, committed 640K, reserved 1048576K
}

Deoptimization events (10 events):
Event: 2.516 Thread 0x0000000001d02800 Uncommon trap: reason=unstable_if action=reinterpret pc=0x0000000003afa95c method=com.android.dx.ssa.LiteralOpUpgrader$1.visitNonMoveInsn(Lcom/android/dx/ssa/NormalSsaInsn;)V @ 55
Event: 2.517 Thread 0x0000000001d02800 Uncommon trap: reason=unstable_if action=reinterpret pc=0x00000000038a245c method=com.android.dx.ssa.SsaMethod.updateOneDefinition(Lcom/android/dx/ssa/SsaInsn;Lcom/android/dx/rop/code/RegisterSpec;)V @ 4
Event: 2.968 Thread 0x000000001ea9d000 Uncommon trap: reason=bimorphic action=maybe_recompile pc=0x0000000003b27b10 method=com.android.dx.cf.code.BytecodeArray.parseInstruction(ILcom/android/dx/cf/code/BytecodeArray$Visitor;)I @ 1051
Event: 2.968 Thread 0x000000001ea9d000 Uncommon trap: reason=bimorphic action=maybe_recompile pc=0x0000000003b27b10 method=com.android.dx.cf.code.BytecodeArray.parseInstruction(ILcom/android/dx/cf/code/BytecodeArray$Visitor;)I @ 1051
Event: 3.761 Thread 0x0000000001d02800 Uncommon trap: reason=unstable_if action=reinterpret pc=0x00000000038a1cb4 method=com.android.dx.dex.code.OutputFinisher.hasLocalInfo(Lcom/android/dx/dex/code/DalvInsn;)Z @ 24
Event: 4.071 Thread 0x0000000001d02800 Uncommon trap: reason=unstable_if action=reinterpret pc=0x0000000003becb60 method=java.util.HashMap.putVal(ILjava/lang/Object;Ljava/lang/Object;ZZ)Ljava/lang/Object; @ 109
Event: 4.830 Thread 0x000000001ea19000 Uncommon trap: reason=unstable_if action=reinterpret pc=0x0000000003ac9820 method=com.android.dx.ssa.MoveParamCombiner$1.visitNonMoveInsn(Lcom/android/dx/ssa/NormalSsaInsn;)V @ 27
Event: 6.236 Thread 0x000000001ea19800 Uncommon trap: reason=bimorphic action=maybe_recompile pc=0x0000000003c130fc method=com.android.dx.cf.code.BytecodeArray.parseInstruction(ILcom/android/dx/cf/code/BytecodeArray$Visitor;)I @ 2281
Event: 6.236 Thread 0x000000001ea19800 Uncommon trap: reason=bimorphic action=maybe_recompile pc=0x0000000003c130fc method=com.android.dx.cf.code.BytecodeArray.parseInstruction(ILcom/android/dx/cf/code/BytecodeArray$Visitor;)I @ 2281
Event: 6.928 Thread 0x000000001ea19800 Uncommon trap: reason=unstable_if action=reinterpret pc=0x0000000003c4ed64 method=com.android.dx.ssa.SCCP.simulateBranch(Lcom/android/dx/ssa/SsaInsn;)V @ 548

Internal exceptions (7 events):
Event: 0.028 Thread 0x0000000001d02800 Exception <a 'java/lang/NoSuchMethodError': Method sun.misc.Unsafe.defineClass(Ljava/lang/String;[BII)Ljava/lang/Class; name or signature does not match> (0x000000076ab07c78) thrown at [C:\src\android\AOSP-openjdk\external\jetbrains\jdk\hotspot\src\share\vG.'2xœ?
Event: 0.028 Thread 0x0000000001d02800 Exception <a 'java/lang/NoSuchMethodError': Method sun.misc.Unsafe.prefetchRead(Ljava/lang/Object;J)V name or signature does not match> (0x000000076ab07f60) thrown at [C:\src\android\AOSP-openjdk\external\jetbrains\jdk\hotspot\src\share\vm\prims\jni.cpp, l
Event: 0.783 Thread 0x000000001e522800 Implicit null exception at 0x000000000378b8e2 to 0x000000000378b9e2
Event: 1.017 Thread 0x000000001e522800 Implicit null exception at 0x000000000375f526 to 0x0000000003762155
Event: 1.676 Thread 0x000000001ea9d000 Exception <a 'java/lang/ArrayIndexOutOfBoundsException': 18> (0x000000076cf16de0) thrown at [C:\src\android\AOSP-openjdk\external\jetbrains\jdk\hotspot\src\share\vm\interpreter\interpreterRuntime.cpp, line 366]
Event: 1.677 Thread 0x000000001ea9d000 Exception <a 'java/lang/ArrayIndexOutOfBoundsException': 145> (0x000000076cf18960) thrown at [C:\src\android\AOSP-openjdk\external\jetbrains\jdk\hotspot\src\share\vm\interpreter\interpreterRuntime.cpp, line 366]
Event: 1.678 Thread 0x000000001ea9d000 Exception <a 'java/lang/ArrayIndexOutOfBoundsException'> (0x000000076cf19c48) thrown at [C:\src\android\AOSP-openjdk\external\jetbrains\jdk\hotspot\src\share\vm\runtime\sharedRuntime.cpp, line 605]

Events (10 events):
Event: 6.711 Thread 0x000000001ea19800 DEOPT UNPACKING pc=0x00000000034475bf sp=0x000000001f60ec40 mode 0
Event: 6.848 Thread 0x000000001e522800 DEOPT PACKING pc=0x00000000037fd9ed sp=0x000000001f20e710
Event: 6.848 Thread 0x000000001e522800 DEOPT UNPACKING pc=0x00000000034475bf sp=0x000000001f20e4b0 mode 0
Event: 6.912 Thread 0x000000001ea9d000 DEOPT PACKING pc=0x0000000003bdc765 sp=0x000000001f40eba0
Event: 6.912 Thread 0x000000001ea9d000 DEOPT UNPACKING pc=0x00000000034475bf sp=0x000000001f40e950 mode 0
Event: 6.928 Thread 0x000000001ea19800 Uncommon trap: trap_request=0xffffff65 fr.pc=0x0000000003c4ed64
Event: 6.928 Thread 0x000000001ea19800 DEOPT PACKING pc=0x0000000003c4ed64 sp=0x000000001f60ec60
Event: 6.928 Thread 0x000000001ea19800 DEOPT UNPACKING pc=0x000000000344556a sp=0x000000001f60ec68 mode 2
Event: 6.954 Thread 0x000000001ea9d000 DEOPT PACKING pc=0x00000000037ab564 sp=0x000000001f40ed20
Event: 6.954 Thread 0x000000001ea9d000 DEOPT UNPACKING pc=0x00000000034475bf sp=0x000000001f40ea38 mode 0


Dynamic libraries:
0x00007ff7d5d10000 - 0x00007ff7d5d41000 	C:\Program Files\Android\Android Studio\jre\bin\java.exe
0x00007ff809440000 - 0x00007ff809611000 	C:\WINDOWS\SYSTEM32\ntdll.dll
0x00007ff8078f0000 - 0x00007ff80799c000 	C:\WINDOWS\System32\KERNEL32.DLL
0x00007ff805a30000 - 0x00007ff805c4d000 	C:\WINDOWS\System32\KERNELBASE.dll
0x00007ff8069d0000 - 0x00007ff806a72000 	C:\WINDOWS\System32\ADVAPI32.dll
0x00007ff8073e0000 - 0x00007ff80747e000 	C:\WINDOWS\System32\msvcrt.dll
0x00007ff8074a0000 - 0x00007ff8074f9000 	C:\WINDOWS\System32\sechost.dll
0x00007ff809300000 - 0x00007ff809421000 	C:\WINDOWS\System32\RPCRT4.dll
0x00007ff809180000 - 0x00007ff8092e5000 	C:\WINDOWS\System32\USER32.dll
0x00007ff806730000 - 0x00007ff80674e000 	C:\WINDOWS\System32\win32u.dll
0x00007ff8073a0000 - 0x00007ff8073d4000 	C:\WINDOWS\System32\GDI32.dll
0x00007ff806330000 - 0x00007ff8064b2000 	C:\WINDOWS\System32\gdi32full.dll
0x00007ffffbe60000 - 0x00007ffffc0da000 	C:\WINDOWS\WinSxS\amd64_microsoft.windows.common-controls_6595b64144ccf1df_6.0.14393.953_none_42151e83c686086b\COMCTL32.dll
0x00007ff8079a0000 - 0x00007ff807c68000 	C:\WINDOWS\System32\combase.dll
0x00007ff806520000 - 0x00007ff806615000 	C:\WINDOWS\System32\ucrtbase.dll
0x00007ff806620000 - 0x00007ff80668a000 	C:\WINDOWS\System32\bcryptPrimitives.dll
0x00007ff807740000 - 0x00007ff80776e000 	C:\WINDOWS\System32\IMM32.DLL
0x0000000075f90000 - 0x0000000076062000 	C:\Program Files\Android\Android Studio\jre\jre\bin\msvcr100.dll
0x00000000763b0000 - 0x0000000076bec000 	C:\Program Files\Android\Android Studio\jre\jre\bin\server\jvm.dll
0x00007ff8092f0000 - 0x00007ff8092f8000 	C:\WINDOWS\System32\PSAPI.DLL
0x00007ffff8450000 - 0x00007ffff845a000 	C:\WINDOWS\SYSTEM32\VERSION.dll
0x00007ff803750000 - 0x00007ff803773000 	C:\WINDOWS\SYSTEM32\WINMM.dll
0x00007ff803be0000 - 0x00007ff803be9000 	C:\WINDOWS\SYSTEM32\WSOCK32.dll
0x0000000001ae0000 - 0x0000000001b0b000 	C:\WINDOWS\SYSTEM32\WINMMBASE.dll
0x00007ff8077e0000 - 0x00007ff80784a000 	C:\WINDOWS\System32\WS2_32.dll
0x00007ff8059e0000 - 0x00007ff805a22000 	C:\WINDOWS\System32\cfgmgr32.dll
0x00007ff803c30000 - 0x00007ff803c3f000 	C:\Program Files\Android\Android Studio\jre\jre\bin\verify.dll
0x00007fffff820000 - 0x00007fffff849000 	C:\Program Files\Android\Android Studio\jre\jre\bin\java.dll
0x00007ff801fd0000 - 0x00007ff801fe6000 	C:\Program Files\Android\Android Studio\jre\jre\bin\zip.dll
0x00007ff807c70000 - 0x00007ff809178000 	C:\WINDOWS\System32\SHELL32.dll
0x00007ff805c50000 - 0x00007ff80632a000 	C:\WINDOWS\System32\windows.storage.dll
0x00007ff8058e0000 - 0x00007ff80592c000 	C:\WINDOWS\System32\powrprof.dll
0x00007ff807780000 - 0x00007ff8077d2000 	C:\WINDOWS\System32\shlwapi.dll
0x00007ff8058d0000 - 0x00007ff8058df000 	C:\WINDOWS\System32\kernel.appcore.dll
0x00007ff805930000 - 0x00007ff8059d9000 	C:\WINDOWS\System32\shcore.dll
0x00007ff8058a0000 - 0x00007ff8058b4000 	C:\WINDOWS\System32\profapi.dll

VM Arguments:
jvm_args: -Djava.awt.headless=true -Xmx4g -Dfile.encoding=windows-1251 -Duser.country=RU -Duser.language=ru -Duser.variant 
java_command: com.android.dx.command.Main --dex --num-threads=4 --multi-dex --main-dex-list C:\Users\User\Documents\GitHub\UTair\UTair\app\build\intermediates\multi-dex\debug\maindexlist.txt --output C:\Users\User\Documents\GitHub\UTair\UTair\app\build\intermediates\transforms\dex\debug\folders\1000\1f\main C:\Users\User\Documents\GitHub\UTair\UTair\app\build\intermediates\transforms\jarMerging\debug\jars\1\1f\combined.jar
java_class_path (initial): C:\Users\User\AppData\Local\Android\sdk\build-tools\25.0.2\lib\dx.jar
Launcher Type: SUN_STANDARD

Environment Variables:
PATH=C:\ProgramData\Oracle\Java\javapath;C:\Program Files\Broadcom\Broadcom 802.11 Network Adapter;C:\Program Files (x86)\NVIDIA Corporation\PhysX\Common;C:\Program Files (x86)\Intel\iCLS Client\;C:\Program Files\Intel\iCLS Client\;C:\Windows\system32;C:\Windows;C:\Windows\System32\Wbem;C:\Windows\System32\WindowsPowerShell\v1.0\;C:\Program Files\Intel\Intel(R) Management Engine Components\DAL;C:\Program Files\Intel\Intel(R) Management Engine Components\IPT;C:\Program Files (x86)\Intel\Intel(R) Management Engine Components\DAL;C:\Program Files (x86)\Intel\Intel(R) Management Engine Components\IPT;C:\Program Files\WIDCOMM\Bluetooth Software\;C:\Program Files\WIDCOMM\Bluetooth Software\syswow64;C:\Program Files\Acer\Remote Files\;C:\Program Files\OpenVPN\bin;C:\WINDOWS\system32;C:\WINDOWS;C:\WINDOWS\System32\Wbem;C:\WINDOWS\System32\WindowsPowerShell\v1.0\;C:\Users\User\AppData\Local\Microsoft\WindowsApps;
USERNAME=User
OS=Windows_NT
PROCESSOR_IDENTIFIER=Intel64 Family 6 Model 69 Stepping 1, GenuineIntel



---------------  S Y S T E M  ---------------

OS: Windows 10.0 , 64 bit Build 14393 (10.0.14393.1198)

CPU:total 4 (2 cores per cpu, 2 threads per core) family 6 model 69 stepping 1, cmov, cx8, fxsr, mmx, sse, sse2, sse3, ssse3, sse4.1, sse4.2, popcnt, avx, avx2, aes, clmul, erms, lzcnt, ht, tsc, tscinvbit, bmi1, bmi2

Memory: 4k page, physical 8310040k(1485324k free), swap 12406040k(4452k free)

vm_info: OpenJDK 64-Bit Server VM (25.112-b06) for windows-amd64 JRE (1.8.0_112-release-b06), built on Dec  8 2016 00:54:26 by "builder" with MS VC++ 10.0 (VS2010)

time: Mon May 22 20:03:07 2017
elapsed time: 6 seconds (0d 0h 0m 6s)

