#
# There is insufficient memory for the Java Runtime Environment to continue.
# Native memory allocation (malloc) failed to allocate 477536 bytes for Chunk::new
# Possible reasons:
#   The system is out of physical RAM or swap space
#   In 32 bit mode, the process size limit was hit
# Possible solutions:
#   Reduce memory load on the system
#   Increase physical memory or swap space
#   Check if swap backing store is full
#   Use 64 bit Java on a 64 bit OS
#   Decrease Java heap size (-Xmx/-Xms)
#   Decrease number of Java threads
#   Decrease Java thread stack sizes (-Xss)
#   Set larger code cache with -XX:ReservedCodeCacheSize=
# This output file may be truncated or incomplete.
#
#  Out of Memory Error (allocation.cpp:390), pid=1212, tid=0x00000000000030fc
#
# JRE version: OpenJDK Runtime Environment (8.0_112-b06) (build 1.8.0_112-release-b06)
# Java VM: OpenJDK 64-Bit Server VM (25.112-b06 mixed mode windows-amd64 compressed oops)
# Failed to write core dump. Minidumps are not enabled by default on client versions of Windows
#

---------------  T H R E A D  ---------------

Current thread (0x000000001bf00000):  JavaThread "C2 CompilerThread1" daemon [_thread_in_native, id=12540, stack(0x000000001d660000,0x000000001d760000)]

Stack: [0x000000001d660000,0x000000001d760000]
[error occurred during error reporting (printing stack bounds), id 0xc0000005]

Native frames: (J=compiled Java code, j=interpreted, Vv=VM code, C=native code)


Current CompileTask:
C2:  22899 2411       4       com.android.dx.ssa.SsaConverter::placePhiFunctions (394 bytes)


---------------  P R O C E S S  ---------------

Java Threads: ( => current thread )
  0x000000001dbdc000 JavaThread "pool-2-thread-4" [_thread_in_Java, id=7500, stack(0x000000001ea60000,0x000000001eb60000)]
  0x000000001dbe1000 JavaThread "pool-2-thread-3" [_thread_blocked, id=11108, stack(0x000000001e960000,0x000000001ea60000)]
  0x000000001dbe0800 JavaThread "pool-2-thread-2" [_thread_blocked, id=15612, stack(0x000000001e860000,0x000000001e960000)]
  0x000000001dbdf800 JavaThread "pool-3-thread-1" [_thread_blocked, id=16180, stack(0x000000001e760000,0x000000001e860000)]
  0x000000001daba800 JavaThread "pool-2-thread-1" [_thread_in_Java, id=11544, stack(0x000000001e660000,0x000000001e760000)]
  0x000000001d890800 JavaThread "Service Thread" daemon [_thread_blocked, id=15196, stack(0x000000001dc60000,0x000000001dd60000)]
  0x000000001bf03800 JavaThread "C1 CompilerThread2" daemon [_thread_blocked, id=15288, stack(0x000000001d760000,0x000000001d860000)]
=>0x000000001bf00000 JavaThread "C2 CompilerThread1" daemon [_thread_in_native, id=12540, stack(0x000000001d660000,0x000000001d760000)]
  0x000000001befd000 JavaThread "C2 CompilerThread0" daemon [_thread_in_native, id=12152, stack(0x000000001d560000,0x000000001d660000)]
  0x000000001befb800 JavaThread "Attach Listener" daemon [_thread_blocked, id=13304, stack(0x000000001d460000,0x000000001d560000)]
  0x000000001befa000 JavaThread "Signal Dispatcher" daemon [_thread_blocked, id=16864, stack(0x000000001d360000,0x000000001d460000)]
  0x000000000137b800 JavaThread "Finalizer" daemon [_thread_blocked, id=4656, stack(0x000000001d170000,0x000000001d270000)]
  0x0000000001370800 JavaThread "Reference Handler" daemon [_thread_blocked, id=732, stack(0x000000001d070000,0x000000001d170000)]
  0x0000000001280800 JavaThread "main" [_thread_in_native, id=15632, stack(0x0000000001140000,0x0000000001240000)]

Other Threads:
  0x000000001bec5000 VMThread [stack: 0x000000001cf70000,0x000000001d070000] [id=11352]
  0x000000001bf5e800 WatcherThread [stack: 0x000000001dd60000,0x000000001de60000] [id=12236]

VM state:not at safepoint (normal execution)

VM Mutex/Monitor currently owned by a thread: None

Heap:
 PSYoungGen      total 462848K, used 284480K [0x000000076ab00000, 0x000000078df80000, 0x00000007c0000000)
  eden space 404480K, 70% used [0x000000076ab00000,0x000000077c0d0238,0x0000000783600000)
  from space 58368K, 0% used [0x0000000789500000,0x0000000789500000,0x000000078ce00000)
  to   space 17920K, 0% used [0x000000078ce00000,0x000000078ce00000,0x000000078df80000)
 ParOldGen       total 219648K, used 219301K [0x00000006c0000000, 0x00000006cd680000, 0x000000076ab00000)
  object space 219648K, 99% used [0x00000006c0000000,0x00000006cd629500,0x00000006cd680000)
 Metaspace       used 6404K, capacity 7280K, committed 7552K, reserved 1056768K
  class space    used 587K, capacity 616K, committed 640K, reserved 1048576K

Card table byte_map: [0x0000000001740000,0x0000000001f50000] byte_map_base: 0xfffffffffe140000

Marking Bits: (ParMarkBitMap*) 0x0000000076b718f0
 Begin Bits: [0x0000000012d60000, 0x0000000016d60000)
 End Bits:   [0x0000000016d60000, 0x000000001ad60000)

Polling page: 0x0000000000990000

CodeCache: size=245760Kb used=10878Kb max_used=10893Kb free=234881Kb
 bounds [0x0000000003400000, 0x0000000003eb0000, 0x0000000012400000]
 total_blobs=2543 nmethods=2280 adapters=176
 compilation: enabled

Compilation events (10 events):
Event: 22.706 Thread 0x000000001bf00000 nmethod 1488 0x0000000003e642d0 code [0x0000000003e64420, 0x0000000003e645f8]
Event: 22.706 Thread 0x000000001bf00000 1505       4       com.android.dx.ssa.SsaRenamer$BlockRenamer::processResultReg (56 bytes)
Event: 22.722 Thread 0x000000001bf00000 nmethod 1505 0x0000000003e658d0 code [0x0000000003e65a60, 0x0000000003e66268]
Event: 22.722 Thread 0x000000001bf00000 1604       4       java.util.ArrayList$SubList::checkForComodification (23 bytes)
Event: 22.722 Thread 0x000000001bf00000 nmethod 1604 0x00000000039e9a10 code [0x00000000039e9b40, 0x00000000039e9bd8]
Event: 22.722 Thread 0x000000001bf00000 1678       4       com.android.dx.ssa.back.FirstFitLocalCombiningAllocator$1::processInsn (169 bytes)
Event: 22.823 Thread 0x000000001bf00000 nmethod 1678 0x0000000003ea8f50 code [0x0000000003ea9180, 0x0000000003eaa948]
Event: 22.823 Thread 0x000000001bf00000 2435       4       com.android.dx.rop.cst.CstString::stringToUtf8Bytes (175 bytes)
Event: 22.832 Thread 0x000000001bf00000 nmethod 2435 0x0000000003e65050 code [0x0000000003e651a0, 0x0000000003e65638]
Event: 22.832 Thread 0x000000001bf00000 2411       4       com.android.dx.ssa.SsaConverter::placePhiFunctions (394 bytes)

GC Heap History (10 events):
Event: 8.950 GC heap before
{Heap before GC invocations=10 (full 1):
 PSYoungGen      total 378880K, used 378699K [0x000000076ab00000, 0x0000000790700000, 0x00000007c0000000)
  eden space 337920K, 100% used [0x000000076ab00000,0x000000077f500000,0x000000077f500000)
  from space 40960K, 99% used [0x000000078df00000,0x00000007906d2f18,0x0000000790700000)
  to   space 58368K, 0% used [0x0000000789500000,0x0000000789500000,0x000000078ce00000)
 ParOldGen       total 172544K, used 87049K [0x00000006c0000000, 0x00000006ca880000, 0x000000076ab00000)
  object space 172544K, 50% used [0x00000006c0000000,0x00000006c5502518,0x00000006ca880000)
 Metaspace       used 6373K, capacity 7280K, committed 7552K, reserved 1056768K
  class space    used 586K, capacity 616K, committed 640K, reserved 1048576K
Event: 9.231 GC heap after
Heap after GC invocations=10 (full 1):
 PSYoungGen      total 462848K, used 58338K [0x000000076ab00000, 0x000000078df80000, 0x00000007c0000000)
  eden space 404480K, 0% used [0x000000076ab00000,0x000000076ab00000,0x0000000783600000)
  from space 58368K, 99% used [0x0000000789500000,0x000000078cdf8898,0x000000078ce00000)
  to   space 17920K, 0% used [0x000000078ce00000,0x000000078ce00000,0x000000078df80000)
 ParOldGen       total 172544K, used 120914K [0x00000006c0000000, 0x00000006ca880000, 0x000000076ab00000)
  object space 172544K, 70% used [0x00000006c0000000,0x00000006c7614820,0x00000006ca880000)
 Metaspace       used 6373K, capacity 7280K, committed 7552K, reserved 1056768K
  class space    used 586K, capacity 616K, committed 640K, reserved 1048576K
}
Event: 11.268 GC heap before
{Heap before GC invocations=11 (full 1):
 PSYoungGen      total 462848K, used 462818K [0x000000076ab00000, 0x000000078df80000, 0x00000007c0000000)
  eden space 404480K, 100% used [0x000000076ab00000,0x0000000783600000,0x0000000783600000)
  from space 58368K, 99% used [0x0000000789500000,0x000000078cdf8898,0x000000078ce00000)
  to   space 17920K, 0% used [0x000000078ce00000,0x000000078ce00000,0x000000078df80000)
 ParOldGen       total 172544K, used 120914K [0x00000006c0000000, 0x00000006ca880000, 0x000000076ab00000)
  object space 172544K, 70% used [0x00000006c0000000,0x00000006c7614820,0x00000006ca880000)
 Metaspace       used 6394K, capacity 7280K, committed 7552K, reserved 1056768K
  class space    used 586K, capacity 616K, committed 640K, reserved 1048576K
Event: 11.733 GC heap after
Heap after GC invocations=11 (full 1):
 PSYoungGen      total 462848K, used 462818K [0x000000076ab00000, 0x000000078df80000, 0x00000007c0000000)
  eden space 404480K, 100% used [0x000000076ab00000,0x0000000783600000,0x0000000783600000)
  from space 58368K, 99% used [0x0000000789500000,0x000000078cdf8898,0x000000078ce00000)
  to   space 17920K, 99% used [0x000000078ce00000,0x000000078df7e188,0x000000078df80000)
 ParOldGen       total 219648K, used 219307K [0x00000006c0000000, 0x00000006cd680000, 0x000000076ab00000)
  object space 219648K, 99% used [0x00000006c0000000,0x00000006cd62af20,0x00000006cd680000)
 Metaspace       used 6394K, capacity 7280K, committed 7552K, reserved 1056768K
  class space    used 586K, capacity 616K, committed 640K, reserved 1048576K
}
Event: 11.733 GC heap before
{Heap before GC invocations=12 (full 2):
 PSYoungGen      total 462848K, used 462818K [0x000000076ab00000, 0x000000078df80000, 0x00000007c0000000)
  eden space 404480K, 100% used [0x000000076ab00000,0x0000000783600000,0x0000000783600000)
  from space 58368K, 99% used [0x0000000789500000,0x000000078cdf8898,0x000000078ce00000)
  to   space 17920K, 99% used [0x000000078ce00000,0x000000078df7e188,0x000000078df80000)
 ParOldGen       total 219648K, used 219307K [0x00000006c0000000, 0x00000006cd680000, 0x000000076ab00000)
  object space 219648K, 99% used [0x00000006c0000000,0x00000006cd62af20,0x00000006cd680000)
 Metaspace       used 6394K, capacity 7280K, committed 7552K, reserved 1056768K
  class space    used 586K, capacity 616K, committed 640K, reserved 1048576K
Event: 13.939 GC heap after
Heap after GC invocations=12 (full 2):
 PSYoungGen      total 462848K, used 0K [0x000000076ab00000, 0x000000078df80000, 0x00000007c0000000)
  eden space 404480K, 0% used [0x000000076ab00000,0x000000076ab00000,0x0000000783600000)
  from space 58368K, 0% used [0x0000000789500000,0x0000000789500000,0x000000078ce00000)
  to   space 17920K, 82% used [0x000000078ce00000,0x000000078dc62c98,0x000000078df80000)
 ParOldGen       total 219648K, used 219277K [0x00000006c0000000, 0x00000006cd680000, 0x000000076ab00000)
  object space 219648K, 99% used [0x00000006c0000000,0x00000006cd623668,0x00000006cd680000)
 Metaspace       used 6394K, capacity 7280K, committed 7552K, reserved 1056768K
  class space    used 586K, capacity 616K, committed 640K, reserved 1048576K
}
Event: 15.665 GC heap before
{Heap before GC invocations=13 (full 3):
 PSYoungGen      total 462848K, used 404480K [0x000000076ab00000, 0x000000078df80000, 0x00000007c0000000)
  eden space 404480K, 100% used [0x000000076ab00000,0x0000000783600000,0x0000000783600000)
  from space 58368K, 0% used [0x0000000789500000,0x0000000789500000,0x000000078ce00000)
  to   space 17920K, 82% used [0x000000078ce00000,0x000000078dc62c98,0x000000078df80000)
 ParOldGen       total 219648K, used 219277K [0x00000006c0000000, 0x00000006cd680000, 0x000000076ab00000)
  object space 219648K, 99% used [0x00000006c0000000,0x00000006cd623668,0x00000006cd680000)
 Metaspace       used 6400K, capacity 7280K, committed 7552K, reserved 1056768K
  class space    used 586K, capacity 616K, committed 640K, reserved 1048576K
Event: 17.442 GC heap after
Heap after GC invocations=13 (full 3):
 PSYoungGen      total 462848K, used 72063K [0x000000076ab00000, 0x000000078df80000, 0x00000007c0000000)
  eden space 404480K, 17% used [0x000000076ab00000,0x000000076f15fc60,0x0000000783600000)
  from space 58368K, 0% used [0x0000000789500000,0x0000000789500000,0x000000078ce00000)
  to   space 17920K, 0% used [0x000000078ce00000,0x000000078ce00000,0x000000078df80000)
 ParOldGen       total 219648K, used 219601K [0x00000006c0000000, 0x00000006cd680000, 0x000000076ab00000)
  object space 219648K, 99% used [0x00000006c0000000,0x00000006cd6745c8,0x00000006cd680000)
 Metaspace       used 6400K, capacity 7280K, committed 7552K, reserved 1056768K
  class space    used 586K, capacity 616K, committed 640K, reserved 1048576K
}
Event: 19.914 GC heap before
{Heap before GC invocations=14 (full 4):
 PSYoungGen      total 462848K, used 404480K [0x000000076ab00000, 0x000000078df80000, 0x00000007c0000000)
  eden space 404480K, 100% used [0x000000076ab00000,0x0000000783600000,0x0000000783600000)
  from space 58368K, 0% used [0x0000000789500000,0x0000000789500000,0x000000078ce00000)
  to   space 17920K, 0% used [0x000000078ce00000,0x000000078ce00000,0x000000078df80000)
 ParOldGen       total 219648K, used 219601K [0x00000006c0000000, 0x00000006cd680000, 0x000000076ab00000)
  object space 219648K, 99% used [0x00000006c0000000,0x00000006cd6745c8,0x00000006cd680000)
 Metaspace       used 6402K, capacity 7280K, committed 7552K, reserved 1056768K
  class space    used 586K, capacity 616K, committed 640K, reserved 1048576K
Event: 22.131 GC heap after
Heap after GC invocations=14 (full 4):
 PSYoungGen      total 462848K, used 124069K [0x000000076ab00000, 0x000000078df80000, 0x00000007c0000000)
  eden space 404480K, 30% used [0x000000076ab00000,0x00000007724294e8,0x0000000783600000)
  from space 58368K, 0% used [0x0000000789500000,0x0000000789500000,0x000000078ce00000)
  to   space 17920K, 0% used [0x000000078ce00000,0x000000078ce00000,0x000000078df80000)
 ParOldGen       total 219648K, used 219301K [0x00000006c0000000, 0x00000006cd680000, 0x000000076ab00000)
  object space 219648K, 99% used [0x00000006c0000000,0x00000006cd629500,0x00000006cd680000)
 Metaspace       used 6402K, capacity 7280K, committed 7552K, reserved 1056768K
  class space    used 586K, capacity 616K, committed 640K, reserved 1048576K
}

Deoptimization events (10 events):
Event: 9.246 Thread 0x000000001dbe0800 Uncommon trap: reason=unstable_if action=reinterpret pc=0x00000000038b6f48 method=com.android.dx.ssa.SsaMethod.getExitBlock()Lcom/android/dx/ssa/SsaBasicBlock; @ 4
Event: 9.246 Thread 0x000000001dbe0800 Uncommon trap: reason=unstable_if action=reinterpret pc=0x00000000037bb2bc method=com.android.dx.ssa.SsaMethod.getExitBlock()Lcom/android/dx/ssa/SsaBasicBlock; @ 4
Event: 10.069 Thread 0x000000001dbe0800 Uncommon trap: reason=unstable_if action=reinterpret pc=0x0000000003cfac64 method=com.android.dx.ssa.SCCP.simulateBranch(Lcom/android/dx/ssa/SsaInsn;)V @ 140
Event: 14.024 Thread 0x0000000001280800 Uncommon trap: reason=unstable_if action=reinterpret pc=0x0000000003815d3c method=com.android.dx.rop.code.RegisterSpec.equals(ILcom/android/dx/rop/type/TypeBearer;Lcom/android/dx/rop/code/LocalItem;)Z @ 42
Event: 17.853 Thread 0x000000001daba800 Uncommon trap: reason=bimorphic action=maybe_recompile pc=0x0000000003c82ee0 method=com.android.dx.cf.code.BytecodeArray.parseInstruction(ILcom/android/dx/cf/code/BytecodeArray$Visitor;)I @ 1612
Event: 17.853 Thread 0x000000001daba800 Uncommon trap: reason=bimorphic action=maybe_recompile pc=0x0000000003c82ee0 method=com.android.dx.cf.code.BytecodeArray.parseInstruction(ILcom/android/dx/cf/code/BytecodeArray$Visitor;)I @ 1612
Event: 19.787 Thread 0x0000000001280800 Uncommon trap: reason=speculate_class_check action=maybe_recompile pc=0x0000000003de9568 method=com.android.dx.rop.cst.TypedConstant.getBasicType()I @ 1
Event: 19.787 Thread 0x0000000001280800 Uncommon trap: reason=speculate_class_check action=maybe_recompile pc=0x0000000003de9568 method=com.android.dx.rop.cst.TypedConstant.getBasicType()I @ 1
Event: 19.804 Thread 0x0000000001280800 Uncommon trap: reason=speculate_class_check action=maybe_recompile pc=0x0000000003de9568 method=com.android.dx.rop.cst.TypedConstant.getBasicType()I @ 1
Event: 19.804 Thread 0x0000000001280800 Uncommon trap: reason=speculate_class_check action=maybe_recompile pc=0x0000000003de9568 method=com.android.dx.rop.cst.TypedConstant.getBasicType()I @ 1

Internal exceptions (8 events):
Event: 0.028 Thread 0x0000000001280800 Exception <a 'java/lang/NoSuchMethodError': Method sun.misc.Unsafe.defineClass(Ljava/lang/String;[BII)Ljava/lang/Class; name or signature does not match> (0x000000076ab07c78) thrown at [C:\src\android\AOSP-openjdk\external\jetbrains\jdk\hotspot\src\share\vO≈ø?ù?
Event: 0.028 Thread 0x0000000001280800 Exception <a 'java/lang/NoSuchMethodError': Method sun.misc.Unsafe.prefetchRead(Ljava/lang/Object;J)V name or signature does not match> (0x000000076ab07f60) thrown at [C:\src\android\AOSP-openjdk\external\jetbrains\jdk\hotspot\src\share\vm\prims\jni.cpp, lﬁ©øV’◊Ë?
Event: 0.776 Thread 0x000000001dbe0800 Implicit null exception at 0x00000000037979e2 to 0x0000000003797ae2
Event: 0.936 Thread 0x000000001dbe1000 Implicit null exception at 0x00000000037bbbb2 to 0x00000000037be269
Event: 1.447 Thread 0x000000001dbe0800 Implicit null exception at 0x000000000387daed to 0x000000000387dcb9
Event: 1.610 Thread 0x000000001daba800 Exception <a 'java/lang/ArrayIndexOutOfBoundsException': 18> (0x000000076cb40e58) thrown at [C:\src\android\AOSP-openjdk\external\jetbrains\jdk\hotspot\src\share\vm\interpreter\interpreterRuntime.cpp, line 366]
Event: 1.610 Thread 0x000000001daba800 Exception <a 'java/lang/ArrayIndexOutOfBoundsException'> (0x000000076cb429d8) thrown at [C:\src\android\AOSP-openjdk\external\jetbrains\jdk\hotspot\src\share\vm\runtime\sharedRuntime.cpp, line 605]
Event: 1.611 Thread 0x000000001daba800 Exception <a 'java/lang/ArrayIndexOutOfBoundsException'> (0x000000076cb43cc0) thrown at [C:\src\android\AOSP-openjdk\external\jetbrains\jdk\hotspot\src\share\vm\runtime\sharedRuntime.cpp, line 605]

Events (10 events):
Event: 22.559 Thread 0x0000000001280800 DEOPT PACKING pc=0x000000000389ea91 sp=0x000000000123e380
Event: 22.559 Thread 0x0000000001280800 DEOPT UNPACKING pc=0x00000000034475bf sp=0x000000000123e1b0 mode 0
Event: 22.679 Thread 0x000000001dbe0800 DEOPT PACKING pc=0x0000000003905981 sp=0x000000001e95e610
Event: 22.679 Thread 0x000000001dbe0800 DEOPT UNPACKING pc=0x00000000034475bf sp=0x000000001e95e3a0 mode 0
Event: 22.733 loading class com/android/dx/cf/iface/ParseObserver
Event: 22.733 loading class com/android/dx/cf/iface/ParseObserver done
Event: 22.765 Thread 0x000000001dbdc000 DEOPT PACKING pc=0x000000000389ea91 sp=0x000000001eb5e6b0
Event: 22.765 Thread 0x000000001dbdc000 DEOPT UNPACKING pc=0x00000000034475bf sp=0x000000001eb5e4e0 mode 0
Event: 22.814 Thread 0x000000001dbe0800 DEOPT PACKING pc=0x000000000389ea91 sp=0x000000001e95e550
Event: 22.814 Thread 0x000000001dbe0800 DEOPT UNPACKING pc=0x00000000034475bf sp=0x000000001e95e380 mode 0


Dynamic libraries:
0x00007ff7d6af0000 - 0x00007ff7d6b21000 	C:\Program Files\Android\Android Studio\jre\bin\java.exe
0x00007ff809440000 - 0x00007ff809611000 	C:\WINDOWS\SYSTEM32\ntdll.dll
0x00007ff8078f0000 - 0x00007ff80799c000 	C:\WINDOWS\System32\KERNEL32.DLL
0x00007ff805a30000 - 0x00007ff805c4d000 	C:\WINDOWS\System32\KERNELBASE.dll
0x00007ff8069d0000 - 0x00007ff806a72000 	C:\WINDOWS\System32\ADVAPI32.dll
0x00007ff8073e0000 - 0x00007ff80747e000 	C:\WINDOWS\System32\msvcrt.dll
0x00007ff8074a0000 - 0x00007ff8074f9000 	C:\WINDOWS\System32\sechost.dll
0x00007ff809300000 - 0x00007ff809421000 	C:\WINDOWS\System32\RPCRT4.dll
0x00007ff809180000 - 0x00007ff8092e5000 	C:\WINDOWS\System32\USER32.dll
0x00007ff806730000 - 0x00007ff80674e000 	C:\WINDOWS\System32\win32u.dll
0x00007ff8073a0000 - 0x00007ff8073d4000 	C:\WINDOWS\System32\GDI32.dll
0x00007ff806330000 - 0x00007ff8064b2000 	C:\WINDOWS\System32\gdi32full.dll
0x00007ffffbe60000 - 0x00007ffffc0da000 	C:\WINDOWS\WinSxS\amd64_microsoft.windows.common-controls_6595b64144ccf1df_6.0.14393.953_none_42151e83c686086b\COMCTL32.dll
0x00007ff8079a0000 - 0x00007ff807c68000 	C:\WINDOWS\System32\combase.dll
0x00007ff806520000 - 0x00007ff806615000 	C:\WINDOWS\System32\ucrtbase.dll
0x00007ff806620000 - 0x00007ff80668a000 	C:\WINDOWS\System32\bcryptPrimitives.dll
0x00007ff807740000 - 0x00007ff80776e000 	C:\WINDOWS\System32\IMM32.DLL
0x0000000077cc0000 - 0x0000000077d92000 	C:\Program Files\Android\Android Studio\jre\jre\bin\msvcr100.dll
0x00000000763b0000 - 0x0000000076bec000 	C:\Program Files\Android\Android Studio\jre\jre\bin\server\jvm.dll
0x00007ff8092f0000 - 0x00007ff8092f8000 	C:\WINDOWS\System32\PSAPI.DLL
0x00007ff803750000 - 0x00007ff803773000 	C:\WINDOWS\SYSTEM32\WINMM.dll
0x00007ffff8450000 - 0x00007ffff845a000 	C:\WINDOWS\SYSTEM32\VERSION.dll
0x00007ff803be0000 - 0x00007ff803be9000 	C:\WINDOWS\SYSTEM32\WSOCK32.dll
0x00000000010d0000 - 0x00000000010fb000 	C:\WINDOWS\SYSTEM32\WINMMBASE.dll
0x00007ff8077e0000 - 0x00007ff80784a000 	C:\WINDOWS\System32\WS2_32.dll
0x00007ff8059e0000 - 0x00007ff805a22000 	C:\WINDOWS\System32\cfgmgr32.dll
0x00007ff802990000 - 0x00007ff80299f000 	C:\Program Files\Android\Android Studio\jre\jre\bin\verify.dll
0x00007ff8002d0000 - 0x00007ff8002f9000 	C:\Program Files\Android\Android Studio\jre\jre\bin\java.dll
0x00007ff801fd0000 - 0x00007ff801fe6000 	C:\Program Files\Android\Android Studio\jre\jre\bin\zip.dll
0x00007ff807c70000 - 0x00007ff809178000 	C:\WINDOWS\System32\SHELL32.dll
0x00007ff805c50000 - 0x00007ff80632a000 	C:\WINDOWS\System32\windows.storage.dll
0x00007ff8058e0000 - 0x00007ff80592c000 	C:\WINDOWS\System32\powrprof.dll
0x00007ff807780000 - 0x00007ff8077d2000 	C:\WINDOWS\System32\shlwapi.dll
0x00007ff8058d0000 - 0x00007ff8058df000 	C:\WINDOWS\System32\kernel.appcore.dll
0x00007ff805930000 - 0x00007ff8059d9000 	C:\WINDOWS\System32\shcore.dll
0x00007ff8058a0000 - 0x00007ff8058b4000 	C:\WINDOWS\System32\profapi.dll

VM Arguments:
jvm_args: -Djava.awt.headless=true -Xmx4g -Dfile.encoding=windows-1251 -Duser.country=RU -Duser.language=ru -Duser.variant 
java_command: com.android.dx.command.Main --dex --num-threads=4 --multi-dex --main-dex-list C:\Users\User\Documents\GitHub\UTair\UTair\app\build\intermediates\multi-dex\debug\maindexlist.txt --output C:\Users\User\Documents\GitHub\UTair\UTair\app\build\intermediates\transforms\dex\debug\folders\1000\1f\main C:\Users\User\Documents\GitHub\UTair\UTair\app\build\intermediates\transforms\jarMerging\debug\jars\1\1f\combined.jar
java_class_path (initial): C:\Users\User\AppData\Local\Android\sdk\build-tools\25.0.2\lib\dx.jar
Launcher Type: SUN_STANDARD

Environment Variables:
PATH=C:\ProgramData\Oracle\Java\javapath;C:\Program Files\Broadcom\Broadcom 802.11 Network Adapter;C:\Program Files (x86)\NVIDIA Corporation\PhysX\Common;C:\Program Files (x86)\Intel\iCLS Client\;C:\Program Files\Intel\iCLS Client\;C:\Windows\system32;C:\Windows;C:\Windows\System32\Wbem;C:\Windows\System32\WindowsPowerShell\v1.0\;C:\Program Files\Intel\Intel(R) Management Engine Components\DAL;C:\Program Files\Intel\Intel(R) Management Engine Components\IPT;C:\Program Files (x86)\Intel\Intel(R) Management Engine Components\DAL;C:\Program Files (x86)\Intel\Intel(R) Management Engine Components\IPT;C:\Program Files\WIDCOMM\Bluetooth Software\;C:\Program Files\WIDCOMM\Bluetooth Software\syswow64;C:\Program Files\Acer\Remote Files\;C:\Program Files\OpenVPN\bin;C:\WINDOWS\system32;C:\WINDOWS;C:\WINDOWS\System32\Wbem;C:\WINDOWS\System32\WindowsPowerShell\v1.0\;C:\Users\User\AppData\Local\Microsoft\WindowsApps;
USERNAME=User
OS=Windows_NT
PROCESSOR_IDENTIFIER=Intel64 Family 6 Model 69 Stepping 1, GenuineIntel



---------------  S Y S T E M  ---------------

OS: Windows 10.0 , 64 bit Build 14393 (10.0.14393.1198)

CPU:total 4 (2 cores per cpu, 2 threads per core) family 6 model 69 stepping 1, cmov, cx8, fxsr, mmx, sse, sse2, sse3, ssse3, sse4.1, sse4.2, popcnt, avx, avx2, aes, clmul, erms, lzcnt, ht, tsc, tscinvbit, bmi1, bmi2

Memory: 4k page, physical 8310040k(763568k free), swap 12406040k(4800k free)

vm_info: OpenJDK 64-Bit Server VM (25.112-b06) for windows-amd64 JRE (1.8.0_112-release-b06), built on Dec  8 2016 00:54:26 by "builder" with MS VC++ 10.0 (VS2010)

time: Mon May 22 12:45:08 2017
elapsed time: 22 seconds (0d 0h 0m 22s)

